21-Apr-2022 21:01:26.572 INFO [main] org.apache.catalina.startup.VersionLoggerListener.log Server version name:   Apache Tomcat/9.0.56
21-Apr-2022 21:01:26.581 INFO [main] org.apache.catalina.startup.VersionLoggerListener.log Server built:          Dec 2 2021 14:30:07 UTC
21-Apr-2022 21:01:26.589 INFO [main] org.apache.catalina.startup.VersionLoggerListener.log Server version number: 9.0.56.0
21-Apr-2022 21:01:26.590 INFO [main] org.apache.catalina.startup.VersionLoggerListener.log OS Name:               Windows 10
21-Apr-2022 21:01:26.590 INFO [main] org.apache.catalina.startup.VersionLoggerListener.log OS Version:            10.0
21-Apr-2022 21:01:26.590 INFO [main] org.apache.catalina.startup.VersionLoggerListener.log Architecture:          amd64
21-Apr-2022 21:01:26.591 INFO [main] org.apache.catalina.startup.VersionLoggerListener.log Java Home:             c:\jdk-14.0.2
21-Apr-2022 21:01:26.592 INFO [main] org.apache.catalina.startup.VersionLoggerListener.log JVM Version:           14.0.2+12-46
21-Apr-2022 21:01:26.593 INFO [main] org.apache.catalina.startup.VersionLoggerListener.log JVM Vendor:            Oracle Corporation
21-Apr-2022 21:01:26.594 INFO [main] org.apache.catalina.startup.VersionLoggerListener.log CATALINA_BASE:         C:\tomcat9
21-Apr-2022 21:01:26.595 INFO [main] org.apache.catalina.startup.VersionLoggerListener.log CATALINA_HOME:         C:\tomcat9
21-Apr-2022 21:01:26.626 INFO [main] org.apache.catalina.startup.VersionLoggerListener.log Command line argument: --add-opens=java.base/java.lang=ALL-UNNAMED
21-Apr-2022 21:01:26.627 INFO [main] org.apache.catalina.startup.VersionLoggerListener.log Command line argument: --add-opens=java.base/java.io=ALL-UNNAMED
21-Apr-2022 21:01:26.629 INFO [main] org.apache.catalina.startup.VersionLoggerListener.log Command line argument: --add-opens=java.base/java.util=ALL-UNNAMED
21-Apr-2022 21:01:26.630 INFO [main] org.apache.catalina.startup.VersionLoggerListener.log Command line argument: --add-opens=java.base/java.util.concurrent=ALL-UNNAMED
21-Apr-2022 21:01:26.631 INFO [main] org.apache.catalina.startup.VersionLoggerListener.log Command line argument: --add-opens=java.rmi/sun.rmi.transport=ALL-UNNAMED
21-Apr-2022 21:01:26.632 INFO [main] org.apache.catalina.startup.VersionLoggerListener.log Command line argument: -Djava.util.logging.config.file=c:\tomcat9\conf\logging.properties
21-Apr-2022 21:01:26.633 INFO [main] org.apache.catalina.startup.VersionLoggerListener.log Command line argument: -Djava.util.logging.manager=org.apache.juli.ClassLoaderLogManager
21-Apr-2022 21:01:26.634 INFO [main] org.apache.catalina.startup.VersionLoggerListener.log Command line argument: -Djdk.tls.ephemeralDHKeySize=2048
21-Apr-2022 21:01:26.636 INFO [main] org.apache.catalina.startup.VersionLoggerListener.log Command line argument: -Djava.protocol.handler.pkgs=org.apache.catalina.webresources
21-Apr-2022 21:01:26.637 INFO [main] org.apache.catalina.startup.VersionLoggerListener.log Command line argument: -Dignore.endorsed.dirs=
21-Apr-2022 21:01:26.637 INFO [main] org.apache.catalina.startup.VersionLoggerListener.log Command line argument: -Dcatalina.base=c:\tomcat9
21-Apr-2022 21:01:26.638 INFO [main] org.apache.catalina.startup.VersionLoggerListener.log Command line argument: -Dcatalina.home=c:\tomcat9
21-Apr-2022 21:01:26.639 INFO [main] org.apache.catalina.startup.VersionLoggerListener.log Command line argument: -Djava.io.tmpdir=c:\tomcat9\temp
21-Apr-2022 21:01:26.667 INFO [main] org.apache.catalina.core.AprLifecycleListener.lifecycleEvent The Apache Tomcat Native library which allows using OpenSSL was not found on the java.library.path: [c:\jdk-14.0.2\bin;C:\WINDOWS\Sun\Java\bin;C:\WINDOWS\system32;C:\WINDOWS;C:\WINDOWS\system32;C:\WINDOWS;C:\WINDOWS\System32\WbemC;C:\WINDOWS\System32\WindowsPowerShell\v1.0\;C:\WINDOWS\System32\OpenSSH\;C:\jdk-14.0.2\bin;C:\sqlite3;C:\mingw\bin;C:\Program Files\Microsoft SQL Server\Client SDK\ODBC\130\Tools\Binn\;C:\Program Files (x86)\Microsoft SQL Server\140\Tools\Binn\;C:\Program Files\Microsoft SQL Server\140\Tools\Binn\;C:\Program Files\Microsoft SQL Server\140\DTS\Binn\;C:\Program Files (x86)\Microsoft SQL Server\150\DTS\Binn\;C:\Program Files (x86)\mingw-w64\i686-8.1.0-posix-dwarf-rt_v6-rev0;C:\gradle-6.5\bin;C:\Program Files\Git\bin;C:\Program Files (x86)\CMake\bin;C:\opencv\build\mingw\bin;C:\WINDOWS\System32\Wbem;C:\Program Files\jEdit;C:\gstreamer\1.0\msvc_x86_64\bin;%GSTREAMER_ROOT_X86%\lib\gstreamer-1.0;GST_PLUGIN_SYSTEM_PATH;;;C:\Users\pradh\AppData\Local\Programs\Python\Python310\Scripts\;C:\Users\pradh\AppData\Local\Programs\Python\Python310\;C:\Program Files\MySQL\MySQL Shell 8.0\bin\;C:\Users\pradh\AppData\Local\Microsoft\WindowsApps;C:\sqlite3;C:\Users\pradh\AppData\Local\Programs\Microsoft VS Code\bin;C:\mingw\bin;C:\Program Files\Azure Data Studio\bin;C:\Users\pradh\AppData\Local\GitHubDesktop\bin;C:\Program Files (x86)\mingw-w64\i686-8.1.0-posix-dwarf-rt_v6-rev0;C:\gradle-6.5\bin;C:\jdk-14.0.2\bin;C:\Program Files\Git\bin;C:\opencv\build\mingw\bin;C:\gstreamer\1.0\msvc_x86_64\bin;;.]
21-Apr-2022 21:01:27.461 INFO [main] org.apache.coyote.AbstractProtocol.init Initializing ProtocolHandler ["http-nio-8080"]
21-Apr-2022 21:01:27.618 INFO [main] org.apache.catalina.startup.Catalina.load Server initialization in [1898] milliseconds
21-Apr-2022 21:01:27.722 INFO [main] org.apache.catalina.core.StandardService.startInternal Starting service [Catalina]
21-Apr-2022 21:01:27.723 INFO [main] org.apache.catalina.core.StandardEngine.startInternal Starting Servlet engine: [Apache Tomcat/9.0.56]
21-Apr-2022 21:01:27.744 INFO [main] org.apache.catalina.startup.HostConfig.deployDirectory Deploying web application directory [C:\tomcat9\webapps\docs]
21-Apr-2022 21:01:28.313 INFO [main] org.apache.catalina.startup.HostConfig.deployDirectory Deployment of web application directory [C:\tomcat9\webapps\docs] has finished in [568] ms
21-Apr-2022 21:01:28.315 INFO [main] org.apache.catalina.startup.HostConfig.deployDirectory Deploying web application directory [C:\tomcat9\webapps\examples]
21-Apr-2022 21:01:30.394 INFO [main] org.apache.catalina.startup.HostConfig.deployDirectory Deployment of web application directory [C:\tomcat9\webapps\examples] has finished in [2,080] ms
21-Apr-2022 21:01:30.396 INFO [main] org.apache.catalina.startup.HostConfig.deployDirectory Deploying web application directory [C:\tomcat9\webapps\five]
21-Apr-2022 21:01:30.518 INFO [main] org.apache.catalina.startup.HostConfig.deployDirectory Deployment of web application directory [C:\tomcat9\webapps\five] has finished in [122] ms
21-Apr-2022 21:01:30.519 INFO [main] org.apache.catalina.startup.HostConfig.deployDirectory Deploying web application directory [C:\tomcat9\webapps\four]
21-Apr-2022 21:01:30.632 INFO [main] org.apache.catalina.startup.HostConfig.deployDirectory Deployment of web application directory [C:\tomcat9\webapps\four] has finished in [113] ms
21-Apr-2022 21:01:30.633 INFO [main] org.apache.catalina.startup.HostConfig.deployDirectory Deploying web application directory [C:\tomcat9\webapps\host-manager]
21-Apr-2022 21:01:30.738 INFO [main] org.apache.catalina.startup.HostConfig.deployDirectory Deployment of web application directory [C:\tomcat9\webapps\host-manager] has finished in [105] ms
21-Apr-2022 21:01:30.739 INFO [main] org.apache.catalina.startup.HostConfig.deployDirectory Deploying web application directory [C:\tomcat9\webapps\manager]
21-Apr-2022 21:01:30.852 INFO [main] org.apache.catalina.startup.HostConfig.deployDirectory Deployment of web application directory [C:\tomcat9\webapps\manager] has finished in [114] ms
21-Apr-2022 21:01:30.858 INFO [main] org.apache.catalina.startup.HostConfig.deployDirectory Deploying web application directory [C:\tomcat9\webapps\one]
21-Apr-2022 21:01:30.963 INFO [main] org.apache.catalina.startup.HostConfig.deployDirectory Deployment of web application directory [C:\tomcat9\webapps\one] has finished in [105] ms
21-Apr-2022 21:01:30.967 INFO [main] org.apache.catalina.startup.HostConfig.deployDirectory Deploying web application directory [C:\tomcat9\webapps\ROOT]
21-Apr-2022 21:01:31.034 INFO [main] org.apache.catalina.startup.HostConfig.deployDirectory Deployment of web application directory [C:\tomcat9\webapps\ROOT] has finished in [67] ms
21-Apr-2022 21:01:31.036 INFO [main] org.apache.catalina.startup.HostConfig.deployDirectory Deploying web application directory [C:\tomcat9\webapps\styleone]
21-Apr-2022 21:01:32.377 INFO [main] org.apache.jasper.servlet.TldScanner.scanJars At least one JAR was scanned for TLDs yet contained no TLDs. Enable debug logging for this logger for a complete list of JARs that were scanned but no TLDs were found in them. Skipping unneeded JARs during scanning can improve startup time and JSP compilation time.
21-Apr-2022 21:01:32.383 INFO [main] org.apache.catalina.startup.HostConfig.deployDirectory Deployment of web application directory [C:\tomcat9\webapps\styleone] has finished in [1,347] ms
21-Apr-2022 21:01:32.385 INFO [main] org.apache.catalina.startup.HostConfig.deployDirectory Deploying web application directory [C:\tomcat9\webapps\stylethree]
21-Apr-2022 21:01:33.199 INFO [main] org.apache.jasper.servlet.TldScanner.scanJars At least one JAR was scanned for TLDs yet contained no TLDs. Enable debug logging for this logger for a complete list of JARs that were scanned but no TLDs were found in them. Skipping unneeded JARs during scanning can improve startup time and JSP compilation time.
21-Apr-2022 21:01:33.209 INFO [main] org.apache.catalina.startup.HostConfig.deployDirectory Deployment of web application directory [C:\tomcat9\webapps\stylethree] has finished in [825] ms
21-Apr-2022 21:01:33.210 INFO [main] org.apache.catalina.startup.HostConfig.deployDirectory Deploying web application directory [C:\tomcat9\webapps\styletwo]
21-Apr-2022 21:01:34.037 INFO [main] org.apache.jasper.servlet.TldScanner.scanJars At least one JAR was scanned for TLDs yet contained no TLDs. Enable debug logging for this logger for a complete list of JARs that were scanned but no TLDs were found in them. Skipping unneeded JARs during scanning can improve startup time and JSP compilation time.
21-Apr-2022 21:01:34.045 INFO [main] org.apache.catalina.startup.HostConfig.deployDirectory Deployment of web application directory [C:\tomcat9\webapps\styletwo] has finished in [836] ms
21-Apr-2022 21:01:34.046 INFO [main] org.apache.catalina.startup.HostConfig.deployDirectory Deploying web application directory [C:\tomcat9\webapps\three]
21-Apr-2022 21:01:34.165 INFO [main] org.apache.catalina.startup.HostConfig.deployDirectory Deployment of web application directory [C:\tomcat9\webapps\three] has finished in [118] ms
21-Apr-2022 21:01:34.165 INFO [main] org.apache.catalina.startup.HostConfig.deployDirectory Deploying web application directory [C:\tomcat9\webapps\two]
21-Apr-2022 21:01:34.280 INFO [main] org.apache.catalina.startup.HostConfig.deployDirectory Deployment of web application directory [C:\tomcat9\webapps\two] has finished in [114] ms
21-Apr-2022 21:01:34.281 INFO [main] org.apache.catalina.startup.HostConfig.deployDirectory Deploying web application directory [C:\tomcat9\webapps\vapasone]
21-Apr-2022 21:01:34.347 INFO [main] org.apache.catalina.startup.HostConfig.deployDirectory Deployment of web application directory [C:\tomcat9\webapps\vapasone] has finished in [66] ms
21-Apr-2022 21:01:34.357 INFO [main] org.apache.coyote.AbstractProtocol.start Starting ProtocolHandler ["http-nio-8080"]
21-Apr-2022 21:01:34.451 INFO [main] org.apache.catalina.startup.Catalina.start Server startup in [6829] milliseconds
21-Apr-2022 21:21:12.579 INFO [Thread-2] org.apache.coyote.AbstractProtocol.pause Pausing ProtocolHandler ["http-nio-8080"]
21-Apr-2022 21:21:12.601 INFO [Thread-2] org.apache.catalina.core.StandardService.stopInternal Stopping service [Catalina]
21-Apr-2022 21:21:12.711 INFO [Thread-2] org.apache.coyote.AbstractProtocol.stop Stopping ProtocolHandler ["http-nio-8080"]
21-Apr-2022 21:21:12.720 INFO [Thread-2] org.apache.coyote.AbstractProtocol.destroy Destroying ProtocolHandler ["http-nio-8080"]
21-Apr-2022 21:21:18.194 INFO [main] org.apache.catalina.startup.VersionLoggerListener.log Server version name:   Apache Tomcat/9.0.56
21-Apr-2022 21:21:18.200 INFO [main] org.apache.catalina.startup.VersionLoggerListener.log Server built:          Dec 2 2021 14:30:07 UTC
21-Apr-2022 21:21:18.201 INFO [main] org.apache.catalina.startup.VersionLoggerListener.log Server version number: 9.0.56.0
21-Apr-2022 21:21:18.201 INFO [main] org.apache.catalina.startup.VersionLoggerListener.log OS Name:               Windows 10
21-Apr-2022 21:21:18.202 INFO [main] org.apache.catalina.startup.VersionLoggerListener.log OS Version:            10.0
21-Apr-2022 21:21:18.202 INFO [main] org.apache.catalina.startup.VersionLoggerListener.log Architecture:          amd64
21-Apr-2022 21:21:18.202 INFO [main] org.apache.catalina.startup.VersionLoggerListener.log Java Home:             c:\jdk-14.0.2
21-Apr-2022 21:21:18.202 INFO [main] org.apache.catalina.startup.VersionLoggerListener.log JVM Version:           14.0.2+12-46
21-Apr-2022 21:21:18.203 INFO [main] org.apache.catalina.startup.VersionLoggerListener.log JVM Vendor:            Oracle Corporation
21-Apr-2022 21:21:18.204 INFO [main] org.apache.catalina.startup.VersionLoggerListener.log CATALINA_BASE:         C:\tomcat9
21-Apr-2022 21:21:18.205 INFO [main] org.apache.catalina.startup.VersionLoggerListener.log CATALINA_HOME:         C:\tomcat9
21-Apr-2022 21:21:18.226 INFO [main] org.apache.catalina.startup.VersionLoggerListener.log Command line argument: --add-opens=java.base/java.lang=ALL-UNNAMED
21-Apr-2022 21:21:18.226 INFO [main] org.apache.catalina.startup.VersionLoggerListener.log Command line argument: --add-opens=java.base/java.io=ALL-UNNAMED
21-Apr-2022 21:21:18.228 INFO [main] org.apache.catalina.startup.VersionLoggerListener.log Command line argument: --add-opens=java.base/java.util=ALL-UNNAMED
21-Apr-2022 21:21:18.229 INFO [main] org.apache.catalina.startup.VersionLoggerListener.log Command line argument: --add-opens=java.base/java.util.concurrent=ALL-UNNAMED
21-Apr-2022 21:21:18.231 INFO [main] org.apache.catalina.startup.VersionLoggerListener.log Command line argument: --add-opens=java.rmi/sun.rmi.transport=ALL-UNNAMED
21-Apr-2022 21:21:18.232 INFO [main] org.apache.catalina.startup.VersionLoggerListener.log Command line argument: -Djava.util.logging.config.file=c:\tomcat9\conf\logging.properties
21-Apr-2022 21:21:18.238 INFO [main] org.apache.catalina.startup.VersionLoggerListener.log Command line argument: -Djava.util.logging.manager=org.apache.juli.ClassLoaderLogManager
21-Apr-2022 21:21:18.239 INFO [main] org.apache.catalina.startup.VersionLoggerListener.log Command line argument: -Djdk.tls.ephemeralDHKeySize=2048
21-Apr-2022 21:21:18.240 INFO [main] org.apache.catalina.startup.VersionLoggerListener.log Command line argument: -Djava.protocol.handler.pkgs=org.apache.catalina.webresources
21-Apr-2022 21:21:18.241 INFO [main] org.apache.catalina.startup.VersionLoggerListener.log Command line argument: -Dignore.endorsed.dirs=
21-Apr-2022 21:21:18.242 INFO [main] org.apache.catalina.startup.VersionLoggerListener.log Command line argument: -Dcatalina.base=c:\tomcat9
21-Apr-2022 21:21:18.243 INFO [main] org.apache.catalina.startup.VersionLoggerListener.log Command line argument: -Dcatalina.home=c:\tomcat9
21-Apr-2022 21:21:18.243 INFO [main] org.apache.catalina.startup.VersionLoggerListener.log Command line argument: -Djava.io.tmpdir=c:\tomcat9\temp
21-Apr-2022 21:21:18.261 INFO [main] org.apache.catalina.core.AprLifecycleListener.lifecycleEvent The Apache Tomcat Native library which allows using OpenSSL was not found on the java.library.path: [c:\jdk-14.0.2\bin;C:\WINDOWS\Sun\Java\bin;C:\WINDOWS\system32;C:\WINDOWS;C:\WINDOWS\system32;C:\WINDOWS;C:\WINDOWS\System32\WbemC;C:\WINDOWS\System32\WindowsPowerShell\v1.0\;C:\WINDOWS\System32\OpenSSH\;C:\jdk-14.0.2\bin;C:\sqlite3;C:\mingw\bin;C:\Program Files\Microsoft SQL Server\Client SDK\ODBC\130\Tools\Binn\;C:\Program Files (x86)\Microsoft SQL Server\140\Tools\Binn\;C:\Program Files\Microsoft SQL Server\140\Tools\Binn\;C:\Program Files\Microsoft SQL Server\140\DTS\Binn\;C:\Program Files (x86)\Microsoft SQL Server\150\DTS\Binn\;C:\Program Files (x86)\mingw-w64\i686-8.1.0-posix-dwarf-rt_v6-rev0;C:\gradle-6.5\bin;C:\Program Files\Git\bin;C:\Program Files (x86)\CMake\bin;C:\opencv\build\mingw\bin;C:\WINDOWS\System32\Wbem;C:\Program Files\jEdit;C:\gstreamer\1.0\msvc_x86_64\bin;%GSTREAMER_ROOT_X86%\lib\gstreamer-1.0;GST_PLUGIN_SYSTEM_PATH;;;C:\Users\pradh\AppData\Local\Programs\Python\Python310\Scripts\;C:\Users\pradh\AppData\Local\Programs\Python\Python310\;C:\Program Files\MySQL\MySQL Shell 8.0\bin\;C:\Users\pradh\AppData\Local\Microsoft\WindowsApps;C:\sqlite3;C:\Users\pradh\AppData\Local\Programs\Microsoft VS Code\bin;C:\mingw\bin;C:\Program Files\Azure Data Studio\bin;C:\Users\pradh\AppData\Local\GitHubDesktop\bin;C:\Program Files (x86)\mingw-w64\i686-8.1.0-posix-dwarf-rt_v6-rev0;C:\gradle-6.5\bin;C:\jdk-14.0.2\bin;C:\Program Files\Git\bin;C:\opencv\build\mingw\bin;C:\gstreamer\1.0\msvc_x86_64\bin;;.]
21-Apr-2022 21:21:18.769 INFO [main] org.apache.coyote.AbstractProtocol.init Initializing ProtocolHandler ["http-nio-8080"]
21-Apr-2022 21:21:18.939 INFO [main] org.apache.catalina.startup.Catalina.load Server initialization in [1134] milliseconds
21-Apr-2022 21:21:19.132 INFO [main] org.apache.catalina.core.StandardService.startInternal Starting service [Catalina]
21-Apr-2022 21:21:19.134 INFO [main] org.apache.catalina.core.StandardEngine.startInternal Starting Servlet engine: [Apache Tomcat/9.0.56]
21-Apr-2022 21:21:19.153 INFO [main] org.apache.catalina.startup.HostConfig.deployDirectory Deploying web application directory [C:\tomcat9\webapps\docs]
21-Apr-2022 21:21:19.640 INFO [main] org.apache.catalina.startup.HostConfig.deployDirectory Deployment of web application directory [C:\tomcat9\webapps\docs] has finished in [486] ms
21-Apr-2022 21:21:19.641 INFO [main] org.apache.catalina.startup.HostConfig.deployDirectory Deploying web application directory [C:\tomcat9\webapps\examples]
21-Apr-2022 21:21:20.914 INFO [main] org.apache.catalina.startup.HostConfig.deployDirectory Deployment of web application directory [C:\tomcat9\webapps\examples] has finished in [1,272] ms
21-Apr-2022 21:21:20.915 INFO [main] org.apache.catalina.startup.HostConfig.deployDirectory Deploying web application directory [C:\tomcat9\webapps\five]
21-Apr-2022 21:21:21.001 INFO [main] org.apache.catalina.startup.HostConfig.deployDirectory Deployment of web application directory [C:\tomcat9\webapps\five] has finished in [85] ms
21-Apr-2022 21:21:21.001 INFO [main] org.apache.catalina.startup.HostConfig.deployDirectory Deploying web application directory [C:\tomcat9\webapps\four]
21-Apr-2022 21:21:21.092 INFO [main] org.apache.catalina.startup.HostConfig.deployDirectory Deployment of web application directory [C:\tomcat9\webapps\four] has finished in [91] ms
21-Apr-2022 21:21:21.093 INFO [main] org.apache.catalina.startup.HostConfig.deployDirectory Deploying web application directory [C:\tomcat9\webapps\host-manager]
21-Apr-2022 21:21:21.302 INFO [main] org.apache.catalina.startup.HostConfig.deployDirectory Deployment of web application directory [C:\tomcat9\webapps\host-manager] has finished in [209] ms
21-Apr-2022 21:21:21.353 INFO [main] org.apache.catalina.startup.HostConfig.deployDirectory Deploying web application directory [C:\tomcat9\webapps\manager]
21-Apr-2022 21:21:21.607 INFO [main] org.apache.catalina.startup.HostConfig.deployDirectory Deployment of web application directory [C:\tomcat9\webapps\manager] has finished in [253] ms
21-Apr-2022 21:21:21.609 INFO [main] org.apache.catalina.startup.HostConfig.deployDirectory Deploying web application directory [C:\tomcat9\webapps\one]
21-Apr-2022 21:21:21.732 INFO [main] org.apache.catalina.startup.HostConfig.deployDirectory Deployment of web application directory [C:\tomcat9\webapps\one] has finished in [119] ms
21-Apr-2022 21:21:21.734 INFO [main] org.apache.catalina.startup.HostConfig.deployDirectory Deploying web application directory [C:\tomcat9\webapps\ROOT]
21-Apr-2022 21:21:21.805 INFO [main] org.apache.catalina.startup.HostConfig.deployDirectory Deployment of web application directory [C:\tomcat9\webapps\ROOT] has finished in [71] ms
21-Apr-2022 21:21:21.806 INFO [main] org.apache.catalina.startup.HostConfig.deployDirectory Deploying web application directory [C:\tomcat9\webapps\styleone]
21-Apr-2022 21:21:23.004 INFO [main] org.apache.jasper.servlet.TldScanner.scanJars At least one JAR was scanned for TLDs yet contained no TLDs. Enable debug logging for this logger for a complete list of JARs that were scanned but no TLDs were found in them. Skipping unneeded JARs during scanning can improve startup time and JSP compilation time.
21-Apr-2022 21:21:23.009 INFO [main] org.apache.catalina.startup.HostConfig.deployDirectory Deployment of web application directory [C:\tomcat9\webapps\styleone] has finished in [1,204] ms
21-Apr-2022 21:21:23.012 INFO [main] org.apache.catalina.startup.HostConfig.deployDirectory Deploying web application directory [C:\tomcat9\webapps\stylethree]
21-Apr-2022 21:21:24.563 INFO [main] org.apache.jasper.servlet.TldScanner.scanJars At least one JAR was scanned for TLDs yet contained no TLDs. Enable debug logging for this logger for a complete list of JARs that were scanned but no TLDs were found in them. Skipping unneeded JARs during scanning can improve startup time and JSP compilation time.
21-Apr-2022 21:21:24.576 INFO [main] org.apache.catalina.startup.HostConfig.deployDirectory Deployment of web application directory [C:\tomcat9\webapps\stylethree] has finished in [1,566] ms
21-Apr-2022 21:21:24.577 INFO [main] org.apache.catalina.startup.HostConfig.deployDirectory Deploying web application directory [C:\tomcat9\webapps\styletwo]
21-Apr-2022 21:21:25.516 INFO [main] org.apache.jasper.servlet.TldScanner.scanJars At least one JAR was scanned for TLDs yet contained no TLDs. Enable debug logging for this logger for a complete list of JARs that were scanned but no TLDs were found in them. Skipping unneeded JARs during scanning can improve startup time and JSP compilation time.
21-Apr-2022 21:21:25.524 INFO [main] org.apache.catalina.startup.HostConfig.deployDirectory Deployment of web application directory [C:\tomcat9\webapps\styletwo] has finished in [946] ms
21-Apr-2022 21:21:25.524 INFO [main] org.apache.catalina.startup.HostConfig.deployDirectory Deploying web application directory [C:\tomcat9\webapps\three]
21-Apr-2022 21:21:25.617 INFO [main] org.apache.catalina.startup.HostConfig.deployDirectory Deployment of web application directory [C:\tomcat9\webapps\three] has finished in [92] ms
21-Apr-2022 21:21:25.618 INFO [main] org.apache.catalina.startup.HostConfig.deployDirectory Deploying web application directory [C:\tomcat9\webapps\two]
21-Apr-2022 21:21:25.707 INFO [main] org.apache.catalina.startup.HostConfig.deployDirectory Deployment of web application directory [C:\tomcat9\webapps\two] has finished in [90] ms
21-Apr-2022 21:21:25.710 INFO [main] org.apache.catalina.startup.HostConfig.deployDirectory Deploying web application directory [C:\tomcat9\webapps\vapasone]
21-Apr-2022 21:21:25.773 INFO [main] org.apache.catalina.startup.HostConfig.deployDirectory Deployment of web application directory [C:\tomcat9\webapps\vapasone] has finished in [63] ms
21-Apr-2022 21:21:25.782 INFO [main] org.apache.coyote.AbstractProtocol.start Starting ProtocolHandler ["http-nio-8080"]
21-Apr-2022 21:21:26.035 INFO [main] org.apache.catalina.startup.Catalina.start Server startup in [7094] milliseconds
21-Apr-2022 21:23:36.281 INFO [Thread-2] org.apache.coyote.AbstractProtocol.pause Pausing ProtocolHandler ["http-nio-8080"]
21-Apr-2022 21:23:36.307 INFO [Thread-2] org.apache.catalina.core.StandardService.stopInternal Stopping service [Catalina]
21-Apr-2022 21:23:36.393 INFO [Thread-2] org.apache.coyote.AbstractProtocol.stop Stopping ProtocolHandler ["http-nio-8080"]
21-Apr-2022 21:23:36.411 INFO [Thread-2] org.apache.coyote.AbstractProtocol.destroy Destroying ProtocolHandler ["http-nio-8080"]
21-Apr-2022 21:23:40.044 INFO [main] org.apache.catalina.startup.VersionLoggerListener.log Server version name:   Apache Tomcat/9.0.56
21-Apr-2022 21:23:40.049 INFO [main] org.apache.catalina.startup.VersionLoggerListener.log Server built:          Dec 2 2021 14:30:07 UTC
21-Apr-2022 21:23:40.050 INFO [main] org.apache.catalina.startup.VersionLoggerListener.log Server version number: 9.0.56.0
21-Apr-2022 21:23:40.050 INFO [main] org.apache.catalina.startup.VersionLoggerListener.log OS Name:               Windows 10
21-Apr-2022 21:23:40.050 INFO [main] org.apache.catalina.startup.VersionLoggerListener.log OS Version:            10.0
21-Apr-2022 21:23:40.051 INFO [main] org.apache.catalina.startup.VersionLoggerListener.log Architecture:          amd64
21-Apr-2022 21:23:40.051 INFO [main] org.apache.catalina.startup.VersionLoggerListener.log Java Home:             c:\jdk-14.0.2
21-Apr-2022 21:23:40.051 INFO [main] org.apache.catalina.startup.VersionLoggerListener.log JVM Version:           14.0.2+12-46
21-Apr-2022 21:23:40.052 INFO [main] org.apache.catalina.startup.VersionLoggerListener.log JVM Vendor:            Oracle Corporation
21-Apr-2022 21:23:40.053 INFO [main] org.apache.catalina.startup.VersionLoggerListener.log CATALINA_BASE:         C:\tomcat9
21-Apr-2022 21:23:40.054 INFO [main] org.apache.catalina.startup.VersionLoggerListener.log CATALINA_HOME:         C:\tomcat9
21-Apr-2022 21:23:40.081 INFO [main] org.apache.catalina.startup.VersionLoggerListener.log Command line argument: --add-opens=java.base/java.lang=ALL-UNNAMED
21-Apr-2022 21:23:40.085 INFO [main] org.apache.catalina.startup.VersionLoggerListener.log Command line argument: --add-opens=java.base/java.io=ALL-UNNAMED
21-Apr-2022 21:23:40.087 INFO [main] org.apache.catalina.startup.VersionLoggerListener.log Command line argument: --add-opens=java.base/java.util=ALL-UNNAMED
21-Apr-2022 21:23:40.089 INFO [main] org.apache.catalina.startup.VersionLoggerListener.log Command line argument: --add-opens=java.base/java.util.concurrent=ALL-UNNAMED
21-Apr-2022 21:23:40.092 INFO [main] org.apache.catalina.startup.VersionLoggerListener.log Command line argument: --add-opens=java.rmi/sun.rmi.transport=ALL-UNNAMED
21-Apr-2022 21:23:40.093 INFO [main] org.apache.catalina.startup.VersionLoggerListener.log Command line argument: -Djava.util.logging.config.file=c:\tomcat9\conf\logging.properties
21-Apr-2022 21:23:40.095 INFO [main] org.apache.catalina.startup.VersionLoggerListener.log Command line argument: -Djava.util.logging.manager=org.apache.juli.ClassLoaderLogManager
21-Apr-2022 21:23:40.095 INFO [main] org.apache.catalina.startup.VersionLoggerListener.log Command line argument: -Djdk.tls.ephemeralDHKeySize=2048
21-Apr-2022 21:23:40.096 INFO [main] org.apache.catalina.startup.VersionLoggerListener.log Command line argument: -Djava.protocol.handler.pkgs=org.apache.catalina.webresources
21-Apr-2022 21:23:40.097 INFO [main] org.apache.catalina.startup.VersionLoggerListener.log Command line argument: -Dignore.endorsed.dirs=
21-Apr-2022 21:23:40.098 INFO [main] org.apache.catalina.startup.VersionLoggerListener.log Command line argument: -Dcatalina.base=c:\tomcat9
21-Apr-2022 21:23:40.098 INFO [main] org.apache.catalina.startup.VersionLoggerListener.log Command line argument: -Dcatalina.home=c:\tomcat9
21-Apr-2022 21:23:40.099 INFO [main] org.apache.catalina.startup.VersionLoggerListener.log Command line argument: -Djava.io.tmpdir=c:\tomcat9\temp
21-Apr-2022 21:23:40.119 INFO [main] org.apache.catalina.core.AprLifecycleListener.lifecycleEvent The Apache Tomcat Native library which allows using OpenSSL was not found on the java.library.path: [c:\jdk-14.0.2\bin;C:\WINDOWS\Sun\Java\bin;C:\WINDOWS\system32;C:\WINDOWS;C:\WINDOWS\system32;C:\WINDOWS;C:\WINDOWS\System32\WbemC;C:\WINDOWS\System32\WindowsPowerShell\v1.0\;C:\WINDOWS\System32\OpenSSH\;C:\jdk-14.0.2\bin;C:\sqlite3;C:\mingw\bin;C:\Program Files\Microsoft SQL Server\Client SDK\ODBC\130\Tools\Binn\;C:\Program Files (x86)\Microsoft SQL Server\140\Tools\Binn\;C:\Program Files\Microsoft SQL Server\140\Tools\Binn\;C:\Program Files\Microsoft SQL Server\140\DTS\Binn\;C:\Program Files (x86)\Microsoft SQL Server\150\DTS\Binn\;C:\Program Files (x86)\mingw-w64\i686-8.1.0-posix-dwarf-rt_v6-rev0;C:\gradle-6.5\bin;C:\Program Files\Git\bin;C:\Program Files (x86)\CMake\bin;C:\opencv\build\mingw\bin;C:\WINDOWS\System32\Wbem;C:\Program Files\jEdit;C:\gstreamer\1.0\msvc_x86_64\bin;%GSTREAMER_ROOT_X86%\lib\gstreamer-1.0;GST_PLUGIN_SYSTEM_PATH;;;C:\Users\pradh\AppData\Local\Programs\Python\Python310\Scripts\;C:\Users\pradh\AppData\Local\Programs\Python\Python310\;C:\Program Files\MySQL\MySQL Shell 8.0\bin\;C:\Users\pradh\AppData\Local\Microsoft\WindowsApps;C:\sqlite3;C:\Users\pradh\AppData\Local\Programs\Microsoft VS Code\bin;C:\mingw\bin;C:\Program Files\Azure Data Studio\bin;C:\Users\pradh\AppData\Local\GitHubDesktop\bin;C:\Program Files (x86)\mingw-w64\i686-8.1.0-posix-dwarf-rt_v6-rev0;C:\gradle-6.5\bin;C:\jdk-14.0.2\bin;C:\Program Files\Git\bin;C:\opencv\build\mingw\bin;C:\gstreamer\1.0\msvc_x86_64\bin;;.]
21-Apr-2022 21:23:40.781 INFO [main] org.apache.coyote.AbstractProtocol.init Initializing ProtocolHandler ["http-nio-8080"]
21-Apr-2022 21:23:40.839 INFO [main] org.apache.catalina.startup.Catalina.load Server initialization in [1353] milliseconds
21-Apr-2022 21:23:41.007 INFO [main] org.apache.catalina.core.StandardService.startInternal Starting service [Catalina]
21-Apr-2022 21:23:41.008 INFO [main] org.apache.catalina.core.StandardEngine.startInternal Starting Servlet engine: [Apache Tomcat/9.0.56]
21-Apr-2022 21:23:41.029 INFO [main] org.apache.catalina.startup.HostConfig.deployDirectory Deploying web application directory [C:\tomcat9\webapps\docs]
21-Apr-2022 21:23:41.778 INFO [main] org.apache.catalina.startup.HostConfig.deployDirectory Deployment of web application directory [C:\tomcat9\webapps\docs] has finished in [748] ms
21-Apr-2022 21:23:41.780 INFO [main] org.apache.catalina.startup.HostConfig.deployDirectory Deploying web application directory [C:\tomcat9\webapps\examples]
21-Apr-2022 21:23:43.181 INFO [main] org.apache.catalina.startup.HostConfig.deployDirectory Deployment of web application directory [C:\tomcat9\webapps\examples] has finished in [1,400] ms
21-Apr-2022 21:23:43.182 INFO [main] org.apache.catalina.startup.HostConfig.deployDirectory Deploying web application directory [C:\tomcat9\webapps\five]
21-Apr-2022 21:23:43.355 INFO [main] org.apache.catalina.startup.HostConfig.deployDirectory Deployment of web application directory [C:\tomcat9\webapps\five] has finished in [173] ms
21-Apr-2022 21:23:43.357 INFO [main] org.apache.catalina.startup.HostConfig.deployDirectory Deploying web application directory [C:\tomcat9\webapps\four]
21-Apr-2022 21:23:43.457 INFO [main] org.apache.catalina.startup.HostConfig.deployDirectory Deployment of web application directory [C:\tomcat9\webapps\four] has finished in [100] ms
21-Apr-2022 21:23:43.458 INFO [main] org.apache.catalina.startup.HostConfig.deployDirectory Deploying web application directory [C:\tomcat9\webapps\host-manager]
21-Apr-2022 21:23:43.553 INFO [main] org.apache.catalina.startup.HostConfig.deployDirectory Deployment of web application directory [C:\tomcat9\webapps\host-manager] has finished in [95] ms
21-Apr-2022 21:23:43.554 INFO [main] org.apache.catalina.startup.HostConfig.deployDirectory Deploying web application directory [C:\tomcat9\webapps\manager]
21-Apr-2022 21:23:43.731 INFO [main] org.apache.catalina.startup.HostConfig.deployDirectory Deployment of web application directory [C:\tomcat9\webapps\manager] has finished in [177] ms
21-Apr-2022 21:23:43.733 INFO [main] org.apache.catalina.startup.HostConfig.deployDirectory Deploying web application directory [C:\tomcat9\webapps\one]
21-Apr-2022 21:23:43.810 INFO [main] org.apache.catalina.startup.HostConfig.deployDirectory Deployment of web application directory [C:\tomcat9\webapps\one] has finished in [76] ms
21-Apr-2022 21:23:43.811 INFO [main] org.apache.catalina.startup.HostConfig.deployDirectory Deploying web application directory [C:\tomcat9\webapps\ROOT]
21-Apr-2022 21:23:43.877 INFO [main] org.apache.catalina.startup.HostConfig.deployDirectory Deployment of web application directory [C:\tomcat9\webapps\ROOT] has finished in [67] ms
21-Apr-2022 21:23:43.878 INFO [main] org.apache.catalina.startup.HostConfig.deployDirectory Deploying web application directory [C:\tomcat9\webapps\styleone]
21-Apr-2022 21:23:44.800 INFO [main] org.apache.jasper.servlet.TldScanner.scanJars At least one JAR was scanned for TLDs yet contained no TLDs. Enable debug logging for this logger for a complete list of JARs that were scanned but no TLDs were found in them. Skipping unneeded JARs during scanning can improve startup time and JSP compilation time.
21-Apr-2022 21:23:44.810 INFO [main] org.apache.catalina.startup.HostConfig.deployDirectory Deployment of web application directory [C:\tomcat9\webapps\styleone] has finished in [932] ms
21-Apr-2022 21:23:44.811 INFO [main] org.apache.catalina.startup.HostConfig.deployDirectory Deploying web application directory [C:\tomcat9\webapps\stylethree]
21-Apr-2022 21:23:45.653 INFO [main] org.apache.jasper.servlet.TldScanner.scanJars At least one JAR was scanned for TLDs yet contained no TLDs. Enable debug logging for this logger for a complete list of JARs that were scanned but no TLDs were found in them. Skipping unneeded JARs during scanning can improve startup time and JSP compilation time.
21-Apr-2022 21:23:45.666 INFO [main] org.apache.catalina.startup.HostConfig.deployDirectory Deployment of web application directory [C:\tomcat9\webapps\stylethree] has finished in [854] ms
21-Apr-2022 21:23:45.667 INFO [main] org.apache.catalina.startup.HostConfig.deployDirectory Deploying web application directory [C:\tomcat9\webapps\styletwo]
21-Apr-2022 21:23:46.708 INFO [main] org.apache.jasper.servlet.TldScanner.scanJars At least one JAR was scanned for TLDs yet contained no TLDs. Enable debug logging for this logger for a complete list of JARs that were scanned but no TLDs were found in them. Skipping unneeded JARs during scanning can improve startup time and JSP compilation time.
21-Apr-2022 21:23:46.720 INFO [main] org.apache.catalina.startup.HostConfig.deployDirectory Deployment of web application directory [C:\tomcat9\webapps\styletwo] has finished in [1,053] ms
21-Apr-2022 21:23:46.726 INFO [main] org.apache.catalina.startup.HostConfig.deployDirectory Deploying web application directory [C:\tomcat9\webapps\three]
21-Apr-2022 21:23:46.822 INFO [main] org.apache.catalina.startup.HostConfig.deployDirectory Deployment of web application directory [C:\tomcat9\webapps\three] has finished in [95] ms
21-Apr-2022 21:23:46.823 INFO [main] org.apache.catalina.startup.HostConfig.deployDirectory Deploying web application directory [C:\tomcat9\webapps\two]
21-Apr-2022 21:23:46.908 INFO [main] org.apache.catalina.startup.HostConfig.deployDirectory Deployment of web application directory [C:\tomcat9\webapps\two] has finished in [84] ms
21-Apr-2022 21:23:46.908 INFO [main] org.apache.catalina.startup.HostConfig.deployDirectory Deploying web application directory [C:\tomcat9\webapps\vapasone]
21-Apr-2022 21:23:46.975 INFO [main] org.apache.catalina.startup.HostConfig.deployDirectory Deployment of web application directory [C:\tomcat9\webapps\vapasone] has finished in [67] ms
21-Apr-2022 21:23:46.984 INFO [main] org.apache.coyote.AbstractProtocol.start Starting ProtocolHandler ["http-nio-8080"]
21-Apr-2022 21:23:47.081 INFO [main] org.apache.catalina.startup.Catalina.start Server startup in [6237] milliseconds
21-Apr-2022 21:28:21.570 INFO [Thread-2] org.apache.coyote.AbstractProtocol.pause Pausing ProtocolHandler ["http-nio-8080"]
21-Apr-2022 21:28:21.591 INFO [Thread-2] org.apache.catalina.core.StandardService.stopInternal Stopping service [Catalina]
21-Apr-2022 21:28:21.672 WARNING [Thread-2] org.apache.catalina.loader.WebappClassLoaderBase.clearReferencesThreads The web application [styleone] appears to have started a thread named [mysql-cj-abandoned-connection-cleanup] but has failed to stop it. This is very likely to create a memory leak. Stack trace of thread:
 java.base@14.0.2/java.io.WinNTFileSystem.canonicalize0(Native Method)
 java.base@14.0.2/java.io.WinNTFileSystem.canonicalize(WinNTFileSystem.java:415)
 java.base@14.0.2/java.io.File.getCanonicalPath(File.java:621)
 org.apache.catalina.webresources.AbstractFileResourceSet.file(AbstractFileResourceSet.java:94)
 org.apache.catalina.webresources.DirResourceSet.getResource(DirResourceSet.java:101)
 org.apache.catalina.webresources.StandardRoot.getResourceInternal(StandardRoot.java:281)
 org.apache.catalina.webresources.CachedResource.validateResource(CachedResource.java:105)
 org.apache.catalina.webresources.Cache.getResource(Cache.java:96)
 org.apache.catalina.webresources.StandardRoot.getResource(StandardRoot.java:216)
 org.apache.catalina.webresources.StandardRoot.getClassLoaderResource(StandardRoot.java:225)
 org.apache.catalina.loader.WebappClassLoaderBase.findResource(WebappClassLoaderBase.java:949)
 org.apache.catalina.loader.WebappClassLoaderBase.getResource(WebappClassLoaderBase.java:1073)
 com.mysql.cj.jdbc.AbandonedConnectionCleanupThread.checkThreadContextClassLoader(AbandonedConnectionCleanupThread.java:117)
 com.mysql.cj.jdbc.AbandonedConnectionCleanupThread.run(AbandonedConnectionCleanupThread.java:84)
 java.base@14.0.2/java.util.concurrent.ThreadPoolExecutor.runWorker(ThreadPoolExecutor.java:1130)
 java.base@14.0.2/java.util.concurrent.ThreadPoolExecutor$Worker.run(ThreadPoolExecutor.java:630)
 java.base@14.0.2/java.lang.Thread.run(Thread.java:832)
21-Apr-2022 21:28:21.697 WARNING [Thread-2] org.apache.catalina.loader.WebappClassLoaderBase.clearReferencesThreads The web application [stylethree] appears to have started a thread named [mysql-cj-abandoned-connection-cleanup] but has failed to stop it. This is very likely to create a memory leak. Stack trace of thread:
 java.base@14.0.2/java.io.WinNTFileSystem.canonicalize0(Native Method)
 java.base@14.0.2/java.io.WinNTFileSystem.canonicalize(WinNTFileSystem.java:415)
 java.base@14.0.2/java.io.File.getCanonicalPath(File.java:621)
 org.apache.catalina.webresources.AbstractFileResourceSet.file(AbstractFileResourceSet.java:94)
 org.apache.catalina.webresources.DirResourceSet.getResource(DirResourceSet.java:101)
 org.apache.catalina.webresources.StandardRoot.getResourceInternal(StandardRoot.java:281)
 org.apache.catalina.webresources.CachedResource.validateResource(CachedResource.java:105)
 org.apache.catalina.webresources.Cache.getResource(Cache.java:96)
 org.apache.catalina.webresources.StandardRoot.getResource(StandardRoot.java:216)
 org.apache.catalina.webresources.StandardRoot.getClassLoaderResource(StandardRoot.java:225)
 org.apache.catalina.loader.WebappClassLoaderBase.findResource(WebappClassLoaderBase.java:949)
 org.apache.catalina.loader.WebappClassLoaderBase.getResource(WebappClassLoaderBase.java:1073)
 com.mysql.cj.jdbc.AbandonedConnectionCleanupThread.checkThreadContextClassLoader(AbandonedConnectionCleanupThread.java:117)
 com.mysql.cj.jdbc.AbandonedConnectionCleanupThread.run(AbandonedConnectionCleanupThread.java:84)
 java.base@14.0.2/java.util.concurrent.ThreadPoolExecutor.runWorker(ThreadPoolExecutor.java:1130)
 java.base@14.0.2/java.util.concurrent.ThreadPoolExecutor$Worker.run(ThreadPoolExecutor.java:630)
 java.base@14.0.2/java.lang.Thread.run(Thread.java:832)
21-Apr-2022 21:28:21.739 WARNING [Thread-2] org.apache.catalina.loader.WebappClassLoaderBase.clearReferencesJdbc The web application [styletwo] registered the JDBC driver [com.mysql.cj.jdbc.Driver] but failed to unregister it when the web application was stopped. To prevent a memory leak, the JDBC Driver has been forcibly unregistered.
21-Apr-2022 21:28:21.741 WARNING [Thread-2] org.apache.catalina.loader.WebappClassLoaderBase.clearReferencesThreads The web application [styletwo] appears to have started a thread named [mysql-cj-abandoned-connection-cleanup] but has failed to stop it. This is very likely to create a memory leak. Stack trace of thread:
 java.base@14.0.2/java.lang.Object.wait(Native Method)
 java.base@14.0.2/java.lang.ref.ReferenceQueue.remove(ReferenceQueue.java:155)
 com.mysql.cj.jdbc.AbandonedConnectionCleanupThread.run(AbandonedConnectionCleanupThread.java:85)
 java.base@14.0.2/java.util.concurrent.ThreadPoolExecutor.runWorker(ThreadPoolExecutor.java:1130)
 java.base@14.0.2/java.util.concurrent.ThreadPoolExecutor$Worker.run(ThreadPoolExecutor.java:630)
 java.base@14.0.2/java.lang.Thread.run(Thread.java:832)
21-Apr-2022 21:28:21.775 INFO [Thread-2] org.apache.coyote.AbstractProtocol.stop Stopping ProtocolHandler ["http-nio-8080"]
21-Apr-2022 21:28:21.784 INFO [Thread-2] org.apache.coyote.AbstractProtocol.destroy Destroying ProtocolHandler ["http-nio-8080"]
21-Apr-2022 21:28:25.597 INFO [main] org.apache.catalina.startup.VersionLoggerListener.log Server version name:   Apache Tomcat/9.0.56
21-Apr-2022 21:28:25.602 INFO [main] org.apache.catalina.startup.VersionLoggerListener.log Server built:          Dec 2 2021 14:30:07 UTC
21-Apr-2022 21:28:25.603 INFO [main] org.apache.catalina.startup.VersionLoggerListener.log Server version number: 9.0.56.0
21-Apr-2022 21:28:25.603 INFO [main] org.apache.catalina.startup.VersionLoggerListener.log OS Name:               Windows 10
21-Apr-2022 21:28:25.604 INFO [main] org.apache.catalina.startup.VersionLoggerListener.log OS Version:            10.0
21-Apr-2022 21:28:25.604 INFO [main] org.apache.catalina.startup.VersionLoggerListener.log Architecture:          amd64
21-Apr-2022 21:28:25.604 INFO [main] org.apache.catalina.startup.VersionLoggerListener.log Java Home:             c:\jdk-14.0.2
21-Apr-2022 21:28:25.605 INFO [main] org.apache.catalina.startup.VersionLoggerListener.log JVM Version:           14.0.2+12-46
21-Apr-2022 21:28:25.605 INFO [main] org.apache.catalina.startup.VersionLoggerListener.log JVM Vendor:            Oracle Corporation
21-Apr-2022 21:28:25.606 INFO [main] org.apache.catalina.startup.VersionLoggerListener.log CATALINA_BASE:         C:\tomcat9
21-Apr-2022 21:28:25.607 INFO [main] org.apache.catalina.startup.VersionLoggerListener.log CATALINA_HOME:         C:\tomcat9
21-Apr-2022 21:28:25.632 INFO [main] org.apache.catalina.startup.VersionLoggerListener.log Command line argument: --add-opens=java.base/java.lang=ALL-UNNAMED
21-Apr-2022 21:28:25.633 INFO [main] org.apache.catalina.startup.VersionLoggerListener.log Command line argument: --add-opens=java.base/java.io=ALL-UNNAMED
21-Apr-2022 21:28:25.637 INFO [main] org.apache.catalina.startup.VersionLoggerListener.log Command line argument: --add-opens=java.base/java.util=ALL-UNNAMED
21-Apr-2022 21:28:25.638 INFO [main] org.apache.catalina.startup.VersionLoggerListener.log Command line argument: --add-opens=java.base/java.util.concurrent=ALL-UNNAMED
21-Apr-2022 21:28:25.639 INFO [main] org.apache.catalina.startup.VersionLoggerListener.log Command line argument: --add-opens=java.rmi/sun.rmi.transport=ALL-UNNAMED
21-Apr-2022 21:28:25.640 INFO [main] org.apache.catalina.startup.VersionLoggerListener.log Command line argument: -Djava.util.logging.config.file=c:\tomcat9\conf\logging.properties
21-Apr-2022 21:28:25.641 INFO [main] org.apache.catalina.startup.VersionLoggerListener.log Command line argument: -Djava.util.logging.manager=org.apache.juli.ClassLoaderLogManager
21-Apr-2022 21:28:25.643 INFO [main] org.apache.catalina.startup.VersionLoggerListener.log Command line argument: -Djdk.tls.ephemeralDHKeySize=2048
21-Apr-2022 21:28:25.643 INFO [main] org.apache.catalina.startup.VersionLoggerListener.log Command line argument: -Djava.protocol.handler.pkgs=org.apache.catalina.webresources
21-Apr-2022 21:28:25.650 INFO [main] org.apache.catalina.startup.VersionLoggerListener.log Command line argument: -Dignore.endorsed.dirs=
21-Apr-2022 21:28:25.651 INFO [main] org.apache.catalina.startup.VersionLoggerListener.log Command line argument: -Dcatalina.base=c:\tomcat9
21-Apr-2022 21:28:25.652 INFO [main] org.apache.catalina.startup.VersionLoggerListener.log Command line argument: -Dcatalina.home=c:\tomcat9
21-Apr-2022 21:28:25.653 INFO [main] org.apache.catalina.startup.VersionLoggerListener.log Command line argument: -Djava.io.tmpdir=c:\tomcat9\temp
21-Apr-2022 21:28:25.673 INFO [main] org.apache.catalina.core.AprLifecycleListener.lifecycleEvent The Apache Tomcat Native library which allows using OpenSSL was not found on the java.library.path: [c:\jdk-14.0.2\bin;C:\WINDOWS\Sun\Java\bin;C:\WINDOWS\system32;C:\WINDOWS;C:\WINDOWS\system32;C:\WINDOWS;C:\WINDOWS\System32\WbemC;C:\WINDOWS\System32\WindowsPowerShell\v1.0\;C:\WINDOWS\System32\OpenSSH\;C:\jdk-14.0.2\bin;C:\sqlite3;C:\mingw\bin;C:\Program Files\Microsoft SQL Server\Client SDK\ODBC\130\Tools\Binn\;C:\Program Files (x86)\Microsoft SQL Server\140\Tools\Binn\;C:\Program Files\Microsoft SQL Server\140\Tools\Binn\;C:\Program Files\Microsoft SQL Server\140\DTS\Binn\;C:\Program Files (x86)\Microsoft SQL Server\150\DTS\Binn\;C:\Program Files (x86)\mingw-w64\i686-8.1.0-posix-dwarf-rt_v6-rev0;C:\gradle-6.5\bin;C:\Program Files\Git\bin;C:\Program Files (x86)\CMake\bin;C:\opencv\build\mingw\bin;C:\WINDOWS\System32\Wbem;C:\Program Files\jEdit;C:\gstreamer\1.0\msvc_x86_64\bin;%GSTREAMER_ROOT_X86%\lib\gstreamer-1.0;GST_PLUGIN_SYSTEM_PATH;;;C:\Users\pradh\AppData\Local\Programs\Python\Python310\Scripts\;C:\Users\pradh\AppData\Local\Programs\Python\Python310\;C:\Program Files\MySQL\MySQL Shell 8.0\bin\;C:\Users\pradh\AppData\Local\Microsoft\WindowsApps;C:\sqlite3;C:\Users\pradh\AppData\Local\Programs\Microsoft VS Code\bin;C:\mingw\bin;C:\Program Files\Azure Data Studio\bin;C:\Users\pradh\AppData\Local\GitHubDesktop\bin;C:\Program Files (x86)\mingw-w64\i686-8.1.0-posix-dwarf-rt_v6-rev0;C:\gradle-6.5\bin;C:\jdk-14.0.2\bin;C:\Program Files\Git\bin;C:\opencv\build\mingw\bin;C:\gstreamer\1.0\msvc_x86_64\bin;;.]
21-Apr-2022 21:28:26.268 INFO [main] org.apache.coyote.AbstractProtocol.init Initializing ProtocolHandler ["http-nio-8080"]
21-Apr-2022 21:28:26.323 INFO [main] org.apache.catalina.startup.Catalina.load Server initialization in [1059] milliseconds
21-Apr-2022 21:28:26.420 INFO [main] org.apache.catalina.core.StandardService.startInternal Starting service [Catalina]
21-Apr-2022 21:28:26.421 INFO [main] org.apache.catalina.core.StandardEngine.startInternal Starting Servlet engine: [Apache Tomcat/9.0.56]
21-Apr-2022 21:28:26.443 INFO [main] org.apache.catalina.startup.HostConfig.deployDirectory Deploying web application directory [C:\tomcat9\webapps\docs]
21-Apr-2022 21:28:27.007 INFO [main] org.apache.catalina.startup.HostConfig.deployDirectory Deployment of web application directory [C:\tomcat9\webapps\docs] has finished in [564] ms
21-Apr-2022 21:28:27.009 INFO [main] org.apache.catalina.startup.HostConfig.deployDirectory Deploying web application directory [C:\tomcat9\webapps\examples]
21-Apr-2022 21:28:28.052 INFO [main] org.apache.catalina.startup.HostConfig.deployDirectory Deployment of web application directory [C:\tomcat9\webapps\examples] has finished in [1,044] ms
21-Apr-2022 21:28:28.055 INFO [main] org.apache.catalina.startup.HostConfig.deployDirectory Deploying web application directory [C:\tomcat9\webapps\five]
21-Apr-2022 21:28:28.167 INFO [main] org.apache.catalina.startup.HostConfig.deployDirectory Deployment of web application directory [C:\tomcat9\webapps\five] has finished in [112] ms
21-Apr-2022 21:28:28.168 INFO [main] org.apache.catalina.startup.HostConfig.deployDirectory Deploying web application directory [C:\tomcat9\webapps\four]
21-Apr-2022 21:28:28.278 INFO [main] org.apache.catalina.startup.HostConfig.deployDirectory Deployment of web application directory [C:\tomcat9\webapps\four] has finished in [110] ms
21-Apr-2022 21:28:28.280 INFO [main] org.apache.catalina.startup.HostConfig.deployDirectory Deploying web application directory [C:\tomcat9\webapps\host-manager]
21-Apr-2022 21:28:28.397 INFO [main] org.apache.catalina.startup.HostConfig.deployDirectory Deployment of web application directory [C:\tomcat9\webapps\host-manager] has finished in [118] ms
21-Apr-2022 21:28:28.398 INFO [main] org.apache.catalina.startup.HostConfig.deployDirectory Deploying web application directory [C:\tomcat9\webapps\manager]
21-Apr-2022 21:28:28.533 INFO [main] org.apache.catalina.startup.HostConfig.deployDirectory Deployment of web application directory [C:\tomcat9\webapps\manager] has finished in [135] ms
21-Apr-2022 21:28:28.535 INFO [main] org.apache.catalina.startup.HostConfig.deployDirectory Deploying web application directory [C:\tomcat9\webapps\one]
21-Apr-2022 21:28:28.624 INFO [main] org.apache.catalina.startup.HostConfig.deployDirectory Deployment of web application directory [C:\tomcat9\webapps\one] has finished in [89] ms
21-Apr-2022 21:28:28.628 INFO [main] org.apache.catalina.startup.HostConfig.deployDirectory Deploying web application directory [C:\tomcat9\webapps\ROOT]
21-Apr-2022 21:28:28.691 INFO [main] org.apache.catalina.startup.HostConfig.deployDirectory Deployment of web application directory [C:\tomcat9\webapps\ROOT] has finished in [64] ms
21-Apr-2022 21:28:28.693 INFO [main] org.apache.catalina.startup.HostConfig.deployDirectory Deploying web application directory [C:\tomcat9\webapps\styleone]
21-Apr-2022 21:28:29.672 INFO [main] org.apache.jasper.servlet.TldScanner.scanJars At least one JAR was scanned for TLDs yet contained no TLDs. Enable debug logging for this logger for a complete list of JARs that were scanned but no TLDs were found in them. Skipping unneeded JARs during scanning can improve startup time and JSP compilation time.
21-Apr-2022 21:28:29.681 INFO [main] org.apache.catalina.startup.HostConfig.deployDirectory Deployment of web application directory [C:\tomcat9\webapps\styleone] has finished in [989] ms
21-Apr-2022 21:28:29.682 INFO [main] org.apache.catalina.startup.HostConfig.deployDirectory Deploying web application directory [C:\tomcat9\webapps\stylethree]
21-Apr-2022 21:28:30.499 INFO [main] org.apache.jasper.servlet.TldScanner.scanJars At least one JAR was scanned for TLDs yet contained no TLDs. Enable debug logging for this logger for a complete list of JARs that were scanned but no TLDs were found in them. Skipping unneeded JARs during scanning can improve startup time and JSP compilation time.
21-Apr-2022 21:28:30.515 INFO [main] org.apache.catalina.startup.HostConfig.deployDirectory Deployment of web application directory [C:\tomcat9\webapps\stylethree] has finished in [832] ms
21-Apr-2022 21:28:30.517 INFO [main] org.apache.catalina.startup.HostConfig.deployDirectory Deploying web application directory [C:\tomcat9\webapps\styletwo]
21-Apr-2022 21:28:31.327 INFO [main] org.apache.jasper.servlet.TldScanner.scanJars At least one JAR was scanned for TLDs yet contained no TLDs. Enable debug logging for this logger for a complete list of JARs that were scanned but no TLDs were found in them. Skipping unneeded JARs during scanning can improve startup time and JSP compilation time.
21-Apr-2022 21:28:31.366 INFO [main] org.apache.catalina.startup.HostConfig.deployDirectory Deployment of web application directory [C:\tomcat9\webapps\styletwo] has finished in [851] ms
21-Apr-2022 21:28:31.367 INFO [main] org.apache.catalina.startup.HostConfig.deployDirectory Deploying web application directory [C:\tomcat9\webapps\three]
21-Apr-2022 21:28:31.459 INFO [main] org.apache.catalina.startup.HostConfig.deployDirectory Deployment of web application directory [C:\tomcat9\webapps\three] has finished in [91] ms
21-Apr-2022 21:28:31.460 INFO [main] org.apache.catalina.startup.HostConfig.deployDirectory Deploying web application directory [C:\tomcat9\webapps\two]
21-Apr-2022 21:28:31.615 INFO [main] org.apache.catalina.startup.HostConfig.deployDirectory Deployment of web application directory [C:\tomcat9\webapps\two] has finished in [154] ms
21-Apr-2022 21:28:31.616 INFO [main] org.apache.catalina.startup.HostConfig.deployDirectory Deploying web application directory [C:\tomcat9\webapps\vapasone]
21-Apr-2022 21:28:31.683 INFO [main] org.apache.catalina.startup.HostConfig.deployDirectory Deployment of web application directory [C:\tomcat9\webapps\vapasone] has finished in [67] ms
21-Apr-2022 21:28:31.695 INFO [main] org.apache.coyote.AbstractProtocol.start Starting ProtocolHandler ["http-nio-8080"]
21-Apr-2022 21:28:31.790 INFO [main] org.apache.catalina.startup.Catalina.start Server startup in [5463] milliseconds
