24-Apr-2022 08:19:10.086 INFO [main] org.apache.catalina.startup.VersionLoggerListener.log Server version name:   Apache Tomcat/9.0.56
24-Apr-2022 08:19:10.094 INFO [main] org.apache.catalina.startup.VersionLoggerListener.log Server built:          Dec 2 2021 14:30:07 UTC
24-Apr-2022 08:19:10.095 INFO [main] org.apache.catalina.startup.VersionLoggerListener.log Server version number: 9.0.56.0
24-Apr-2022 08:19:10.095 INFO [main] org.apache.catalina.startup.VersionLoggerListener.log OS Name:               Windows 10
24-Apr-2022 08:19:10.095 INFO [main] org.apache.catalina.startup.VersionLoggerListener.log OS Version:            10.0
24-Apr-2022 08:19:10.096 INFO [main] org.apache.catalina.startup.VersionLoggerListener.log Architecture:          amd64
24-Apr-2022 08:19:10.096 INFO [main] org.apache.catalina.startup.VersionLoggerListener.log Java Home:             c:\jdk-14.0.2
24-Apr-2022 08:19:10.096 INFO [main] org.apache.catalina.startup.VersionLoggerListener.log JVM Version:           14.0.2+12-46
24-Apr-2022 08:19:10.097 INFO [main] org.apache.catalina.startup.VersionLoggerListener.log JVM Vendor:            Oracle Corporation
24-Apr-2022 08:19:10.099 INFO [main] org.apache.catalina.startup.VersionLoggerListener.log CATALINA_BASE:         C:\tomcat9
24-Apr-2022 08:19:10.100 INFO [main] org.apache.catalina.startup.VersionLoggerListener.log CATALINA_HOME:         C:\tomcat9
24-Apr-2022 08:19:10.133 INFO [main] org.apache.catalina.startup.VersionLoggerListener.log Command line argument: --add-opens=java.base/java.lang=ALL-UNNAMED
24-Apr-2022 08:19:10.134 INFO [main] org.apache.catalina.startup.VersionLoggerListener.log Command line argument: --add-opens=java.base/java.io=ALL-UNNAMED
24-Apr-2022 08:19:10.135 INFO [main] org.apache.catalina.startup.VersionLoggerListener.log Command line argument: --add-opens=java.base/java.util=ALL-UNNAMED
24-Apr-2022 08:19:10.137 INFO [main] org.apache.catalina.startup.VersionLoggerListener.log Command line argument: --add-opens=java.base/java.util.concurrent=ALL-UNNAMED
24-Apr-2022 08:19:10.138 INFO [main] org.apache.catalina.startup.VersionLoggerListener.log Command line argument: --add-opens=java.rmi/sun.rmi.transport=ALL-UNNAMED
24-Apr-2022 08:19:10.139 INFO [main] org.apache.catalina.startup.VersionLoggerListener.log Command line argument: -Djava.util.logging.config.file=c:\tomcat9\conf\logging.properties
24-Apr-2022 08:19:10.145 INFO [main] org.apache.catalina.startup.VersionLoggerListener.log Command line argument: -Djava.util.logging.manager=org.apache.juli.ClassLoaderLogManager
24-Apr-2022 08:19:10.145 INFO [main] org.apache.catalina.startup.VersionLoggerListener.log Command line argument: -Djdk.tls.ephemeralDHKeySize=2048
24-Apr-2022 08:19:10.146 INFO [main] org.apache.catalina.startup.VersionLoggerListener.log Command line argument: -Djava.protocol.handler.pkgs=org.apache.catalina.webresources
24-Apr-2022 08:19:10.147 INFO [main] org.apache.catalina.startup.VersionLoggerListener.log Command line argument: -Dignore.endorsed.dirs=
24-Apr-2022 08:19:10.148 INFO [main] org.apache.catalina.startup.VersionLoggerListener.log Command line argument: -Dcatalina.base=c:\tomcat9
24-Apr-2022 08:19:10.148 INFO [main] org.apache.catalina.startup.VersionLoggerListener.log Command line argument: -Dcatalina.home=c:\tomcat9
24-Apr-2022 08:19:10.149 INFO [main] org.apache.catalina.startup.VersionLoggerListener.log Command line argument: -Djava.io.tmpdir=c:\tomcat9\temp
24-Apr-2022 08:19:10.166 INFO [main] org.apache.catalina.core.AprLifecycleListener.lifecycleEvent The Apache Tomcat Native library which allows using OpenSSL was not found on the java.library.path: [c:\jdk-14.0.2\bin;C:\WINDOWS\Sun\Java\bin;C:\WINDOWS\system32;C:\WINDOWS;C:\WINDOWS\system32;C:\WINDOWS;C:\WINDOWS\System32\WbemC;C:\WINDOWS\System32\WindowsPowerShell\v1.0\;C:\WINDOWS\System32\OpenSSH\;C:\jdk-14.0.2\bin;C:\sqlite3;C:\mingw\bin;C:\Program Files\Microsoft SQL Server\Client SDK\ODBC\130\Tools\Binn\;C:\Program Files (x86)\Microsoft SQL Server\140\Tools\Binn\;C:\Program Files\Microsoft SQL Server\140\Tools\Binn\;C:\Program Files\Microsoft SQL Server\140\DTS\Binn\;C:\Program Files (x86)\Microsoft SQL Server\150\DTS\Binn\;C:\Program Files (x86)\mingw-w64\i686-8.1.0-posix-dwarf-rt_v6-rev0;C:\gradle-6.5\bin;C:\Program Files\Git\bin;C:\Program Files (x86)\CMake\bin;C:\opencv\build\mingw\bin;C:\WINDOWS\System32\Wbem;C:\Program Files\jEdit;C:\gstreamer\1.0\msvc_x86_64\bin;%GSTREAMER_ROOT_X86%\lib\gstreamer-1.0;GST_PLUGIN_SYSTEM_PATH;;;C:\Users\pradh\AppData\Local\Programs\Python\Python310\Scripts\;C:\Users\pradh\AppData\Local\Programs\Python\Python310\;C:\Program Files\MySQL\MySQL Shell 8.0\bin\;C:\Users\pradh\AppData\Local\Microsoft\WindowsApps;C:\sqlite3;C:\Users\pradh\AppData\Local\Programs\Microsoft VS Code\bin;C:\mingw\bin;C:\Program Files\Azure Data Studio\bin;C:\Users\pradh\AppData\Local\GitHubDesktop\bin;C:\Program Files (x86)\mingw-w64\i686-8.1.0-posix-dwarf-rt_v6-rev0;C:\gradle-6.5\bin;C:\jdk-14.0.2\bin;C:\Program Files\Git\bin;C:\opencv\build\mingw\bin;C:\gstreamer\1.0\msvc_x86_64\bin;;.]
24-Apr-2022 08:19:10.734 INFO [main] org.apache.coyote.AbstractProtocol.init Initializing ProtocolHandler ["http-nio-8080"]
24-Apr-2022 08:19:10.785 INFO [main] org.apache.catalina.startup.Catalina.load Server initialization in [1153] milliseconds
24-Apr-2022 08:19:10.882 INFO [main] org.apache.catalina.core.StandardService.startInternal Starting service [Catalina]
24-Apr-2022 08:19:10.883 INFO [main] org.apache.catalina.core.StandardEngine.startInternal Starting Servlet engine: [Apache Tomcat/9.0.56]
24-Apr-2022 08:19:10.906 INFO [main] org.apache.catalina.startup.HostConfig.deployDirectory Deploying web application directory [C:\tomcat9\webapps\docs]
24-Apr-2022 08:19:11.514 INFO [main] org.apache.catalina.startup.HostConfig.deployDirectory Deployment of web application directory [C:\tomcat9\webapps\docs] has finished in [607] ms
24-Apr-2022 08:19:11.516 INFO [main] org.apache.catalina.startup.HostConfig.deployDirectory Deploying web application directory [C:\tomcat9\webapps\examples]
24-Apr-2022 08:19:13.652 INFO [main] org.apache.catalina.startup.HostConfig.deployDirectory Deployment of web application directory [C:\tomcat9\webapps\examples] has finished in [2,137] ms
24-Apr-2022 08:19:13.657 INFO [main] org.apache.catalina.startup.HostConfig.deployDirectory Deploying web application directory [C:\tomcat9\webapps\five]
24-Apr-2022 08:19:13.781 INFO [main] org.apache.catalina.startup.HostConfig.deployDirectory Deployment of web application directory [C:\tomcat9\webapps\five] has finished in [124] ms
24-Apr-2022 08:19:13.781 INFO [main] org.apache.catalina.startup.HostConfig.deployDirectory Deploying web application directory [C:\tomcat9\webapps\four]
24-Apr-2022 08:19:13.896 INFO [main] org.apache.catalina.startup.HostConfig.deployDirectory Deployment of web application directory [C:\tomcat9\webapps\four] has finished in [114] ms
24-Apr-2022 08:19:13.897 INFO [main] org.apache.catalina.startup.HostConfig.deployDirectory Deploying web application directory [C:\tomcat9\webapps\host-manager]
24-Apr-2022 08:19:13.993 INFO [main] org.apache.catalina.startup.HostConfig.deployDirectory Deployment of web application directory [C:\tomcat9\webapps\host-manager] has finished in [95] ms
24-Apr-2022 08:19:13.994 INFO [main] org.apache.catalina.startup.HostConfig.deployDirectory Deploying web application directory [C:\tomcat9\webapps\manager]
24-Apr-2022 08:19:14.102 INFO [main] org.apache.catalina.startup.HostConfig.deployDirectory Deployment of web application directory [C:\tomcat9\webapps\manager] has finished in [108] ms
24-Apr-2022 08:19:14.110 INFO [main] org.apache.catalina.startup.HostConfig.deployDirectory Deploying web application directory [C:\tomcat9\webapps\one]
24-Apr-2022 08:19:14.241 INFO [main] org.apache.catalina.startup.HostConfig.deployDirectory Deployment of web application directory [C:\tomcat9\webapps\one] has finished in [130] ms
24-Apr-2022 08:19:14.242 INFO [main] org.apache.catalina.startup.HostConfig.deployDirectory Deploying web application directory [C:\tomcat9\webapps\ROOT]
24-Apr-2022 08:19:14.318 INFO [main] org.apache.catalina.startup.HostConfig.deployDirectory Deployment of web application directory [C:\tomcat9\webapps\ROOT] has finished in [75] ms
24-Apr-2022 08:19:14.320 INFO [main] org.apache.catalina.startup.HostConfig.deployDirectory Deploying web application directory [C:\tomcat9\webapps\styleone]
24-Apr-2022 08:19:15.585 INFO [main] org.apache.jasper.servlet.TldScanner.scanJars At least one JAR was scanned for TLDs yet contained no TLDs. Enable debug logging for this logger for a complete list of JARs that were scanned but no TLDs were found in them. Skipping unneeded JARs during scanning can improve startup time and JSP compilation time.
24-Apr-2022 08:19:15.591 INFO [main] org.apache.catalina.startup.HostConfig.deployDirectory Deployment of web application directory [C:\tomcat9\webapps\styleone] has finished in [1,271] ms
24-Apr-2022 08:19:15.592 INFO [main] org.apache.catalina.startup.HostConfig.deployDirectory Deploying web application directory [C:\tomcat9\webapps\stylethree]
24-Apr-2022 08:19:16.424 INFO [main] org.apache.jasper.servlet.TldScanner.scanJars At least one JAR was scanned for TLDs yet contained no TLDs. Enable debug logging for this logger for a complete list of JARs that were scanned but no TLDs were found in them. Skipping unneeded JARs during scanning can improve startup time and JSP compilation time.
24-Apr-2022 08:19:16.434 INFO [main] org.apache.catalina.startup.HostConfig.deployDirectory Deployment of web application directory [C:\tomcat9\webapps\stylethree] has finished in [842] ms
24-Apr-2022 08:19:16.437 INFO [main] org.apache.catalina.startup.HostConfig.deployDirectory Deploying web application directory [C:\tomcat9\webapps\styletwo]
24-Apr-2022 08:19:17.291 INFO [main] org.apache.jasper.servlet.TldScanner.scanJars At least one JAR was scanned for TLDs yet contained no TLDs. Enable debug logging for this logger for a complete list of JARs that were scanned but no TLDs were found in them. Skipping unneeded JARs during scanning can improve startup time and JSP compilation time.
24-Apr-2022 08:19:17.299 INFO [main] org.apache.catalina.startup.HostConfig.deployDirectory Deployment of web application directory [C:\tomcat9\webapps\styletwo] has finished in [861] ms
24-Apr-2022 08:19:17.300 INFO [main] org.apache.catalina.startup.HostConfig.deployDirectory Deploying web application directory [C:\tomcat9\webapps\three]
24-Apr-2022 08:19:17.423 INFO [main] org.apache.catalina.startup.HostConfig.deployDirectory Deployment of web application directory [C:\tomcat9\webapps\three] has finished in [123] ms
24-Apr-2022 08:19:17.424 INFO [main] org.apache.catalina.startup.HostConfig.deployDirectory Deploying web application directory [C:\tomcat9\webapps\two]
24-Apr-2022 08:19:17.516 INFO [main] org.apache.catalina.startup.HostConfig.deployDirectory Deployment of web application directory [C:\tomcat9\webapps\two] has finished in [92] ms
24-Apr-2022 08:19:17.520 INFO [main] org.apache.catalina.startup.HostConfig.deployDirectory Deploying web application directory [C:\tomcat9\webapps\vapasone]
24-Apr-2022 08:19:17.598 INFO [main] org.apache.catalina.startup.HostConfig.deployDirectory Deployment of web application directory [C:\tomcat9\webapps\vapasone] has finished in [79] ms
24-Apr-2022 08:19:17.607 INFO [main] org.apache.coyote.AbstractProtocol.start Starting ProtocolHandler ["http-nio-8080"]
24-Apr-2022 08:19:17.696 INFO [main] org.apache.catalina.startup.Catalina.start Server startup in [6907] milliseconds
24-Apr-2022 08:27:17.684 INFO [Thread-2] org.apache.coyote.AbstractProtocol.pause Pausing ProtocolHandler ["http-nio-8080"]
24-Apr-2022 08:27:17.725 INFO [Thread-2] org.apache.catalina.core.StandardService.stopInternal Stopping service [Catalina]
24-Apr-2022 08:27:17.815 INFO [Thread-2] org.apache.coyote.AbstractProtocol.stop Stopping ProtocolHandler ["http-nio-8080"]
24-Apr-2022 08:27:17.823 INFO [Thread-2] org.apache.coyote.AbstractProtocol.destroy Destroying ProtocolHandler ["http-nio-8080"]
24-Apr-2022 08:27:21.143 INFO [main] org.apache.catalina.startup.VersionLoggerListener.log Server version name:   Apache Tomcat/9.0.56
24-Apr-2022 08:27:21.163 INFO [main] org.apache.catalina.startup.VersionLoggerListener.log Server built:          Dec 2 2021 14:30:07 UTC
24-Apr-2022 08:27:21.165 INFO [main] org.apache.catalina.startup.VersionLoggerListener.log Server version number: 9.0.56.0
24-Apr-2022 08:27:21.165 INFO [main] org.apache.catalina.startup.VersionLoggerListener.log OS Name:               Windows 10
24-Apr-2022 08:27:21.166 INFO [main] org.apache.catalina.startup.VersionLoggerListener.log OS Version:            10.0
24-Apr-2022 08:27:21.168 INFO [main] org.apache.catalina.startup.VersionLoggerListener.log Architecture:          amd64
24-Apr-2022 08:27:21.168 INFO [main] org.apache.catalina.startup.VersionLoggerListener.log Java Home:             c:\jdk-14.0.2
24-Apr-2022 08:27:21.168 INFO [main] org.apache.catalina.startup.VersionLoggerListener.log JVM Version:           14.0.2+12-46
24-Apr-2022 08:27:21.170 INFO [main] org.apache.catalina.startup.VersionLoggerListener.log JVM Vendor:            Oracle Corporation
24-Apr-2022 08:27:21.186 INFO [main] org.apache.catalina.startup.VersionLoggerListener.log CATALINA_BASE:         C:\tomcat9
24-Apr-2022 08:27:21.197 INFO [main] org.apache.catalina.startup.VersionLoggerListener.log CATALINA_HOME:         C:\tomcat9
24-Apr-2022 08:27:21.211 INFO [main] org.apache.catalina.startup.VersionLoggerListener.log Command line argument: --add-opens=java.base/java.lang=ALL-UNNAMED
24-Apr-2022 08:27:21.212 INFO [main] org.apache.catalina.startup.VersionLoggerListener.log Command line argument: --add-opens=java.base/java.io=ALL-UNNAMED
24-Apr-2022 08:27:21.212 INFO [main] org.apache.catalina.startup.VersionLoggerListener.log Command line argument: --add-opens=java.base/java.util=ALL-UNNAMED
24-Apr-2022 08:27:21.217 INFO [main] org.apache.catalina.startup.VersionLoggerListener.log Command line argument: --add-opens=java.base/java.util.concurrent=ALL-UNNAMED
24-Apr-2022 08:27:21.218 INFO [main] org.apache.catalina.startup.VersionLoggerListener.log Command line argument: --add-opens=java.rmi/sun.rmi.transport=ALL-UNNAMED
24-Apr-2022 08:27:21.219 INFO [main] org.apache.catalina.startup.VersionLoggerListener.log Command line argument: -Djava.util.logging.config.file=c:\tomcat9\conf\logging.properties
24-Apr-2022 08:27:21.220 INFO [main] org.apache.catalina.startup.VersionLoggerListener.log Command line argument: -Djava.util.logging.manager=org.apache.juli.ClassLoaderLogManager
24-Apr-2022 08:27:21.222 INFO [main] org.apache.catalina.startup.VersionLoggerListener.log Command line argument: -Djdk.tls.ephemeralDHKeySize=2048
24-Apr-2022 08:27:21.223 INFO [main] org.apache.catalina.startup.VersionLoggerListener.log Command line argument: -Djava.protocol.handler.pkgs=org.apache.catalina.webresources
24-Apr-2022 08:27:21.229 INFO [main] org.apache.catalina.startup.VersionLoggerListener.log Command line argument: -Dignore.endorsed.dirs=
24-Apr-2022 08:27:21.231 INFO [main] org.apache.catalina.startup.VersionLoggerListener.log Command line argument: -Dcatalina.base=c:\tomcat9
24-Apr-2022 08:27:21.231 INFO [main] org.apache.catalina.startup.VersionLoggerListener.log Command line argument: -Dcatalina.home=c:\tomcat9
24-Apr-2022 08:27:21.232 INFO [main] org.apache.catalina.startup.VersionLoggerListener.log Command line argument: -Djava.io.tmpdir=c:\tomcat9\temp
24-Apr-2022 08:27:21.249 INFO [main] org.apache.catalina.core.AprLifecycleListener.lifecycleEvent The Apache Tomcat Native library which allows using OpenSSL was not found on the java.library.path: [c:\jdk-14.0.2\bin;C:\WINDOWS\Sun\Java\bin;C:\WINDOWS\system32;C:\WINDOWS;C:\WINDOWS\system32;C:\WINDOWS;C:\WINDOWS\System32\WbemC;C:\WINDOWS\System32\WindowsPowerShell\v1.0\;C:\WINDOWS\System32\OpenSSH\;C:\jdk-14.0.2\bin;C:\sqlite3;C:\mingw\bin;C:\Program Files\Microsoft SQL Server\Client SDK\ODBC\130\Tools\Binn\;C:\Program Files (x86)\Microsoft SQL Server\140\Tools\Binn\;C:\Program Files\Microsoft SQL Server\140\Tools\Binn\;C:\Program Files\Microsoft SQL Server\140\DTS\Binn\;C:\Program Files (x86)\Microsoft SQL Server\150\DTS\Binn\;C:\Program Files (x86)\mingw-w64\i686-8.1.0-posix-dwarf-rt_v6-rev0;C:\gradle-6.5\bin;C:\Program Files\Git\bin;C:\Program Files (x86)\CMake\bin;C:\opencv\build\mingw\bin;C:\WINDOWS\System32\Wbem;C:\Program Files\jEdit;C:\gstreamer\1.0\msvc_x86_64\bin;%GSTREAMER_ROOT_X86%\lib\gstreamer-1.0;GST_PLUGIN_SYSTEM_PATH;;;C:\Users\pradh\AppData\Local\Programs\Python\Python310\Scripts\;C:\Users\pradh\AppData\Local\Programs\Python\Python310\;C:\Program Files\MySQL\MySQL Shell 8.0\bin\;C:\Users\pradh\AppData\Local\Microsoft\WindowsApps;C:\sqlite3;C:\Users\pradh\AppData\Local\Programs\Microsoft VS Code\bin;C:\mingw\bin;C:\Program Files\Azure Data Studio\bin;C:\Users\pradh\AppData\Local\GitHubDesktop\bin;C:\Program Files (x86)\mingw-w64\i686-8.1.0-posix-dwarf-rt_v6-rev0;C:\gradle-6.5\bin;C:\jdk-14.0.2\bin;C:\Program Files\Git\bin;C:\opencv\build\mingw\bin;C:\gstreamer\1.0\msvc_x86_64\bin;;.]
24-Apr-2022 08:27:21.783 INFO [main] org.apache.coyote.AbstractProtocol.init Initializing ProtocolHandler ["http-nio-8080"]
24-Apr-2022 08:27:21.831 INFO [main] org.apache.catalina.startup.Catalina.load Server initialization in [1000] milliseconds
24-Apr-2022 08:27:21.942 INFO [main] org.apache.catalina.core.StandardService.startInternal Starting service [Catalina]
24-Apr-2022 08:27:21.943 INFO [main] org.apache.catalina.core.StandardEngine.startInternal Starting Servlet engine: [Apache Tomcat/9.0.56]
24-Apr-2022 08:27:21.964 INFO [main] org.apache.catalina.startup.HostConfig.deployDirectory Deploying web application directory [C:\tomcat9\webapps\docs]
24-Apr-2022 08:27:22.518 INFO [main] org.apache.catalina.startup.HostConfig.deployDirectory Deployment of web application directory [C:\tomcat9\webapps\docs] has finished in [553] ms
24-Apr-2022 08:27:22.520 INFO [main] org.apache.catalina.startup.HostConfig.deployDirectory Deploying web application directory [C:\tomcat9\webapps\examples]
24-Apr-2022 08:27:23.402 INFO [main] org.apache.catalina.startup.HostConfig.deployDirectory Deployment of web application directory [C:\tomcat9\webapps\examples] has finished in [882] ms
24-Apr-2022 08:27:23.404 INFO [main] org.apache.catalina.startup.HostConfig.deployDirectory Deploying web application directory [C:\tomcat9\webapps\five]
24-Apr-2022 08:27:23.541 INFO [main] org.apache.catalina.startup.HostConfig.deployDirectory Deployment of web application directory [C:\tomcat9\webapps\five] has finished in [136] ms
24-Apr-2022 08:27:23.542 INFO [main] org.apache.catalina.startup.HostConfig.deployDirectory Deploying web application directory [C:\tomcat9\webapps\four]
24-Apr-2022 08:27:23.665 INFO [main] org.apache.catalina.startup.HostConfig.deployDirectory Deployment of web application directory [C:\tomcat9\webapps\four] has finished in [123] ms
24-Apr-2022 08:27:23.666 INFO [main] org.apache.catalina.startup.HostConfig.deployDirectory Deploying web application directory [C:\tomcat9\webapps\host-manager]
24-Apr-2022 08:27:23.807 INFO [main] org.apache.catalina.startup.HostConfig.deployDirectory Deployment of web application directory [C:\tomcat9\webapps\host-manager] has finished in [140] ms
24-Apr-2022 08:27:23.808 INFO [main] org.apache.catalina.startup.HostConfig.deployDirectory Deploying web application directory [C:\tomcat9\webapps\manager]
24-Apr-2022 08:27:23.947 INFO [main] org.apache.catalina.startup.HostConfig.deployDirectory Deployment of web application directory [C:\tomcat9\webapps\manager] has finished in [139] ms
24-Apr-2022 08:27:23.949 INFO [main] org.apache.catalina.startup.HostConfig.deployDirectory Deploying web application directory [C:\tomcat9\webapps\one]
24-Apr-2022 08:27:24.075 INFO [main] org.apache.catalina.startup.HostConfig.deployDirectory Deployment of web application directory [C:\tomcat9\webapps\one] has finished in [125] ms
24-Apr-2022 08:27:24.077 INFO [main] org.apache.catalina.startup.HostConfig.deployDirectory Deploying web application directory [C:\tomcat9\webapps\ROOT]
24-Apr-2022 08:27:24.149 INFO [main] org.apache.catalina.startup.HostConfig.deployDirectory Deployment of web application directory [C:\tomcat9\webapps\ROOT] has finished in [71] ms
24-Apr-2022 08:27:24.150 INFO [main] org.apache.catalina.startup.HostConfig.deployDirectory Deploying web application directory [C:\tomcat9\webapps\styleone]
24-Apr-2022 08:27:25.928 INFO [main] org.apache.jasper.servlet.TldScanner.scanJars At least one JAR was scanned for TLDs yet contained no TLDs. Enable debug logging for this logger for a complete list of JARs that were scanned but no TLDs were found in them. Skipping unneeded JARs during scanning can improve startup time and JSP compilation time.
24-Apr-2022 08:27:25.955 INFO [main] org.apache.catalina.startup.HostConfig.deployDirectory Deployment of web application directory [C:\tomcat9\webapps\styleone] has finished in [1,804] ms
24-Apr-2022 08:27:25.966 INFO [main] org.apache.catalina.startup.HostConfig.deployDirectory Deploying web application directory [C:\tomcat9\webapps\stylethree]
24-Apr-2022 08:27:27.424 INFO [main] org.apache.jasper.servlet.TldScanner.scanJars At least one JAR was scanned for TLDs yet contained no TLDs. Enable debug logging for this logger for a complete list of JARs that were scanned but no TLDs were found in them. Skipping unneeded JARs during scanning can improve startup time and JSP compilation time.
24-Apr-2022 08:27:27.438 INFO [main] org.apache.catalina.startup.HostConfig.deployDirectory Deployment of web application directory [C:\tomcat9\webapps\stylethree] has finished in [1,472] ms
24-Apr-2022 08:27:27.439 INFO [main] org.apache.catalina.startup.HostConfig.deployDirectory Deploying web application directory [C:\tomcat9\webapps\styletwo]
24-Apr-2022 08:27:28.866 INFO [main] org.apache.jasper.servlet.TldScanner.scanJars At least one JAR was scanned for TLDs yet contained no TLDs. Enable debug logging for this logger for a complete list of JARs that were scanned but no TLDs were found in them. Skipping unneeded JARs during scanning can improve startup time and JSP compilation time.
24-Apr-2022 08:27:28.882 INFO [main] org.apache.catalina.startup.HostConfig.deployDirectory Deployment of web application directory [C:\tomcat9\webapps\styletwo] has finished in [1,442] ms
24-Apr-2022 08:27:28.883 INFO [main] org.apache.catalina.startup.HostConfig.deployDirectory Deploying web application directory [C:\tomcat9\webapps\three]
24-Apr-2022 08:27:28.985 INFO [main] org.apache.catalina.startup.HostConfig.deployDirectory Deployment of web application directory [C:\tomcat9\webapps\three] has finished in [103] ms
24-Apr-2022 08:27:28.986 INFO [main] org.apache.catalina.startup.HostConfig.deployDirectory Deploying web application directory [C:\tomcat9\webapps\two]
24-Apr-2022 08:27:29.108 INFO [main] org.apache.catalina.startup.HostConfig.deployDirectory Deployment of web application directory [C:\tomcat9\webapps\two] has finished in [121] ms
24-Apr-2022 08:27:29.109 INFO [main] org.apache.catalina.startup.HostConfig.deployDirectory Deploying web application directory [C:\tomcat9\webapps\vapasone]
24-Apr-2022 08:27:29.199 INFO [main] org.apache.catalina.startup.HostConfig.deployDirectory Deployment of web application directory [C:\tomcat9\webapps\vapasone] has finished in [90] ms
24-Apr-2022 08:27:29.216 INFO [main] org.apache.coyote.AbstractProtocol.start Starting ProtocolHandler ["http-nio-8080"]
24-Apr-2022 08:27:29.328 INFO [main] org.apache.catalina.startup.Catalina.start Server startup in [7493] milliseconds
24-Apr-2022 08:29:40.836 INFO [Thread-2] org.apache.coyote.AbstractProtocol.pause Pausing ProtocolHandler ["http-nio-8080"]
24-Apr-2022 08:29:40.873 INFO [Thread-2] org.apache.catalina.core.StandardService.stopInternal Stopping service [Catalina]
24-Apr-2022 08:29:40.923 WARNING [Thread-2] org.apache.catalina.loader.WebappClassLoaderBase.clearReferencesThreads The web application [styleone] appears to have started a thread named [mysql-cj-abandoned-connection-cleanup] but has failed to stop it. This is very likely to create a memory leak. Stack trace of thread:
 java.base@14.0.2/java.io.WinNTFileSystem.canonicalize0(Native Method)
 java.base@14.0.2/java.io.WinNTFileSystem.canonicalize(WinNTFileSystem.java:415)
 java.base@14.0.2/java.io.File.getCanonicalPath(File.java:621)
 org.apache.catalina.webresources.AbstractFileResourceSet.file(AbstractFileResourceSet.java:94)
 org.apache.catalina.webresources.DirResourceSet.getResource(DirResourceSet.java:101)
 org.apache.catalina.webresources.StandardRoot.getResourceInternal(StandardRoot.java:281)
 org.apache.catalina.webresources.CachedResource.validateResource(CachedResource.java:105)
 org.apache.catalina.webresources.Cache.getResource(Cache.java:96)
 org.apache.catalina.webresources.StandardRoot.getResource(StandardRoot.java:216)
 org.apache.catalina.webresources.StandardRoot.getClassLoaderResource(StandardRoot.java:225)
 org.apache.catalina.loader.WebappClassLoaderBase.findResource(WebappClassLoaderBase.java:949)
 org.apache.catalina.loader.WebappClassLoaderBase.getResource(WebappClassLoaderBase.java:1073)
 com.mysql.cj.jdbc.AbandonedConnectionCleanupThread.checkThreadContextClassLoader(AbandonedConnectionCleanupThread.java:117)
 com.mysql.cj.jdbc.AbandonedConnectionCleanupThread.run(AbandonedConnectionCleanupThread.java:84)
 java.base@14.0.2/java.util.concurrent.ThreadPoolExecutor.runWorker(ThreadPoolExecutor.java:1130)
 java.base@14.0.2/java.util.concurrent.ThreadPoolExecutor$Worker.run(ThreadPoolExecutor.java:630)
 java.base@14.0.2/java.lang.Thread.run(Thread.java:832)
24-Apr-2022 08:29:40.946 WARNING [Thread-2] org.apache.catalina.loader.WebappClassLoaderBase.clearReferencesThreads The web application [stylethree] appears to have started a thread named [mysql-cj-abandoned-connection-cleanup] but has failed to stop it. This is very likely to create a memory leak. Stack trace of thread:
 java.base@14.0.2/java.io.WinNTFileSystem.canonicalize0(Native Method)
 java.base@14.0.2/java.io.WinNTFileSystem.canonicalize(WinNTFileSystem.java:415)
 java.base@14.0.2/java.io.File.getCanonicalPath(File.java:621)
 org.apache.catalina.webresources.AbstractFileResourceSet.file(AbstractFileResourceSet.java:94)
 org.apache.catalina.webresources.DirResourceSet.getResource(DirResourceSet.java:101)
 org.apache.catalina.webresources.StandardRoot.getResourceInternal(StandardRoot.java:281)
 org.apache.catalina.webresources.CachedResource.validateResource(CachedResource.java:105)
 org.apache.catalina.webresources.Cache.getResource(Cache.java:96)
 org.apache.catalina.webresources.StandardRoot.getResource(StandardRoot.java:216)
 org.apache.catalina.webresources.StandardRoot.getClassLoaderResource(StandardRoot.java:225)
 org.apache.catalina.loader.WebappClassLoaderBase.findResource(WebappClassLoaderBase.java:949)
 org.apache.catalina.loader.WebappClassLoaderBase.getResource(WebappClassLoaderBase.java:1073)
 com.mysql.cj.jdbc.AbandonedConnectionCleanupThread.checkThreadContextClassLoader(AbandonedConnectionCleanupThread.java:117)
 com.mysql.cj.jdbc.AbandonedConnectionCleanupThread.run(AbandonedConnectionCleanupThread.java:84)
 java.base@14.0.2/java.util.concurrent.ThreadPoolExecutor.runWorker(ThreadPoolExecutor.java:1130)
 java.base@14.0.2/java.util.concurrent.ThreadPoolExecutor$Worker.run(ThreadPoolExecutor.java:630)
 java.base@14.0.2/java.lang.Thread.run(Thread.java:832)
24-Apr-2022 08:29:41.033 WARNING [Thread-2] org.apache.catalina.loader.WebappClassLoaderBase.clearReferencesJdbc The web application [styletwo] registered the JDBC driver [com.mysql.cj.jdbc.Driver] but failed to unregister it when the web application was stopped. To prevent a memory leak, the JDBC Driver has been forcibly unregistered.
24-Apr-2022 08:29:41.034 WARNING [Thread-2] org.apache.catalina.loader.WebappClassLoaderBase.clearReferencesThreads The web application [styletwo] appears to have started a thread named [mysql-cj-abandoned-connection-cleanup] but has failed to stop it. This is very likely to create a memory leak. Stack trace of thread:
 java.base@14.0.2/java.lang.Object.wait(Native Method)
 java.base@14.0.2/java.lang.ref.ReferenceQueue.remove(ReferenceQueue.java:155)
 com.mysql.cj.jdbc.AbandonedConnectionCleanupThread.run(AbandonedConnectionCleanupThread.java:85)
 java.base@14.0.2/java.util.concurrent.ThreadPoolExecutor.runWorker(ThreadPoolExecutor.java:1130)
 java.base@14.0.2/java.util.concurrent.ThreadPoolExecutor$Worker.run(ThreadPoolExecutor.java:630)
 java.base@14.0.2/java.lang.Thread.run(Thread.java:832)
24-Apr-2022 08:29:41.070 INFO [Thread-2] org.apache.coyote.AbstractProtocol.stop Stopping ProtocolHandler ["http-nio-8080"]
24-Apr-2022 08:29:41.080 INFO [Thread-2] org.apache.coyote.AbstractProtocol.destroy Destroying ProtocolHandler ["http-nio-8080"]
24-Apr-2022 08:29:53.613 INFO [main] org.apache.catalina.startup.VersionLoggerListener.log Server version name:   Apache Tomcat/9.0.56
24-Apr-2022 08:29:53.620 INFO [main] org.apache.catalina.startup.VersionLoggerListener.log Server built:          Dec 2 2021 14:30:07 UTC
24-Apr-2022 08:29:53.621 INFO [main] org.apache.catalina.startup.VersionLoggerListener.log Server version number: 9.0.56.0
24-Apr-2022 08:29:53.621 INFO [main] org.apache.catalina.startup.VersionLoggerListener.log OS Name:               Windows 10
24-Apr-2022 08:29:53.622 INFO [main] org.apache.catalina.startup.VersionLoggerListener.log OS Version:            10.0
24-Apr-2022 08:29:53.622 INFO [main] org.apache.catalina.startup.VersionLoggerListener.log Architecture:          amd64
24-Apr-2022 08:29:53.623 INFO [main] org.apache.catalina.startup.VersionLoggerListener.log Java Home:             c:\jdk-14.0.2
24-Apr-2022 08:29:53.623 INFO [main] org.apache.catalina.startup.VersionLoggerListener.log JVM Version:           14.0.2+12-46
24-Apr-2022 08:29:53.624 INFO [main] org.apache.catalina.startup.VersionLoggerListener.log JVM Vendor:            Oracle Corporation
24-Apr-2022 08:29:53.627 INFO [main] org.apache.catalina.startup.VersionLoggerListener.log CATALINA_BASE:         C:\tomcat9
24-Apr-2022 08:29:53.629 INFO [main] org.apache.catalina.startup.VersionLoggerListener.log CATALINA_HOME:         C:\tomcat9
24-Apr-2022 08:29:53.661 INFO [main] org.apache.catalina.startup.VersionLoggerListener.log Command line argument: --add-opens=java.base/java.lang=ALL-UNNAMED
24-Apr-2022 08:29:53.662 INFO [main] org.apache.catalina.startup.VersionLoggerListener.log Command line argument: --add-opens=java.base/java.io=ALL-UNNAMED
24-Apr-2022 08:29:53.664 INFO [main] org.apache.catalina.startup.VersionLoggerListener.log Command line argument: --add-opens=java.base/java.util=ALL-UNNAMED
24-Apr-2022 08:29:53.665 INFO [main] org.apache.catalina.startup.VersionLoggerListener.log Command line argument: --add-opens=java.base/java.util.concurrent=ALL-UNNAMED
24-Apr-2022 08:29:53.666 INFO [main] org.apache.catalina.startup.VersionLoggerListener.log Command line argument: --add-opens=java.rmi/sun.rmi.transport=ALL-UNNAMED
24-Apr-2022 08:29:53.668 INFO [main] org.apache.catalina.startup.VersionLoggerListener.log Command line argument: -Djava.util.logging.config.file=c:\tomcat9\conf\logging.properties
24-Apr-2022 08:29:53.668 INFO [main] org.apache.catalina.startup.VersionLoggerListener.log Command line argument: -Djava.util.logging.manager=org.apache.juli.ClassLoaderLogManager
24-Apr-2022 08:29:53.670 INFO [main] org.apache.catalina.startup.VersionLoggerListener.log Command line argument: -Djdk.tls.ephemeralDHKeySize=2048
24-Apr-2022 08:29:53.676 INFO [main] org.apache.catalina.startup.VersionLoggerListener.log Command line argument: -Djava.protocol.handler.pkgs=org.apache.catalina.webresources
24-Apr-2022 08:29:53.679 INFO [main] org.apache.catalina.startup.VersionLoggerListener.log Command line argument: -Dignore.endorsed.dirs=
24-Apr-2022 08:29:53.680 INFO [main] org.apache.catalina.startup.VersionLoggerListener.log Command line argument: -Dcatalina.base=c:\tomcat9
24-Apr-2022 08:29:53.681 INFO [main] org.apache.catalina.startup.VersionLoggerListener.log Command line argument: -Dcatalina.home=c:\tomcat9
24-Apr-2022 08:29:53.682 INFO [main] org.apache.catalina.startup.VersionLoggerListener.log Command line argument: -Djava.io.tmpdir=c:\tomcat9\temp
24-Apr-2022 08:29:53.705 INFO [main] org.apache.catalina.core.AprLifecycleListener.lifecycleEvent The Apache Tomcat Native library which allows using OpenSSL was not found on the java.library.path: [c:\jdk-14.0.2\bin;C:\WINDOWS\Sun\Java\bin;C:\WINDOWS\system32;C:\WINDOWS;C:\WINDOWS\system32;C:\WINDOWS;C:\WINDOWS\System32\WbemC;C:\WINDOWS\System32\WindowsPowerShell\v1.0\;C:\WINDOWS\System32\OpenSSH\;C:\jdk-14.0.2\bin;C:\sqlite3;C:\mingw\bin;C:\Program Files\Microsoft SQL Server\Client SDK\ODBC\130\Tools\Binn\;C:\Program Files (x86)\Microsoft SQL Server\140\Tools\Binn\;C:\Program Files\Microsoft SQL Server\140\Tools\Binn\;C:\Program Files\Microsoft SQL Server\140\DTS\Binn\;C:\Program Files (x86)\Microsoft SQL Server\150\DTS\Binn\;C:\Program Files (x86)\mingw-w64\i686-8.1.0-posix-dwarf-rt_v6-rev0;C:\gradle-6.5\bin;C:\Program Files\Git\bin;C:\Program Files (x86)\CMake\bin;C:\opencv\build\mingw\bin;C:\WINDOWS\System32\Wbem;C:\Program Files\jEdit;C:\gstreamer\1.0\msvc_x86_64\bin;%GSTREAMER_ROOT_X86%\lib\gstreamer-1.0;GST_PLUGIN_SYSTEM_PATH;;;C:\Users\pradh\AppData\Local\Programs\Python\Python310\Scripts\;C:\Users\pradh\AppData\Local\Programs\Python\Python310\;C:\Program Files\MySQL\MySQL Shell 8.0\bin\;C:\Users\pradh\AppData\Local\Microsoft\WindowsApps;C:\sqlite3;C:\Users\pradh\AppData\Local\Programs\Microsoft VS Code\bin;C:\mingw\bin;C:\Program Files\Azure Data Studio\bin;C:\Users\pradh\AppData\Local\GitHubDesktop\bin;C:\Program Files (x86)\mingw-w64\i686-8.1.0-posix-dwarf-rt_v6-rev0;C:\gradle-6.5\bin;C:\jdk-14.0.2\bin;C:\Program Files\Git\bin;C:\opencv\build\mingw\bin;C:\gstreamer\1.0\msvc_x86_64\bin;;.]
24-Apr-2022 08:29:54.401 INFO [main] org.apache.coyote.AbstractProtocol.init Initializing ProtocolHandler ["http-nio-8080"]
24-Apr-2022 08:29:54.460 INFO [main] org.apache.catalina.startup.Catalina.load Server initialization in [1194] milliseconds
24-Apr-2022 08:29:54.550 INFO [main] org.apache.catalina.core.StandardService.startInternal Starting service [Catalina]
24-Apr-2022 08:29:54.550 INFO [main] org.apache.catalina.core.StandardEngine.startInternal Starting Servlet engine: [Apache Tomcat/9.0.56]
24-Apr-2022 08:29:54.568 INFO [main] org.apache.catalina.startup.HostConfig.deployDirectory Deploying web application directory [C:\tomcat9\webapps\docs]
24-Apr-2022 08:29:55.248 WARNING [main] org.apache.catalina.util.SessionIdGeneratorBase.createSecureRandom Creation of SecureRandom instance for session ID generation using [SHA1PRNG] took [122] milliseconds.
24-Apr-2022 08:29:55.318 INFO [main] org.apache.catalina.startup.HostConfig.deployDirectory Deployment of web application directory [C:\tomcat9\webapps\docs] has finished in [750] ms
24-Apr-2022 08:29:55.321 INFO [main] org.apache.catalina.startup.HostConfig.deployDirectory Deploying web application directory [C:\tomcat9\webapps\examples]
24-Apr-2022 08:29:56.350 INFO [main] org.apache.catalina.startup.HostConfig.deployDirectory Deployment of web application directory [C:\tomcat9\webapps\examples] has finished in [1,029] ms
24-Apr-2022 08:29:56.354 INFO [main] org.apache.catalina.startup.HostConfig.deployDirectory Deploying web application directory [C:\tomcat9\webapps\five]
24-Apr-2022 08:29:56.472 INFO [main] org.apache.catalina.startup.HostConfig.deployDirectory Deployment of web application directory [C:\tomcat9\webapps\five] has finished in [118] ms
24-Apr-2022 08:29:56.474 INFO [main] org.apache.catalina.startup.HostConfig.deployDirectory Deploying web application directory [C:\tomcat9\webapps\four]
24-Apr-2022 08:29:56.579 INFO [main] org.apache.catalina.startup.HostConfig.deployDirectory Deployment of web application directory [C:\tomcat9\webapps\four] has finished in [105] ms
24-Apr-2022 08:29:56.580 INFO [main] org.apache.catalina.startup.HostConfig.deployDirectory Deploying web application directory [C:\tomcat9\webapps\host-manager]
24-Apr-2022 08:29:56.671 INFO [main] org.apache.catalina.startup.HostConfig.deployDirectory Deployment of web application directory [C:\tomcat9\webapps\host-manager] has finished in [91] ms
24-Apr-2022 08:29:56.672 INFO [main] org.apache.catalina.startup.HostConfig.deployDirectory Deploying web application directory [C:\tomcat9\webapps\manager]
24-Apr-2022 08:29:56.765 INFO [main] org.apache.catalina.startup.HostConfig.deployDirectory Deployment of web application directory [C:\tomcat9\webapps\manager] has finished in [93] ms
24-Apr-2022 08:29:56.767 INFO [main] org.apache.catalina.startup.HostConfig.deployDirectory Deploying web application directory [C:\tomcat9\webapps\one]
24-Apr-2022 08:29:56.841 INFO [main] org.apache.catalina.startup.HostConfig.deployDirectory Deployment of web application directory [C:\tomcat9\webapps\one] has finished in [74] ms
24-Apr-2022 08:29:56.843 INFO [main] org.apache.catalina.startup.HostConfig.deployDirectory Deploying web application directory [C:\tomcat9\webapps\ROOT]
24-Apr-2022 08:29:56.923 INFO [main] org.apache.catalina.startup.HostConfig.deployDirectory Deployment of web application directory [C:\tomcat9\webapps\ROOT] has finished in [80] ms
24-Apr-2022 08:29:56.932 INFO [main] org.apache.catalina.startup.HostConfig.deployDirectory Deploying web application directory [C:\tomcat9\webapps\styleone]
24-Apr-2022 08:29:58.127 INFO [main] org.apache.jasper.servlet.TldScanner.scanJars At least one JAR was scanned for TLDs yet contained no TLDs. Enable debug logging for this logger for a complete list of JARs that were scanned but no TLDs were found in them. Skipping unneeded JARs during scanning can improve startup time and JSP compilation time.
24-Apr-2022 08:29:58.136 INFO [main] org.apache.catalina.startup.HostConfig.deployDirectory Deployment of web application directory [C:\tomcat9\webapps\styleone] has finished in [1,205] ms
24-Apr-2022 08:29:58.138 INFO [main] org.apache.catalina.startup.HostConfig.deployDirectory Deploying web application directory [C:\tomcat9\webapps\stylethree]
24-Apr-2022 08:29:58.980 INFO [main] org.apache.jasper.servlet.TldScanner.scanJars At least one JAR was scanned for TLDs yet contained no TLDs. Enable debug logging for this logger for a complete list of JARs that were scanned but no TLDs were found in them. Skipping unneeded JARs during scanning can improve startup time and JSP compilation time.
24-Apr-2022 08:29:58.988 INFO [main] org.apache.catalina.startup.HostConfig.deployDirectory Deployment of web application directory [C:\tomcat9\webapps\stylethree] has finished in [850] ms
24-Apr-2022 08:29:58.988 INFO [main] org.apache.catalina.startup.HostConfig.deployDirectory Deploying web application directory [C:\tomcat9\webapps\styletwo]
24-Apr-2022 08:29:59.783 INFO [main] org.apache.jasper.servlet.TldScanner.scanJars At least one JAR was scanned for TLDs yet contained no TLDs. Enable debug logging for this logger for a complete list of JARs that were scanned but no TLDs were found in them. Skipping unneeded JARs during scanning can improve startup time and JSP compilation time.
24-Apr-2022 08:29:59.867 INFO [main] org.apache.catalina.startup.HostConfig.deployDirectory Deployment of web application directory [C:\tomcat9\webapps\styletwo] has finished in [879] ms
24-Apr-2022 08:29:59.867 INFO [main] org.apache.catalina.startup.HostConfig.deployDirectory Deploying web application directory [C:\tomcat9\webapps\three]
24-Apr-2022 08:29:59.973 INFO [main] org.apache.catalina.startup.HostConfig.deployDirectory Deployment of web application directory [C:\tomcat9\webapps\three] has finished in [106] ms
24-Apr-2022 08:29:59.974 INFO [main] org.apache.catalina.startup.HostConfig.deployDirectory Deploying web application directory [C:\tomcat9\webapps\two]
24-Apr-2022 08:30:00.070 INFO [main] org.apache.catalina.startup.HostConfig.deployDirectory Deployment of web application directory [C:\tomcat9\webapps\two] has finished in [95] ms
24-Apr-2022 08:30:00.071 INFO [main] org.apache.catalina.startup.HostConfig.deployDirectory Deploying web application directory [C:\tomcat9\webapps\vapasone]
24-Apr-2022 08:30:00.129 INFO [main] org.apache.catalina.startup.HostConfig.deployDirectory Deployment of web application directory [C:\tomcat9\webapps\vapasone] has finished in [58] ms
24-Apr-2022 08:30:00.138 INFO [main] org.apache.coyote.AbstractProtocol.start Starting ProtocolHandler ["http-nio-8080"]
24-Apr-2022 08:30:00.263 INFO [main] org.apache.catalina.startup.Catalina.start Server startup in [5799] milliseconds
24-Apr-2022 08:31:00.029 INFO [Thread-2] org.apache.coyote.AbstractProtocol.pause Pausing ProtocolHandler ["http-nio-8080"]
24-Apr-2022 08:31:00.056 INFO [Thread-2] org.apache.catalina.core.StandardService.stopInternal Stopping service [Catalina]
24-Apr-2022 08:31:00.107 WARNING [Thread-2] org.apache.catalina.loader.WebappClassLoaderBase.clearReferencesThreads The web application [styleone] appears to have started a thread named [mysql-cj-abandoned-connection-cleanup] but has failed to stop it. This is very likely to create a memory leak. Stack trace of thread:
 java.base@14.0.2/java.io.WinNTFileSystem.canonicalize0(Native Method)
 java.base@14.0.2/java.io.WinNTFileSystem.canonicalize(WinNTFileSystem.java:415)
 java.base@14.0.2/java.io.File.getCanonicalPath(File.java:621)
 org.apache.catalina.webresources.AbstractFileResourceSet.file(AbstractFileResourceSet.java:94)
 org.apache.catalina.webresources.DirResourceSet.getResource(DirResourceSet.java:101)
 org.apache.catalina.webresources.StandardRoot.getResourceInternal(StandardRoot.java:281)
 org.apache.catalina.webresources.CachedResource.validateResource(CachedResource.java:105)
 org.apache.catalina.webresources.Cache.getResource(Cache.java:96)
 org.apache.catalina.webresources.StandardRoot.getResource(StandardRoot.java:216)
 org.apache.catalina.webresources.StandardRoot.getClassLoaderResource(StandardRoot.java:225)
 org.apache.catalina.loader.WebappClassLoaderBase.findResource(WebappClassLoaderBase.java:949)
 org.apache.catalina.loader.WebappClassLoaderBase.getResource(WebappClassLoaderBase.java:1073)
 com.mysql.cj.jdbc.AbandonedConnectionCleanupThread.checkThreadContextClassLoader(AbandonedConnectionCleanupThread.java:117)
 com.mysql.cj.jdbc.AbandonedConnectionCleanupThread.run(AbandonedConnectionCleanupThread.java:84)
 java.base@14.0.2/java.util.concurrent.ThreadPoolExecutor.runWorker(ThreadPoolExecutor.java:1130)
 java.base@14.0.2/java.util.concurrent.ThreadPoolExecutor$Worker.run(ThreadPoolExecutor.java:630)
 java.base@14.0.2/java.lang.Thread.run(Thread.java:832)
24-Apr-2022 08:31:00.125 WARNING [Thread-2] org.apache.catalina.loader.WebappClassLoaderBase.clearReferencesThreads The web application [stylethree] appears to have started a thread named [mysql-cj-abandoned-connection-cleanup] but has failed to stop it. This is very likely to create a memory leak. Stack trace of thread:
 org.apache.catalina.webresources.CachedResource.validateResource(CachedResource.java:105)
 org.apache.catalina.webresources.Cache.getResource(Cache.java:96)
 org.apache.catalina.webresources.StandardRoot.getResource(StandardRoot.java:216)
 org.apache.catalina.webresources.StandardRoot.getClassLoaderResource(StandardRoot.java:225)
 org.apache.catalina.loader.WebappClassLoaderBase.findResource(WebappClassLoaderBase.java:949)
 org.apache.catalina.loader.WebappClassLoaderBase.getResource(WebappClassLoaderBase.java:1073)
 com.mysql.cj.jdbc.AbandonedConnectionCleanupThread.checkThreadContextClassLoader(AbandonedConnectionCleanupThread.java:117)
 com.mysql.cj.jdbc.AbandonedConnectionCleanupThread.run(AbandonedConnectionCleanupThread.java:84)
 java.base@14.0.2/java.util.concurrent.ThreadPoolExecutor.runWorker(ThreadPoolExecutor.java:1130)
 java.base@14.0.2/java.util.concurrent.ThreadPoolExecutor$Worker.run(ThreadPoolExecutor.java:630)
 java.base@14.0.2/java.lang.Thread.run(Thread.java:832)
24-Apr-2022 08:31:00.205 WARNING [Thread-2] org.apache.catalina.loader.WebappClassLoaderBase.clearReferencesJdbc The web application [styletwo] registered the JDBC driver [com.mysql.cj.jdbc.Driver] but failed to unregister it when the web application was stopped. To prevent a memory leak, the JDBC Driver has been forcibly unregistered.
24-Apr-2022 08:31:00.207 WARNING [Thread-2] org.apache.catalina.loader.WebappClassLoaderBase.clearReferencesThreads The web application [styletwo] appears to have started a thread named [mysql-cj-abandoned-connection-cleanup] but has failed to stop it. This is very likely to create a memory leak. Stack trace of thread:
 java.base@14.0.2/java.lang.Object.wait(Native Method)
 java.base@14.0.2/java.lang.ref.ReferenceQueue.remove(ReferenceQueue.java:155)
 com.mysql.cj.jdbc.AbandonedConnectionCleanupThread.run(AbandonedConnectionCleanupThread.java:85)
 java.base@14.0.2/java.util.concurrent.ThreadPoolExecutor.runWorker(ThreadPoolExecutor.java:1130)
 java.base@14.0.2/java.util.concurrent.ThreadPoolExecutor$Worker.run(ThreadPoolExecutor.java:630)
 java.base@14.0.2/java.lang.Thread.run(Thread.java:832)
24-Apr-2022 08:31:00.255 INFO [Thread-2] org.apache.coyote.AbstractProtocol.stop Stopping ProtocolHandler ["http-nio-8080"]
24-Apr-2022 08:31:00.280 INFO [Thread-2] org.apache.coyote.AbstractProtocol.destroy Destroying ProtocolHandler ["http-nio-8080"]
24-Apr-2022 08:31:09.486 INFO [main] org.apache.catalina.startup.VersionLoggerListener.log Server version name:   Apache Tomcat/9.0.56
24-Apr-2022 08:31:09.492 INFO [main] org.apache.catalina.startup.VersionLoggerListener.log Server built:          Dec 2 2021 14:30:07 UTC
24-Apr-2022 08:31:09.492 INFO [main] org.apache.catalina.startup.VersionLoggerListener.log Server version number: 9.0.56.0
24-Apr-2022 08:31:09.493 INFO [main] org.apache.catalina.startup.VersionLoggerListener.log OS Name:               Windows 10
24-Apr-2022 08:31:09.493 INFO [main] org.apache.catalina.startup.VersionLoggerListener.log OS Version:            10.0
24-Apr-2022 08:31:09.493 INFO [main] org.apache.catalina.startup.VersionLoggerListener.log Architecture:          amd64
24-Apr-2022 08:31:09.494 INFO [main] org.apache.catalina.startup.VersionLoggerListener.log Java Home:             c:\jdk-14.0.2
24-Apr-2022 08:31:09.494 INFO [main] org.apache.catalina.startup.VersionLoggerListener.log JVM Version:           14.0.2+12-46
24-Apr-2022 08:31:09.495 INFO [main] org.apache.catalina.startup.VersionLoggerListener.log JVM Vendor:            Oracle Corporation
24-Apr-2022 08:31:09.497 INFO [main] org.apache.catalina.startup.VersionLoggerListener.log CATALINA_BASE:         C:\tomcat9
24-Apr-2022 08:31:09.498 INFO [main] org.apache.catalina.startup.VersionLoggerListener.log CATALINA_HOME:         C:\tomcat9
24-Apr-2022 08:31:09.530 INFO [main] org.apache.catalina.startup.VersionLoggerListener.log Command line argument: --add-opens=java.base/java.lang=ALL-UNNAMED
24-Apr-2022 08:31:09.530 INFO [main] org.apache.catalina.startup.VersionLoggerListener.log Command line argument: --add-opens=java.base/java.io=ALL-UNNAMED
24-Apr-2022 08:31:09.532 INFO [main] org.apache.catalina.startup.VersionLoggerListener.log Command line argument: --add-opens=java.base/java.util=ALL-UNNAMED
24-Apr-2022 08:31:09.533 INFO [main] org.apache.catalina.startup.VersionLoggerListener.log Command line argument: --add-opens=java.base/java.util.concurrent=ALL-UNNAMED
24-Apr-2022 08:31:09.534 INFO [main] org.apache.catalina.startup.VersionLoggerListener.log Command line argument: --add-opens=java.rmi/sun.rmi.transport=ALL-UNNAMED
24-Apr-2022 08:31:09.535 INFO [main] org.apache.catalina.startup.VersionLoggerListener.log Command line argument: -Djava.util.logging.config.file=c:\tomcat9\conf\logging.properties
24-Apr-2022 08:31:09.536 INFO [main] org.apache.catalina.startup.VersionLoggerListener.log Command line argument: -Djava.util.logging.manager=org.apache.juli.ClassLoaderLogManager
24-Apr-2022 08:31:09.536 INFO [main] org.apache.catalina.startup.VersionLoggerListener.log Command line argument: -Djdk.tls.ephemeralDHKeySize=2048
24-Apr-2022 08:31:09.538 INFO [main] org.apache.catalina.startup.VersionLoggerListener.log Command line argument: -Djava.protocol.handler.pkgs=org.apache.catalina.webresources
24-Apr-2022 08:31:09.538 INFO [main] org.apache.catalina.startup.VersionLoggerListener.log Command line argument: -Dignore.endorsed.dirs=
24-Apr-2022 08:31:09.577 INFO [main] org.apache.catalina.startup.VersionLoggerListener.log Command line argument: -Dcatalina.base=c:\tomcat9
24-Apr-2022 08:31:09.579 INFO [main] org.apache.catalina.startup.VersionLoggerListener.log Command line argument: -Dcatalina.home=c:\tomcat9
24-Apr-2022 08:31:09.581 INFO [main] org.apache.catalina.startup.VersionLoggerListener.log Command line argument: -Djava.io.tmpdir=c:\tomcat9\temp
24-Apr-2022 08:31:09.608 INFO [main] org.apache.catalina.core.AprLifecycleListener.lifecycleEvent The Apache Tomcat Native library which allows using OpenSSL was not found on the java.library.path: [c:\jdk-14.0.2\bin;C:\WINDOWS\Sun\Java\bin;C:\WINDOWS\system32;C:\WINDOWS;C:\WINDOWS\system32;C:\WINDOWS;C:\WINDOWS\System32\WbemC;C:\WINDOWS\System32\WindowsPowerShell\v1.0\;C:\WINDOWS\System32\OpenSSH\;C:\jdk-14.0.2\bin;C:\sqlite3;C:\mingw\bin;C:\Program Files\Microsoft SQL Server\Client SDK\ODBC\130\Tools\Binn\;C:\Program Files (x86)\Microsoft SQL Server\140\Tools\Binn\;C:\Program Files\Microsoft SQL Server\140\Tools\Binn\;C:\Program Files\Microsoft SQL Server\140\DTS\Binn\;C:\Program Files (x86)\Microsoft SQL Server\150\DTS\Binn\;C:\Program Files (x86)\mingw-w64\i686-8.1.0-posix-dwarf-rt_v6-rev0;C:\gradle-6.5\bin;C:\Program Files\Git\bin;C:\Program Files (x86)\CMake\bin;C:\opencv\build\mingw\bin;C:\WINDOWS\System32\Wbem;C:\Program Files\jEdit;C:\gstreamer\1.0\msvc_x86_64\bin;%GSTREAMER_ROOT_X86%\lib\gstreamer-1.0;GST_PLUGIN_SYSTEM_PATH;;;C:\Users\pradh\AppData\Local\Programs\Python\Python310\Scripts\;C:\Users\pradh\AppData\Local\Programs\Python\Python310\;C:\Program Files\MySQL\MySQL Shell 8.0\bin\;C:\Users\pradh\AppData\Local\Microsoft\WindowsApps;C:\sqlite3;C:\Users\pradh\AppData\Local\Programs\Microsoft VS Code\bin;C:\mingw\bin;C:\Program Files\Azure Data Studio\bin;C:\Users\pradh\AppData\Local\GitHubDesktop\bin;C:\Program Files (x86)\mingw-w64\i686-8.1.0-posix-dwarf-rt_v6-rev0;C:\gradle-6.5\bin;C:\jdk-14.0.2\bin;C:\Program Files\Git\bin;C:\opencv\build\mingw\bin;C:\gstreamer\1.0\msvc_x86_64\bin;;.]
24-Apr-2022 08:31:10.096 INFO [main] org.apache.coyote.AbstractProtocol.init Initializing ProtocolHandler ["http-nio-8080"]
24-Apr-2022 08:31:10.184 INFO [main] org.apache.catalina.startup.Catalina.load Server initialization in [1016] milliseconds
24-Apr-2022 08:31:10.334 INFO [main] org.apache.catalina.core.StandardService.startInternal Starting service [Catalina]
24-Apr-2022 08:31:10.336 INFO [main] org.apache.catalina.core.StandardEngine.startInternal Starting Servlet engine: [Apache Tomcat/9.0.56]
24-Apr-2022 08:31:10.365 INFO [main] org.apache.catalina.startup.HostConfig.deployDirectory Deploying web application directory [C:\tomcat9\webapps\docs]
24-Apr-2022 08:31:11.022 INFO [main] org.apache.catalina.startup.HostConfig.deployDirectory Deployment of web application directory [C:\tomcat9\webapps\docs] has finished in [656] ms
24-Apr-2022 08:31:11.028 INFO [main] org.apache.catalina.startup.HostConfig.deployDirectory Deploying web application directory [C:\tomcat9\webapps\examples]
24-Apr-2022 08:31:12.168 INFO [main] org.apache.catalina.startup.HostConfig.deployDirectory Deployment of web application directory [C:\tomcat9\webapps\examples] has finished in [1,139] ms
24-Apr-2022 08:31:12.171 INFO [main] org.apache.catalina.startup.HostConfig.deployDirectory Deploying web application directory [C:\tomcat9\webapps\five]
24-Apr-2022 08:31:12.268 INFO [main] org.apache.catalina.startup.HostConfig.deployDirectory Deployment of web application directory [C:\tomcat9\webapps\five] has finished in [96] ms
24-Apr-2022 08:31:12.269 INFO [main] org.apache.catalina.startup.HostConfig.deployDirectory Deploying web application directory [C:\tomcat9\webapps\four]
24-Apr-2022 08:31:12.353 INFO [main] org.apache.catalina.startup.HostConfig.deployDirectory Deployment of web application directory [C:\tomcat9\webapps\four] has finished in [85] ms
24-Apr-2022 08:31:12.354 INFO [main] org.apache.catalina.startup.HostConfig.deployDirectory Deploying web application directory [C:\tomcat9\webapps\host-manager]
24-Apr-2022 08:31:12.463 INFO [main] org.apache.catalina.startup.HostConfig.deployDirectory Deployment of web application directory [C:\tomcat9\webapps\host-manager] has finished in [109] ms
24-Apr-2022 08:31:12.464 INFO [main] org.apache.catalina.startup.HostConfig.deployDirectory Deploying web application directory [C:\tomcat9\webapps\manager]
24-Apr-2022 08:31:12.540 INFO [main] org.apache.catalina.startup.HostConfig.deployDirectory Deployment of web application directory [C:\tomcat9\webapps\manager] has finished in [75] ms
24-Apr-2022 08:31:12.541 INFO [main] org.apache.catalina.startup.HostConfig.deployDirectory Deploying web application directory [C:\tomcat9\webapps\one]
24-Apr-2022 08:31:12.608 INFO [main] org.apache.catalina.startup.HostConfig.deployDirectory Deployment of web application directory [C:\tomcat9\webapps\one] has finished in [67] ms
24-Apr-2022 08:31:12.609 INFO [main] org.apache.catalina.startup.HostConfig.deployDirectory Deploying web application directory [C:\tomcat9\webapps\ROOT]
24-Apr-2022 08:31:12.660 INFO [main] org.apache.catalina.startup.HostConfig.deployDirectory Deployment of web application directory [C:\tomcat9\webapps\ROOT] has finished in [52] ms
24-Apr-2022 08:31:12.661 INFO [main] org.apache.catalina.startup.HostConfig.deployDirectory Deploying web application directory [C:\tomcat9\webapps\styleone]
24-Apr-2022 08:31:13.642 INFO [main] org.apache.jasper.servlet.TldScanner.scanJars At least one JAR was scanned for TLDs yet contained no TLDs. Enable debug logging for this logger for a complete list of JARs that were scanned but no TLDs were found in them. Skipping unneeded JARs during scanning can improve startup time and JSP compilation time.
24-Apr-2022 08:31:13.650 INFO [main] org.apache.catalina.startup.HostConfig.deployDirectory Deployment of web application directory [C:\tomcat9\webapps\styleone] has finished in [988] ms
24-Apr-2022 08:31:13.650 INFO [main] org.apache.catalina.startup.HostConfig.deployDirectory Deploying web application directory [C:\tomcat9\webapps\stylethree]
24-Apr-2022 08:31:14.439 INFO [main] org.apache.jasper.servlet.TldScanner.scanJars At least one JAR was scanned for TLDs yet contained no TLDs. Enable debug logging for this logger for a complete list of JARs that were scanned but no TLDs were found in them. Skipping unneeded JARs during scanning can improve startup time and JSP compilation time.
24-Apr-2022 08:31:14.450 INFO [main] org.apache.catalina.startup.HostConfig.deployDirectory Deployment of web application directory [C:\tomcat9\webapps\stylethree] has finished in [800] ms
24-Apr-2022 08:31:14.451 INFO [main] org.apache.catalina.startup.HostConfig.deployDirectory Deploying web application directory [C:\tomcat9\webapps\styletwo]
24-Apr-2022 08:31:15.255 INFO [main] org.apache.jasper.servlet.TldScanner.scanJars At least one JAR was scanned for TLDs yet contained no TLDs. Enable debug logging for this logger for a complete list of JARs that were scanned but no TLDs were found in them. Skipping unneeded JARs during scanning can improve startup time and JSP compilation time.
24-Apr-2022 08:31:15.337 INFO [main] org.apache.catalina.startup.HostConfig.deployDirectory Deployment of web application directory [C:\tomcat9\webapps\styletwo] has finished in [885] ms
24-Apr-2022 08:31:15.338 INFO [main] org.apache.catalina.startup.HostConfig.deployDirectory Deploying web application directory [C:\tomcat9\webapps\three]
24-Apr-2022 08:31:15.418 INFO [main] org.apache.catalina.startup.HostConfig.deployDirectory Deployment of web application directory [C:\tomcat9\webapps\three] has finished in [80] ms
24-Apr-2022 08:31:15.418 INFO [main] org.apache.catalina.startup.HostConfig.deployDirectory Deploying web application directory [C:\tomcat9\webapps\two]
24-Apr-2022 08:31:15.488 INFO [main] org.apache.catalina.startup.HostConfig.deployDirectory Deployment of web application directory [C:\tomcat9\webapps\two] has finished in [70] ms
24-Apr-2022 08:31:15.489 INFO [main] org.apache.catalina.startup.HostConfig.deployDirectory Deploying web application directory [C:\tomcat9\webapps\vapasone]
24-Apr-2022 08:31:15.558 INFO [main] org.apache.catalina.startup.HostConfig.deployDirectory Deployment of web application directory [C:\tomcat9\webapps\vapasone] has finished in [69] ms
24-Apr-2022 08:31:15.568 INFO [main] org.apache.coyote.AbstractProtocol.start Starting ProtocolHandler ["http-nio-8080"]
24-Apr-2022 08:31:15.678 INFO [main] org.apache.catalina.startup.Catalina.start Server startup in [5471] milliseconds
24-Apr-2022 08:55:20.705 INFO [Catalina-utility-2] org.apache.catalina.startup.HostConfig.reload Reloading context [/styletwo]
24-Apr-2022 08:55:20.709 INFO [Catalina-utility-2] org.apache.catalina.core.StandardContext.reload Reloading Context with name [/styletwo] has started
24-Apr-2022 08:55:20.747 WARNING [Catalina-utility-2] org.apache.catalina.loader.WebappClassLoaderBase.clearReferencesJdbc The web application [styletwo] registered the JDBC driver [com.mysql.cj.jdbc.Driver] but failed to unregister it when the web application was stopped. To prevent a memory leak, the JDBC Driver has been forcibly unregistered.
24-Apr-2022 08:55:20.750 WARNING [Catalina-utility-2] org.apache.catalina.loader.WebappClassLoaderBase.clearReferencesThreads The web application [styletwo] appears to have started a thread named [mysql-cj-abandoned-connection-cleanup] but has failed to stop it. This is very likely to create a memory leak. Stack trace of thread:
 java.base@14.0.2/java.lang.Object.wait(Native Method)
 java.base@14.0.2/java.lang.ref.ReferenceQueue.remove(ReferenceQueue.java:155)
 com.mysql.cj.jdbc.AbandonedConnectionCleanupThread.run(AbandonedConnectionCleanupThread.java:85)
 java.base@14.0.2/java.util.concurrent.ThreadPoolExecutor.runWorker(ThreadPoolExecutor.java:1130)
 java.base@14.0.2/java.util.concurrent.ThreadPoolExecutor$Worker.run(ThreadPoolExecutor.java:630)
 java.base@14.0.2/java.lang.Thread.run(Thread.java:832)
24-Apr-2022 08:55:21.095 INFO [mysql-cj-abandoned-connection-cleanup] org.apache.catalina.loader.WebappClassLoaderBase.checkStateForResourceLoading Illegal access: this web application instance has been stopped already. Could not load []. The following stack trace is thrown for debugging purposes as well as to attempt to terminate the thread which caused the illegal access.
	java.lang.IllegalStateException: Illegal access: this web application instance has been stopped already. Could not load []. The following stack trace is thrown for debugging purposes as well as to attempt to terminate the thread which caused the illegal access.
		at org.apache.catalina.loader.WebappClassLoaderBase.checkStateForResourceLoading(WebappClassLoaderBase.java:1427)
		at org.apache.catalina.loader.WebappClassLoaderBase.getResource(WebappClassLoaderBase.java:1052)
		at com.mysql.cj.jdbc.AbandonedConnectionCleanupThread.checkThreadContextClassLoader(AbandonedConnectionCleanupThread.java:117)
		at com.mysql.cj.jdbc.AbandonedConnectionCleanupThread.run(AbandonedConnectionCleanupThread.java:84)
		at java.base/java.util.concurrent.ThreadPoolExecutor.runWorker(ThreadPoolExecutor.java:1130)
		at java.base/java.util.concurrent.ThreadPoolExecutor$Worker.run(ThreadPoolExecutor.java:630)
		at java.base/java.lang.Thread.run(Thread.java:832)
24-Apr-2022 08:55:21.097 INFO [mysql-cj-abandoned-connection-cleanup] org.apache.catalina.loader.WebappClassLoaderBase.checkStateForResourceLoading Illegal access: this web application instance has been stopped already. Could not load []. The following stack trace is thrown for debugging purposes as well as to attempt to terminate the thread which caused the illegal access.
	java.lang.IllegalStateException: Illegal access: this web application instance has been stopped already. Could not load []. The following stack trace is thrown for debugging purposes as well as to attempt to terminate the thread which caused the illegal access.
		at org.apache.catalina.loader.WebappClassLoaderBase.checkStateForResourceLoading(WebappClassLoaderBase.java:1427)
		at org.apache.catalina.loader.WebappClassLoaderBase.getResource(WebappClassLoaderBase.java:1052)
		at com.mysql.cj.jdbc.AbandonedConnectionCleanupThread.checkThreadContextClassLoader(AbandonedConnectionCleanupThread.java:117)
		at com.mysql.cj.jdbc.AbandonedConnectionCleanupThread.run(AbandonedConnectionCleanupThread.java:84)
		at java.base/java.util.concurrent.ThreadPoolExecutor.runWorker(ThreadPoolExecutor.java:1130)
		at java.base/java.util.concurrent.ThreadPoolExecutor$Worker.run(ThreadPoolExecutor.java:630)
		at java.base/java.lang.Thread.run(Thread.java:832)
24-Apr-2022 08:55:22.143 INFO [Catalina-utility-2] org.apache.jasper.servlet.TldScanner.scanJars At least one JAR was scanned for TLDs yet contained no TLDs. Enable debug logging for this logger for a complete list of JARs that were scanned but no TLDs were found in them. Skipping unneeded JARs during scanning can improve startup time and JSP compilation time.
24-Apr-2022 08:55:22.162 INFO [Catalina-utility-2] org.apache.catalina.core.StandardContext.reload Reloading Context with name [/styletwo] is completed
24-Apr-2022 08:55:37.010 INFO [Thread-2] org.apache.coyote.AbstractProtocol.pause Pausing ProtocolHandler ["http-nio-8080"]
24-Apr-2022 08:55:37.031 INFO [Thread-2] org.apache.catalina.core.StandardService.stopInternal Stopping service [Catalina]
24-Apr-2022 08:55:37.115 INFO [Thread-2] org.apache.coyote.AbstractProtocol.stop Stopping ProtocolHandler ["http-nio-8080"]
24-Apr-2022 08:55:37.132 INFO [Thread-2] org.apache.coyote.AbstractProtocol.destroy Destroying ProtocolHandler ["http-nio-8080"]
24-Apr-2022 08:55:40.847 INFO [main] org.apache.catalina.startup.VersionLoggerListener.log Server version name:   Apache Tomcat/9.0.56
24-Apr-2022 08:55:40.851 INFO [main] org.apache.catalina.startup.VersionLoggerListener.log Server built:          Dec 2 2021 14:30:07 UTC
24-Apr-2022 08:55:40.852 INFO [main] org.apache.catalina.startup.VersionLoggerListener.log Server version number: 9.0.56.0
24-Apr-2022 08:55:40.852 INFO [main] org.apache.catalina.startup.VersionLoggerListener.log OS Name:               Windows 10
24-Apr-2022 08:55:40.853 INFO [main] org.apache.catalina.startup.VersionLoggerListener.log OS Version:            10.0
24-Apr-2022 08:55:40.853 INFO [main] org.apache.catalina.startup.VersionLoggerListener.log Architecture:          amd64
24-Apr-2022 08:55:40.853 INFO [main] org.apache.catalina.startup.VersionLoggerListener.log Java Home:             c:\jdk-14.0.2
24-Apr-2022 08:55:40.854 INFO [main] org.apache.catalina.startup.VersionLoggerListener.log JVM Version:           14.0.2+12-46
24-Apr-2022 08:55:40.855 INFO [main] org.apache.catalina.startup.VersionLoggerListener.log JVM Vendor:            Oracle Corporation
24-Apr-2022 08:55:40.856 INFO [main] org.apache.catalina.startup.VersionLoggerListener.log CATALINA_BASE:         C:\tomcat9
24-Apr-2022 08:55:40.858 INFO [main] org.apache.catalina.startup.VersionLoggerListener.log CATALINA_HOME:         C:\tomcat9
24-Apr-2022 08:55:40.881 INFO [main] org.apache.catalina.startup.VersionLoggerListener.log Command line argument: --add-opens=java.base/java.lang=ALL-UNNAMED
24-Apr-2022 08:55:40.882 INFO [main] org.apache.catalina.startup.VersionLoggerListener.log Command line argument: --add-opens=java.base/java.io=ALL-UNNAMED
24-Apr-2022 08:55:40.888 INFO [main] org.apache.catalina.startup.VersionLoggerListener.log Command line argument: --add-opens=java.base/java.util=ALL-UNNAMED
24-Apr-2022 08:55:40.889 INFO [main] org.apache.catalina.startup.VersionLoggerListener.log Command line argument: --add-opens=java.base/java.util.concurrent=ALL-UNNAMED
24-Apr-2022 08:55:40.890 INFO [main] org.apache.catalina.startup.VersionLoggerListener.log Command line argument: --add-opens=java.rmi/sun.rmi.transport=ALL-UNNAMED
24-Apr-2022 08:55:40.891 INFO [main] org.apache.catalina.startup.VersionLoggerListener.log Command line argument: -Djava.util.logging.config.file=c:\tomcat9\conf\logging.properties
24-Apr-2022 08:55:40.892 INFO [main] org.apache.catalina.startup.VersionLoggerListener.log Command line argument: -Djava.util.logging.manager=org.apache.juli.ClassLoaderLogManager
24-Apr-2022 08:55:40.893 INFO [main] org.apache.catalina.startup.VersionLoggerListener.log Command line argument: -Djdk.tls.ephemeralDHKeySize=2048
24-Apr-2022 08:55:40.899 INFO [main] org.apache.catalina.startup.VersionLoggerListener.log Command line argument: -Djava.protocol.handler.pkgs=org.apache.catalina.webresources
24-Apr-2022 08:55:40.900 INFO [main] org.apache.catalina.startup.VersionLoggerListener.log Command line argument: -Dignore.endorsed.dirs=
24-Apr-2022 08:55:40.902 INFO [main] org.apache.catalina.startup.VersionLoggerListener.log Command line argument: -Dcatalina.base=c:\tomcat9
24-Apr-2022 08:55:40.902 INFO [main] org.apache.catalina.startup.VersionLoggerListener.log Command line argument: -Dcatalina.home=c:\tomcat9
24-Apr-2022 08:55:40.903 INFO [main] org.apache.catalina.startup.VersionLoggerListener.log Command line argument: -Djava.io.tmpdir=c:\tomcat9\temp
24-Apr-2022 08:55:40.924 INFO [main] org.apache.catalina.core.AprLifecycleListener.lifecycleEvent The Apache Tomcat Native library which allows using OpenSSL was not found on the java.library.path: [c:\jdk-14.0.2\bin;C:\WINDOWS\Sun\Java\bin;C:\WINDOWS\system32;C:\WINDOWS;C:\WINDOWS\system32;C:\WINDOWS;C:\WINDOWS\System32\WbemC;C:\WINDOWS\System32\WindowsPowerShell\v1.0\;C:\WINDOWS\System32\OpenSSH\;C:\jdk-14.0.2\bin;C:\sqlite3;C:\mingw\bin;C:\Program Files\Microsoft SQL Server\Client SDK\ODBC\130\Tools\Binn\;C:\Program Files (x86)\Microsoft SQL Server\140\Tools\Binn\;C:\Program Files\Microsoft SQL Server\140\Tools\Binn\;C:\Program Files\Microsoft SQL Server\140\DTS\Binn\;C:\Program Files (x86)\Microsoft SQL Server\150\DTS\Binn\;C:\Program Files (x86)\mingw-w64\i686-8.1.0-posix-dwarf-rt_v6-rev0;C:\gradle-6.5\bin;C:\Program Files\Git\bin;C:\Program Files (x86)\CMake\bin;C:\opencv\build\mingw\bin;C:\WINDOWS\System32\Wbem;C:\Program Files\jEdit;C:\gstreamer\1.0\msvc_x86_64\bin;%GSTREAMER_ROOT_X86%\lib\gstreamer-1.0;GST_PLUGIN_SYSTEM_PATH;;;C:\Users\pradh\AppData\Local\Programs\Python\Python310\Scripts\;C:\Users\pradh\AppData\Local\Programs\Python\Python310\;C:\Program Files\MySQL\MySQL Shell 8.0\bin\;C:\Users\pradh\AppData\Local\Microsoft\WindowsApps;C:\sqlite3;C:\Users\pradh\AppData\Local\Programs\Microsoft VS Code\bin;C:\mingw\bin;C:\Program Files\Azure Data Studio\bin;C:\Users\pradh\AppData\Local\GitHubDesktop\bin;C:\Program Files (x86)\mingw-w64\i686-8.1.0-posix-dwarf-rt_v6-rev0;C:\gradle-6.5\bin;C:\jdk-14.0.2\bin;C:\Program Files\Git\bin;C:\opencv\build\mingw\bin;C:\gstreamer\1.0\msvc_x86_64\bin;;.]
24-Apr-2022 08:55:41.460 INFO [main] org.apache.coyote.AbstractProtocol.init Initializing ProtocolHandler ["http-nio-8080"]
24-Apr-2022 08:55:41.519 INFO [main] org.apache.catalina.startup.Catalina.load Server initialization in [978] milliseconds
24-Apr-2022 08:55:41.600 INFO [main] org.apache.catalina.core.StandardService.startInternal Starting service [Catalina]
24-Apr-2022 08:55:41.601 INFO [main] org.apache.catalina.core.StandardEngine.startInternal Starting Servlet engine: [Apache Tomcat/9.0.56]
24-Apr-2022 08:55:41.621 INFO [main] org.apache.catalina.startup.HostConfig.deployDirectory Deploying web application directory [C:\tomcat9\webapps\docs]
24-Apr-2022 08:55:42.195 INFO [main] org.apache.catalina.startup.HostConfig.deployDirectory Deployment of web application directory [C:\tomcat9\webapps\docs] has finished in [573] ms
24-Apr-2022 08:55:42.197 INFO [main] org.apache.catalina.startup.HostConfig.deployDirectory Deploying web application directory [C:\tomcat9\webapps\examples]
24-Apr-2022 08:55:43.226 INFO [main] org.apache.catalina.startup.HostConfig.deployDirectory Deployment of web application directory [C:\tomcat9\webapps\examples] has finished in [1,029] ms
24-Apr-2022 08:55:43.231 INFO [main] org.apache.catalina.startup.HostConfig.deployDirectory Deploying web application directory [C:\tomcat9\webapps\five]
24-Apr-2022 08:55:43.351 INFO [main] org.apache.catalina.startup.HostConfig.deployDirectory Deployment of web application directory [C:\tomcat9\webapps\five] has finished in [119] ms
24-Apr-2022 08:55:43.352 INFO [main] org.apache.catalina.startup.HostConfig.deployDirectory Deploying web application directory [C:\tomcat9\webapps\four]
24-Apr-2022 08:55:43.485 INFO [main] org.apache.catalina.startup.HostConfig.deployDirectory Deployment of web application directory [C:\tomcat9\webapps\four] has finished in [133] ms
24-Apr-2022 08:55:43.487 INFO [main] org.apache.catalina.startup.HostConfig.deployDirectory Deploying web application directory [C:\tomcat9\webapps\host-manager]
24-Apr-2022 08:55:43.613 INFO [main] org.apache.catalina.startup.HostConfig.deployDirectory Deployment of web application directory [C:\tomcat9\webapps\host-manager] has finished in [126] ms
24-Apr-2022 08:55:43.617 INFO [main] org.apache.catalina.startup.HostConfig.deployDirectory Deploying web application directory [C:\tomcat9\webapps\manager]
24-Apr-2022 08:55:43.793 INFO [main] org.apache.catalina.startup.HostConfig.deployDirectory Deployment of web application directory [C:\tomcat9\webapps\manager] has finished in [175] ms
24-Apr-2022 08:55:43.794 INFO [main] org.apache.catalina.startup.HostConfig.deployDirectory Deploying web application directory [C:\tomcat9\webapps\one]
24-Apr-2022 08:55:43.903 INFO [main] org.apache.catalina.startup.HostConfig.deployDirectory Deployment of web application directory [C:\tomcat9\webapps\one] has finished in [108] ms
24-Apr-2022 08:55:43.904 INFO [main] org.apache.catalina.startup.HostConfig.deployDirectory Deploying web application directory [C:\tomcat9\webapps\ROOT]
24-Apr-2022 08:55:43.988 INFO [main] org.apache.catalina.startup.HostConfig.deployDirectory Deployment of web application directory [C:\tomcat9\webapps\ROOT] has finished in [85] ms
24-Apr-2022 08:55:43.990 INFO [main] org.apache.catalina.startup.HostConfig.deployDirectory Deploying web application directory [C:\tomcat9\webapps\styleone]
24-Apr-2022 08:55:45.511 INFO [main] org.apache.jasper.servlet.TldScanner.scanJars At least one JAR was scanned for TLDs yet contained no TLDs. Enable debug logging for this logger for a complete list of JARs that were scanned but no TLDs were found in them. Skipping unneeded JARs during scanning can improve startup time and JSP compilation time.
24-Apr-2022 08:55:45.523 INFO [main] org.apache.catalina.startup.HostConfig.deployDirectory Deployment of web application directory [C:\tomcat9\webapps\styleone] has finished in [1,533] ms
24-Apr-2022 08:55:45.524 INFO [main] org.apache.catalina.startup.HostConfig.deployDirectory Deploying web application directory [C:\tomcat9\webapps\stylethree]
24-Apr-2022 08:55:46.706 INFO [main] org.apache.jasper.servlet.TldScanner.scanJars At least one JAR was scanned for TLDs yet contained no TLDs. Enable debug logging for this logger for a complete list of JARs that were scanned but no TLDs were found in them. Skipping unneeded JARs during scanning can improve startup time and JSP compilation time.
24-Apr-2022 08:55:46.716 INFO [main] org.apache.catalina.startup.HostConfig.deployDirectory Deployment of web application directory [C:\tomcat9\webapps\stylethree] has finished in [1,191] ms
24-Apr-2022 08:55:46.717 INFO [main] org.apache.catalina.startup.HostConfig.deployDirectory Deploying web application directory [C:\tomcat9\webapps\styletwo]
24-Apr-2022 08:55:48.017 INFO [main] org.apache.jasper.servlet.TldScanner.scanJars At least one JAR was scanned for TLDs yet contained no TLDs. Enable debug logging for this logger for a complete list of JARs that were scanned but no TLDs were found in them. Skipping unneeded JARs during scanning can improve startup time and JSP compilation time.
24-Apr-2022 08:55:48.066 INFO [main] org.apache.catalina.startup.HostConfig.deployDirectory Deployment of web application directory [C:\tomcat9\webapps\styletwo] has finished in [1,348] ms
24-Apr-2022 08:55:48.068 INFO [main] org.apache.catalina.startup.HostConfig.deployDirectory Deploying web application directory [C:\tomcat9\webapps\three]
24-Apr-2022 08:55:48.193 INFO [main] org.apache.catalina.startup.HostConfig.deployDirectory Deployment of web application directory [C:\tomcat9\webapps\three] has finished in [125] ms
24-Apr-2022 08:55:48.195 INFO [main] org.apache.catalina.startup.HostConfig.deployDirectory Deploying web application directory [C:\tomcat9\webapps\two]
24-Apr-2022 08:55:48.310 INFO [main] org.apache.catalina.startup.HostConfig.deployDirectory Deployment of web application directory [C:\tomcat9\webapps\two] has finished in [116] ms
24-Apr-2022 08:55:48.311 INFO [main] org.apache.catalina.startup.HostConfig.deployDirectory Deploying web application directory [C:\tomcat9\webapps\vapasone]
24-Apr-2022 08:55:48.404 INFO [main] org.apache.catalina.startup.HostConfig.deployDirectory Deployment of web application directory [C:\tomcat9\webapps\vapasone] has finished in [92] ms
24-Apr-2022 08:55:48.419 INFO [main] org.apache.coyote.AbstractProtocol.start Starting ProtocolHandler ["http-nio-8080"]
24-Apr-2022 08:55:48.541 INFO [main] org.apache.catalina.startup.Catalina.start Server startup in [7019] milliseconds
