25-Mar-2022 22:27:36.030 INFO [main] org.apache.catalina.startup.VersionLoggerListener.log Server version name:   Apache Tomcat/9.0.56
25-Mar-2022 22:27:36.036 INFO [main] org.apache.catalina.startup.VersionLoggerListener.log Server built:          Dec 2 2021 14:30:07 UTC
25-Mar-2022 22:27:36.037 INFO [main] org.apache.catalina.startup.VersionLoggerListener.log Server version number: 9.0.56.0
25-Mar-2022 22:27:36.037 INFO [main] org.apache.catalina.startup.VersionLoggerListener.log OS Name:               Windows 10
25-Mar-2022 22:27:36.037 INFO [main] org.apache.catalina.startup.VersionLoggerListener.log OS Version:            10.0
25-Mar-2022 22:27:36.042 INFO [main] org.apache.catalina.startup.VersionLoggerListener.log Architecture:          amd64
25-Mar-2022 22:27:36.045 INFO [main] org.apache.catalina.startup.VersionLoggerListener.log Java Home:             c:\jdk-14.0.2
25-Mar-2022 22:27:36.045 INFO [main] org.apache.catalina.startup.VersionLoggerListener.log JVM Version:           14.0.2+12-46
25-Mar-2022 22:27:36.045 INFO [main] org.apache.catalina.startup.VersionLoggerListener.log JVM Vendor:            Oracle Corporation
25-Mar-2022 22:27:36.046 INFO [main] org.apache.catalina.startup.VersionLoggerListener.log CATALINA_BASE:         C:\tomcat9
25-Mar-2022 22:27:36.047 INFO [main] org.apache.catalina.startup.VersionLoggerListener.log CATALINA_HOME:         C:\tomcat9
25-Mar-2022 22:27:36.094 INFO [main] org.apache.catalina.startup.VersionLoggerListener.log Command line argument: --add-opens=java.base/java.lang=ALL-UNNAMED
25-Mar-2022 22:27:36.095 INFO [main] org.apache.catalina.startup.VersionLoggerListener.log Command line argument: --add-opens=java.base/java.io=ALL-UNNAMED
25-Mar-2022 22:27:36.101 INFO [main] org.apache.catalina.startup.VersionLoggerListener.log Command line argument: --add-opens=java.base/java.util=ALL-UNNAMED
25-Mar-2022 22:27:36.102 INFO [main] org.apache.catalina.startup.VersionLoggerListener.log Command line argument: --add-opens=java.base/java.util.concurrent=ALL-UNNAMED
25-Mar-2022 22:27:36.103 INFO [main] org.apache.catalina.startup.VersionLoggerListener.log Command line argument: --add-opens=java.rmi/sun.rmi.transport=ALL-UNNAMED
25-Mar-2022 22:27:36.103 INFO [main] org.apache.catalina.startup.VersionLoggerListener.log Command line argument: -Djava.util.logging.config.file=c:\tomcat9\conf\logging.properties
25-Mar-2022 22:27:36.104 INFO [main] org.apache.catalina.startup.VersionLoggerListener.log Command line argument: -Djava.util.logging.manager=org.apache.juli.ClassLoaderLogManager
25-Mar-2022 22:27:36.106 INFO [main] org.apache.catalina.startup.VersionLoggerListener.log Command line argument: -Djdk.tls.ephemeralDHKeySize=2048
25-Mar-2022 22:27:36.115 INFO [main] org.apache.catalina.startup.VersionLoggerListener.log Command line argument: -Djava.protocol.handler.pkgs=org.apache.catalina.webresources
25-Mar-2022 22:27:36.116 INFO [main] org.apache.catalina.startup.VersionLoggerListener.log Command line argument: -Dignore.endorsed.dirs=
25-Mar-2022 22:27:36.117 INFO [main] org.apache.catalina.startup.VersionLoggerListener.log Command line argument: -Dcatalina.base=c:\tomcat9
25-Mar-2022 22:27:36.118 INFO [main] org.apache.catalina.startup.VersionLoggerListener.log Command line argument: -Dcatalina.home=c:\tomcat9
25-Mar-2022 22:27:36.119 INFO [main] org.apache.catalina.startup.VersionLoggerListener.log Command line argument: -Djava.io.tmpdir=c:\tomcat9\temp
25-Mar-2022 22:27:36.144 INFO [main] org.apache.catalina.core.AprLifecycleListener.lifecycleEvent The Apache Tomcat Native library which allows using OpenSSL was not found on the java.library.path: [c:\jdk-14.0.2\bin;C:\WINDOWS\Sun\Java\bin;C:\WINDOWS\system32;C:\WINDOWS;C:\WINDOWS\system32;C:\WINDOWS;C:\WINDOWS\System32\WbemC;C:\WINDOWS\System32\WindowsPowerShell\v1.0\;C:\WINDOWS\System32\OpenSSH\;C:\jdk-14.0.2\bin;C:\sqlite3;C:\mingw\bin;C:\Program Files\Microsoft SQL Server\Client SDK\ODBC\130\Tools\Binn\;C:\Program Files (x86)\Microsoft SQL Server\140\Tools\Binn\;C:\Program Files\Microsoft SQL Server\140\Tools\Binn\;C:\Program Files\Microsoft SQL Server\140\DTS\Binn\;C:\Program Files (x86)\Microsoft SQL Server\150\DTS\Binn\;C:\Program Files (x86)\mingw-w64\i686-8.1.0-posix-dwarf-rt_v6-rev0;C:\gradle-6.5\bin;C:\Program Files\Git\bin;C:\Program Files (x86)\CMake\bin;C:\opencv\build\mingw\bin;C:\WINDOWS\System32\Wbem;C:\Program Files\jEdit;C:\gstreamer\1.0\msvc_x86_64\bin;%GSTREAMER_ROOT_X86%\lib\gstreamer-1.0;GST_PLUGIN_SYSTEM_PATH;;;C:\Program Files\MySQL\MySQL Shell 8.0\bin\;C:\Users\pradh\AppData\Local\Microsoft\WindowsApps;C:\sqlite3;C:\Users\pradh\AppData\Local\Programs\Microsoft VS Code\bin;C:\mingw\bin;C:\Program Files\Azure Data Studio\bin;C:\Users\pradh\AppData\Local\GitHubDesktop\bin;C:\Program Files (x86)\mingw-w64\i686-8.1.0-posix-dwarf-rt_v6-rev0;C:\gradle-6.5\bin;C:\jdk-14.0.2\bin;C:\Program Files\Git\bin;C:\opencv\build\mingw\bin;C:\gstreamer\1.0\msvc_x86_64\bin;;.]
25-Mar-2022 22:27:36.962 INFO [main] org.apache.coyote.AbstractProtocol.init Initializing ProtocolHandler ["http-nio-8080"]
25-Mar-2022 22:27:37.068 INFO [main] org.apache.catalina.startup.Catalina.load Server initialization in [1675] milliseconds
25-Mar-2022 22:27:37.193 INFO [main] org.apache.catalina.core.StandardService.startInternal Starting service [Catalina]
25-Mar-2022 22:27:37.194 INFO [main] org.apache.catalina.core.StandardEngine.startInternal Starting Servlet engine: [Apache Tomcat/9.0.56]
25-Mar-2022 22:27:37.212 INFO [main] org.apache.catalina.startup.HostConfig.deployDirectory Deploying web application directory [C:\tomcat9\webapps\docs]
25-Mar-2022 22:27:37.862 INFO [main] org.apache.catalina.startup.HostConfig.deployDirectory Deployment of web application directory [C:\tomcat9\webapps\docs] has finished in [649] ms
25-Mar-2022 22:27:37.863 INFO [main] org.apache.catalina.startup.HostConfig.deployDirectory Deploying web application directory [C:\tomcat9\webapps\examples]
25-Mar-2022 22:27:41.333 INFO [main] org.apache.catalina.startup.HostConfig.deployDirectory Deployment of web application directory [C:\tomcat9\webapps\examples] has finished in [3,469] ms
25-Mar-2022 22:27:41.347 INFO [main] org.apache.catalina.startup.HostConfig.deployDirectory Deploying web application directory [C:\tomcat9\webapps\five]
25-Mar-2022 22:27:41.845 INFO [main] org.apache.catalina.startup.HostConfig.deployDirectory Deployment of web application directory [C:\tomcat9\webapps\five] has finished in [498] ms
25-Mar-2022 22:27:41.870 INFO [main] org.apache.catalina.startup.HostConfig.deployDirectory Deploying web application directory [C:\tomcat9\webapps\four]
25-Mar-2022 22:27:42.398 INFO [main] org.apache.catalina.startup.HostConfig.deployDirectory Deployment of web application directory [C:\tomcat9\webapps\four] has finished in [529] ms
25-Mar-2022 22:27:42.407 INFO [main] org.apache.catalina.startup.HostConfig.deployDirectory Deploying web application directory [C:\tomcat9\webapps\host-manager]
25-Mar-2022 22:27:42.701 INFO [main] org.apache.catalina.startup.HostConfig.deployDirectory Deployment of web application directory [C:\tomcat9\webapps\host-manager] has finished in [295] ms
25-Mar-2022 22:27:42.718 INFO [main] org.apache.catalina.startup.HostConfig.deployDirectory Deploying web application directory [C:\tomcat9\webapps\manager]
25-Mar-2022 22:27:42.964 INFO [main] org.apache.catalina.startup.HostConfig.deployDirectory Deployment of web application directory [C:\tomcat9\webapps\manager] has finished in [246] ms
25-Mar-2022 22:27:42.965 INFO [main] org.apache.catalina.startup.HostConfig.deployDirectory Deploying web application directory [C:\tomcat9\webapps\one]
25-Mar-2022 22:27:43.163 INFO [main] org.apache.catalina.startup.HostConfig.deployDirectory Deployment of web application directory [C:\tomcat9\webapps\one] has finished in [197] ms
25-Mar-2022 22:27:43.164 INFO [main] org.apache.catalina.startup.HostConfig.deployDirectory Deploying web application directory [C:\tomcat9\webapps\ROOT]
25-Mar-2022 22:27:43.275 INFO [main] org.apache.catalina.startup.HostConfig.deployDirectory Deployment of web application directory [C:\tomcat9\webapps\ROOT] has finished in [111] ms
25-Mar-2022 22:27:43.276 INFO [main] org.apache.catalina.startup.HostConfig.deployDirectory Deploying web application directory [C:\tomcat9\webapps\styleone]
25-Mar-2022 22:27:45.993 INFO [main] org.apache.jasper.servlet.TldScanner.scanJars At least one JAR was scanned for TLDs yet contained no TLDs. Enable debug logging for this logger for a complete list of JARs that were scanned but no TLDs were found in them. Skipping unneeded JARs during scanning can improve startup time and JSP compilation time.
25-Mar-2022 22:27:46.002 INFO [main] org.apache.catalina.startup.HostConfig.deployDirectory Deployment of web application directory [C:\tomcat9\webapps\styleone] has finished in [2,726] ms
25-Mar-2022 22:27:46.004 INFO [main] org.apache.catalina.startup.HostConfig.deployDirectory Deploying web application directory [C:\tomcat9\webapps\three]
25-Mar-2022 22:27:46.208 INFO [main] org.apache.catalina.startup.HostConfig.deployDirectory Deployment of web application directory [C:\tomcat9\webapps\three] has finished in [204] ms
25-Mar-2022 22:27:46.210 INFO [main] org.apache.catalina.startup.HostConfig.deployDirectory Deploying web application directory [C:\tomcat9\webapps\two]
25-Mar-2022 22:27:46.401 INFO [main] org.apache.catalina.startup.HostConfig.deployDirectory Deployment of web application directory [C:\tomcat9\webapps\two] has finished in [190] ms
25-Mar-2022 22:27:46.416 INFO [main] org.apache.coyote.AbstractProtocol.start Starting ProtocolHandler ["http-nio-8080"]
25-Mar-2022 22:27:46.572 INFO [main] org.apache.catalina.startup.Catalina.start Server startup in [9489] milliseconds
25-Mar-2022 22:29:40.615 INFO [Thread-2] org.apache.coyote.AbstractProtocol.pause Pausing ProtocolHandler ["http-nio-8080"]
25-Mar-2022 22:29:40.659 INFO [Thread-2] org.apache.catalina.core.StandardService.stopInternal Stopping service [Catalina]
25-Mar-2022 22:29:40.819 WARNING [Thread-2] org.apache.catalina.loader.WebappClassLoaderBase.clearReferencesJdbc The web application [styleone] registered the JDBC driver [com.mysql.cj.jdbc.Driver] but failed to unregister it when the web application was stopped. To prevent a memory leak, the JDBC Driver has been forcibly unregistered.
25-Mar-2022 22:29:40.823 WARNING [Thread-2] org.apache.catalina.loader.WebappClassLoaderBase.clearReferencesThreads The web application [styleone] appears to have started a thread named [mysql-cj-abandoned-connection-cleanup] but has failed to stop it. This is very likely to create a memory leak. Stack trace of thread:
 java.base@14.0.2/java.lang.Object.wait(Native Method)
 java.base@14.0.2/java.lang.ref.ReferenceQueue.remove(ReferenceQueue.java:155)
 com.mysql.cj.jdbc.AbandonedConnectionCleanupThread.run(AbandonedConnectionCleanupThread.java:85)
 java.base@14.0.2/java.util.concurrent.ThreadPoolExecutor.runWorker(ThreadPoolExecutor.java:1130)
 java.base@14.0.2/java.util.concurrent.ThreadPoolExecutor$Worker.run(ThreadPoolExecutor.java:630)
 java.base@14.0.2/java.lang.Thread.run(Thread.java:832)
25-Mar-2022 22:29:40.919 INFO [Thread-2] org.apache.coyote.AbstractProtocol.stop Stopping ProtocolHandler ["http-nio-8080"]
25-Mar-2022 22:29:40.928 INFO [Thread-2] org.apache.coyote.AbstractProtocol.destroy Destroying ProtocolHandler ["http-nio-8080"]
25-Mar-2022 22:29:44.963 INFO [main] org.apache.catalina.startup.VersionLoggerListener.log Server version name:   Apache Tomcat/9.0.56
25-Mar-2022 22:29:44.968 INFO [main] org.apache.catalina.startup.VersionLoggerListener.log Server built:          Dec 2 2021 14:30:07 UTC
25-Mar-2022 22:29:44.968 INFO [main] org.apache.catalina.startup.VersionLoggerListener.log Server version number: 9.0.56.0
25-Mar-2022 22:29:44.969 INFO [main] org.apache.catalina.startup.VersionLoggerListener.log OS Name:               Windows 10
25-Mar-2022 22:29:44.969 INFO [main] org.apache.catalina.startup.VersionLoggerListener.log OS Version:            10.0
25-Mar-2022 22:29:44.969 INFO [main] org.apache.catalina.startup.VersionLoggerListener.log Architecture:          amd64
25-Mar-2022 22:29:44.969 INFO [main] org.apache.catalina.startup.VersionLoggerListener.log Java Home:             c:\jdk-14.0.2
25-Mar-2022 22:29:44.970 INFO [main] org.apache.catalina.startup.VersionLoggerListener.log JVM Version:           14.0.2+12-46
25-Mar-2022 22:29:44.970 INFO [main] org.apache.catalina.startup.VersionLoggerListener.log JVM Vendor:            Oracle Corporation
25-Mar-2022 22:29:44.971 INFO [main] org.apache.catalina.startup.VersionLoggerListener.log CATALINA_BASE:         C:\tomcat9
25-Mar-2022 22:29:44.972 INFO [main] org.apache.catalina.startup.VersionLoggerListener.log CATALINA_HOME:         C:\tomcat9
25-Mar-2022 22:29:44.993 INFO [main] org.apache.catalina.startup.VersionLoggerListener.log Command line argument: --add-opens=java.base/java.lang=ALL-UNNAMED
25-Mar-2022 22:29:44.998 INFO [main] org.apache.catalina.startup.VersionLoggerListener.log Command line argument: --add-opens=java.base/java.io=ALL-UNNAMED
25-Mar-2022 22:29:45.002 INFO [main] org.apache.catalina.startup.VersionLoggerListener.log Command line argument: --add-opens=java.base/java.util=ALL-UNNAMED
25-Mar-2022 22:29:45.003 INFO [main] org.apache.catalina.startup.VersionLoggerListener.log Command line argument: --add-opens=java.base/java.util.concurrent=ALL-UNNAMED
25-Mar-2022 22:29:45.004 INFO [main] org.apache.catalina.startup.VersionLoggerListener.log Command line argument: --add-opens=java.rmi/sun.rmi.transport=ALL-UNNAMED
25-Mar-2022 22:29:45.004 INFO [main] org.apache.catalina.startup.VersionLoggerListener.log Command line argument: -Djava.util.logging.config.file=c:\tomcat9\conf\logging.properties
25-Mar-2022 22:29:45.005 INFO [main] org.apache.catalina.startup.VersionLoggerListener.log Command line argument: -Djava.util.logging.manager=org.apache.juli.ClassLoaderLogManager
25-Mar-2022 22:29:45.006 INFO [main] org.apache.catalina.startup.VersionLoggerListener.log Command line argument: -Djdk.tls.ephemeralDHKeySize=2048
25-Mar-2022 22:29:45.007 INFO [main] org.apache.catalina.startup.VersionLoggerListener.log Command line argument: -Djava.protocol.handler.pkgs=org.apache.catalina.webresources
25-Mar-2022 22:29:45.007 INFO [main] org.apache.catalina.startup.VersionLoggerListener.log Command line argument: -Dignore.endorsed.dirs=
25-Mar-2022 22:29:45.008 INFO [main] org.apache.catalina.startup.VersionLoggerListener.log Command line argument: -Dcatalina.base=c:\tomcat9
25-Mar-2022 22:29:45.009 INFO [main] org.apache.catalina.startup.VersionLoggerListener.log Command line argument: -Dcatalina.home=c:\tomcat9
25-Mar-2022 22:29:45.009 INFO [main] org.apache.catalina.startup.VersionLoggerListener.log Command line argument: -Djava.io.tmpdir=c:\tomcat9\temp
25-Mar-2022 22:29:45.028 INFO [main] org.apache.catalina.core.AprLifecycleListener.lifecycleEvent The Apache Tomcat Native library which allows using OpenSSL was not found on the java.library.path: [c:\jdk-14.0.2\bin;C:\WINDOWS\Sun\Java\bin;C:\WINDOWS\system32;C:\WINDOWS;C:\WINDOWS\system32;C:\WINDOWS;C:\WINDOWS\System32\WbemC;C:\WINDOWS\System32\WindowsPowerShell\v1.0\;C:\WINDOWS\System32\OpenSSH\;C:\jdk-14.0.2\bin;C:\sqlite3;C:\mingw\bin;C:\Program Files\Microsoft SQL Server\Client SDK\ODBC\130\Tools\Binn\;C:\Program Files (x86)\Microsoft SQL Server\140\Tools\Binn\;C:\Program Files\Microsoft SQL Server\140\Tools\Binn\;C:\Program Files\Microsoft SQL Server\140\DTS\Binn\;C:\Program Files (x86)\Microsoft SQL Server\150\DTS\Binn\;C:\Program Files (x86)\mingw-w64\i686-8.1.0-posix-dwarf-rt_v6-rev0;C:\gradle-6.5\bin;C:\Program Files\Git\bin;C:\Program Files (x86)\CMake\bin;C:\opencv\build\mingw\bin;C:\WINDOWS\System32\Wbem;C:\Program Files\jEdit;C:\gstreamer\1.0\msvc_x86_64\bin;%GSTREAMER_ROOT_X86%\lib\gstreamer-1.0;GST_PLUGIN_SYSTEM_PATH;;;C:\Program Files\MySQL\MySQL Shell 8.0\bin\;C:\Users\pradh\AppData\Local\Microsoft\WindowsApps;C:\sqlite3;C:\Users\pradh\AppData\Local\Programs\Microsoft VS Code\bin;C:\mingw\bin;C:\Program Files\Azure Data Studio\bin;C:\Users\pradh\AppData\Local\GitHubDesktop\bin;C:\Program Files (x86)\mingw-w64\i686-8.1.0-posix-dwarf-rt_v6-rev0;C:\gradle-6.5\bin;C:\jdk-14.0.2\bin;C:\Program Files\Git\bin;C:\opencv\build\mingw\bin;C:\gstreamer\1.0\msvc_x86_64\bin;;.]
25-Mar-2022 22:29:45.543 INFO [main] org.apache.coyote.AbstractProtocol.init Initializing ProtocolHandler ["http-nio-8080"]
25-Mar-2022 22:29:45.600 INFO [main] org.apache.catalina.startup.Catalina.load Server initialization in [1012] milliseconds
25-Mar-2022 22:29:45.688 INFO [main] org.apache.catalina.core.StandardService.startInternal Starting service [Catalina]
25-Mar-2022 22:29:45.691 INFO [main] org.apache.catalina.core.StandardEngine.startInternal Starting Servlet engine: [Apache Tomcat/9.0.56]
25-Mar-2022 22:29:45.714 INFO [main] org.apache.catalina.startup.HostConfig.deployDirectory Deploying web application directory [C:\tomcat9\webapps\docs]
25-Mar-2022 22:29:46.309 WARNING [main] org.apache.catalina.util.SessionIdGeneratorBase.createSecureRandom Creation of SecureRandom instance for session ID generation using [SHA1PRNG] took [102] milliseconds.
25-Mar-2022 22:29:46.354 INFO [main] org.apache.catalina.startup.HostConfig.deployDirectory Deployment of web application directory [C:\tomcat9\webapps\docs] has finished in [640] ms
25-Mar-2022 22:29:46.355 INFO [main] org.apache.catalina.startup.HostConfig.deployDirectory Deploying web application directory [C:\tomcat9\webapps\examples]
25-Mar-2022 22:29:47.672 INFO [main] org.apache.catalina.startup.HostConfig.deployDirectory Deployment of web application directory [C:\tomcat9\webapps\examples] has finished in [1,317] ms
25-Mar-2022 22:29:47.674 INFO [main] org.apache.catalina.startup.HostConfig.deployDirectory Deploying web application directory [C:\tomcat9\webapps\five]
25-Mar-2022 22:29:47.821 INFO [main] org.apache.catalina.startup.HostConfig.deployDirectory Deployment of web application directory [C:\tomcat9\webapps\five] has finished in [148] ms
25-Mar-2022 22:29:47.823 INFO [main] org.apache.catalina.startup.HostConfig.deployDirectory Deploying web application directory [C:\tomcat9\webapps\four]
25-Mar-2022 22:29:47.945 INFO [main] org.apache.catalina.startup.HostConfig.deployDirectory Deployment of web application directory [C:\tomcat9\webapps\four] has finished in [123] ms
25-Mar-2022 22:29:47.947 INFO [main] org.apache.catalina.startup.HostConfig.deployDirectory Deploying web application directory [C:\tomcat9\webapps\host-manager]
25-Mar-2022 22:29:48.091 INFO [main] org.apache.catalina.startup.HostConfig.deployDirectory Deployment of web application directory [C:\tomcat9\webapps\host-manager] has finished in [143] ms
25-Mar-2022 22:29:48.092 INFO [main] org.apache.catalina.startup.HostConfig.deployDirectory Deploying web application directory [C:\tomcat9\webapps\manager]
25-Mar-2022 22:29:48.238 INFO [main] org.apache.catalina.startup.HostConfig.deployDirectory Deployment of web application directory [C:\tomcat9\webapps\manager] has finished in [145] ms
25-Mar-2022 22:29:48.240 INFO [main] org.apache.catalina.startup.HostConfig.deployDirectory Deploying web application directory [C:\tomcat9\webapps\one]
25-Mar-2022 22:29:48.334 INFO [main] org.apache.catalina.startup.HostConfig.deployDirectory Deployment of web application directory [C:\tomcat9\webapps\one] has finished in [94] ms
25-Mar-2022 22:29:48.335 INFO [main] org.apache.catalina.startup.HostConfig.deployDirectory Deploying web application directory [C:\tomcat9\webapps\ROOT]
25-Mar-2022 22:29:48.401 INFO [main] org.apache.catalina.startup.HostConfig.deployDirectory Deployment of web application directory [C:\tomcat9\webapps\ROOT] has finished in [66] ms
25-Mar-2022 22:29:48.402 INFO [main] org.apache.catalina.startup.HostConfig.deployDirectory Deploying web application directory [C:\tomcat9\webapps\styleone]
25-Mar-2022 22:29:50.068 INFO [main] org.apache.jasper.servlet.TldScanner.scanJars At least one JAR was scanned for TLDs yet contained no TLDs. Enable debug logging for this logger for a complete list of JARs that were scanned but no TLDs were found in them. Skipping unneeded JARs during scanning can improve startup time and JSP compilation time.
25-Mar-2022 22:29:50.078 INFO [main] org.apache.catalina.startup.HostConfig.deployDirectory Deployment of web application directory [C:\tomcat9\webapps\styleone] has finished in [1,676] ms
25-Mar-2022 22:29:50.079 INFO [main] org.apache.catalina.startup.HostConfig.deployDirectory Deploying web application directory [C:\tomcat9\webapps\three]
25-Mar-2022 22:29:50.193 INFO [main] org.apache.catalina.startup.HostConfig.deployDirectory Deployment of web application directory [C:\tomcat9\webapps\three] has finished in [114] ms
25-Mar-2022 22:29:50.194 INFO [main] org.apache.catalina.startup.HostConfig.deployDirectory Deploying web application directory [C:\tomcat9\webapps\two]
25-Mar-2022 22:29:50.343 INFO [main] org.apache.catalina.startup.HostConfig.deployDirectory Deployment of web application directory [C:\tomcat9\webapps\two] has finished in [149] ms
25-Mar-2022 22:29:50.360 INFO [main] org.apache.coyote.AbstractProtocol.start Starting ProtocolHandler ["http-nio-8080"]
25-Mar-2022 22:29:50.525 INFO [main] org.apache.catalina.startup.Catalina.start Server startup in [4922] milliseconds
25-Mar-2022 22:41:42.734 INFO [Thread-2] org.apache.coyote.AbstractProtocol.pause Pausing ProtocolHandler ["http-nio-8080"]
25-Mar-2022 22:41:42.774 INFO [Thread-2] org.apache.catalina.core.StandardService.stopInternal Stopping service [Catalina]
25-Mar-2022 22:41:42.818 WARNING [Thread-2] org.apache.catalina.loader.WebappClassLoaderBase.clearReferencesJdbc The web application [styleone] registered the JDBC driver [com.mysql.cj.jdbc.Driver] but failed to unregister it when the web application was stopped. To prevent a memory leak, the JDBC Driver has been forcibly unregistered.
25-Mar-2022 22:41:42.820 WARNING [Thread-2] org.apache.catalina.loader.WebappClassLoaderBase.clearReferencesThreads The web application [styleone] appears to have started a thread named [mysql-cj-abandoned-connection-cleanup] but has failed to stop it. This is very likely to create a memory leak. Stack trace of thread:
 java.base@14.0.2/java.lang.Object.wait(Native Method)
 java.base@14.0.2/java.lang.ref.ReferenceQueue.remove(ReferenceQueue.java:155)
 com.mysql.cj.jdbc.AbandonedConnectionCleanupThread.run(AbandonedConnectionCleanupThread.java:85)
 java.base@14.0.2/java.util.concurrent.ThreadPoolExecutor.runWorker(ThreadPoolExecutor.java:1130)
 java.base@14.0.2/java.util.concurrent.ThreadPoolExecutor$Worker.run(ThreadPoolExecutor.java:630)
 java.base@14.0.2/java.lang.Thread.run(Thread.java:832)
25-Mar-2022 22:41:42.868 INFO [Thread-2] org.apache.coyote.AbstractProtocol.stop Stopping ProtocolHandler ["http-nio-8080"]
25-Mar-2022 22:41:42.877 INFO [Thread-2] org.apache.coyote.AbstractProtocol.destroy Destroying ProtocolHandler ["http-nio-8080"]
25-Mar-2022 22:41:45.719 INFO [main] org.apache.catalina.startup.VersionLoggerListener.log Server version name:   Apache Tomcat/9.0.56
25-Mar-2022 22:41:45.725 INFO [main] org.apache.catalina.startup.VersionLoggerListener.log Server built:          Dec 2 2021 14:30:07 UTC
25-Mar-2022 22:41:45.725 INFO [main] org.apache.catalina.startup.VersionLoggerListener.log Server version number: 9.0.56.0
25-Mar-2022 22:41:45.726 INFO [main] org.apache.catalina.startup.VersionLoggerListener.log OS Name:               Windows 10
25-Mar-2022 22:41:45.726 INFO [main] org.apache.catalina.startup.VersionLoggerListener.log OS Version:            10.0
25-Mar-2022 22:41:45.726 INFO [main] org.apache.catalina.startup.VersionLoggerListener.log Architecture:          amd64
25-Mar-2022 22:41:45.726 INFO [main] org.apache.catalina.startup.VersionLoggerListener.log Java Home:             c:\jdk-14.0.2
25-Mar-2022 22:41:45.727 INFO [main] org.apache.catalina.startup.VersionLoggerListener.log JVM Version:           14.0.2+12-46
25-Mar-2022 22:41:45.727 INFO [main] org.apache.catalina.startup.VersionLoggerListener.log JVM Vendor:            Oracle Corporation
25-Mar-2022 22:41:45.729 INFO [main] org.apache.catalina.startup.VersionLoggerListener.log CATALINA_BASE:         C:\tomcat9
25-Mar-2022 22:41:45.730 INFO [main] org.apache.catalina.startup.VersionLoggerListener.log CATALINA_HOME:         C:\tomcat9
25-Mar-2022 22:41:45.758 INFO [main] org.apache.catalina.startup.VersionLoggerListener.log Command line argument: --add-opens=java.base/java.lang=ALL-UNNAMED
25-Mar-2022 22:41:45.760 INFO [main] org.apache.catalina.startup.VersionLoggerListener.log Command line argument: --add-opens=java.base/java.io=ALL-UNNAMED
25-Mar-2022 22:41:45.761 INFO [main] org.apache.catalina.startup.VersionLoggerListener.log Command line argument: --add-opens=java.base/java.util=ALL-UNNAMED
25-Mar-2022 22:41:45.763 INFO [main] org.apache.catalina.startup.VersionLoggerListener.log Command line argument: --add-opens=java.base/java.util.concurrent=ALL-UNNAMED
25-Mar-2022 22:41:45.764 INFO [main] org.apache.catalina.startup.VersionLoggerListener.log Command line argument: --add-opens=java.rmi/sun.rmi.transport=ALL-UNNAMED
25-Mar-2022 22:41:45.766 INFO [main] org.apache.catalina.startup.VersionLoggerListener.log Command line argument: -Djava.util.logging.config.file=c:\tomcat9\conf\logging.properties
25-Mar-2022 22:41:45.767 INFO [main] org.apache.catalina.startup.VersionLoggerListener.log Command line argument: -Djava.util.logging.manager=org.apache.juli.ClassLoaderLogManager
25-Mar-2022 22:41:45.769 INFO [main] org.apache.catalina.startup.VersionLoggerListener.log Command line argument: -Djdk.tls.ephemeralDHKeySize=2048
25-Mar-2022 22:41:45.770 INFO [main] org.apache.catalina.startup.VersionLoggerListener.log Command line argument: -Djava.protocol.handler.pkgs=org.apache.catalina.webresources
25-Mar-2022 22:41:45.771 INFO [main] org.apache.catalina.startup.VersionLoggerListener.log Command line argument: -Dignore.endorsed.dirs=
25-Mar-2022 22:41:45.772 INFO [main] org.apache.catalina.startup.VersionLoggerListener.log Command line argument: -Dcatalina.base=c:\tomcat9
25-Mar-2022 22:41:45.773 INFO [main] org.apache.catalina.startup.VersionLoggerListener.log Command line argument: -Dcatalina.home=c:\tomcat9
25-Mar-2022 22:41:45.774 INFO [main] org.apache.catalina.startup.VersionLoggerListener.log Command line argument: -Djava.io.tmpdir=c:\tomcat9\temp
25-Mar-2022 22:41:45.792 INFO [main] org.apache.catalina.core.AprLifecycleListener.lifecycleEvent The Apache Tomcat Native library which allows using OpenSSL was not found on the java.library.path: [c:\jdk-14.0.2\bin;C:\WINDOWS\Sun\Java\bin;C:\WINDOWS\system32;C:\WINDOWS;C:\WINDOWS\system32;C:\WINDOWS;C:\WINDOWS\System32\WbemC;C:\WINDOWS\System32\WindowsPowerShell\v1.0\;C:\WINDOWS\System32\OpenSSH\;C:\jdk-14.0.2\bin;C:\sqlite3;C:\mingw\bin;C:\Program Files\Microsoft SQL Server\Client SDK\ODBC\130\Tools\Binn\;C:\Program Files (x86)\Microsoft SQL Server\140\Tools\Binn\;C:\Program Files\Microsoft SQL Server\140\Tools\Binn\;C:\Program Files\Microsoft SQL Server\140\DTS\Binn\;C:\Program Files (x86)\Microsoft SQL Server\150\DTS\Binn\;C:\Program Files (x86)\mingw-w64\i686-8.1.0-posix-dwarf-rt_v6-rev0;C:\gradle-6.5\bin;C:\Program Files\Git\bin;C:\Program Files (x86)\CMake\bin;C:\opencv\build\mingw\bin;C:\WINDOWS\System32\Wbem;C:\Program Files\jEdit;C:\gstreamer\1.0\msvc_x86_64\bin;%GSTREAMER_ROOT_X86%\lib\gstreamer-1.0;GST_PLUGIN_SYSTEM_PATH;;;C:\Program Files\MySQL\MySQL Shell 8.0\bin\;C:\Users\pradh\AppData\Local\Microsoft\WindowsApps;C:\sqlite3;C:\Users\pradh\AppData\Local\Programs\Microsoft VS Code\bin;C:\mingw\bin;C:\Program Files\Azure Data Studio\bin;C:\Users\pradh\AppData\Local\GitHubDesktop\bin;C:\Program Files (x86)\mingw-w64\i686-8.1.0-posix-dwarf-rt_v6-rev0;C:\gradle-6.5\bin;C:\jdk-14.0.2\bin;C:\Program Files\Git\bin;C:\opencv\build\mingw\bin;C:\gstreamer\1.0\msvc_x86_64\bin;;.]
25-Mar-2022 22:41:46.374 INFO [main] org.apache.coyote.AbstractProtocol.init Initializing ProtocolHandler ["http-nio-8080"]
25-Mar-2022 22:41:46.436 INFO [main] org.apache.catalina.startup.Catalina.load Server initialization in [1099] milliseconds
25-Mar-2022 22:41:46.512 INFO [main] org.apache.catalina.core.StandardService.startInternal Starting service [Catalina]
25-Mar-2022 22:41:46.517 INFO [main] org.apache.catalina.core.StandardEngine.startInternal Starting Servlet engine: [Apache Tomcat/9.0.56]
25-Mar-2022 22:41:46.539 INFO [main] org.apache.catalina.startup.HostConfig.deployDirectory Deploying web application directory [C:\tomcat9\webapps\docs]
25-Mar-2022 22:41:47.122 INFO [main] org.apache.catalina.startup.HostConfig.deployDirectory Deployment of web application directory [C:\tomcat9\webapps\docs] has finished in [582] ms
25-Mar-2022 22:41:47.125 INFO [main] org.apache.catalina.startup.HostConfig.deployDirectory Deploying web application directory [C:\tomcat9\webapps\examples]
25-Mar-2022 22:41:48.495 INFO [main] org.apache.catalina.startup.HostConfig.deployDirectory Deployment of web application directory [C:\tomcat9\webapps\examples] has finished in [1,370] ms
25-Mar-2022 22:41:48.513 INFO [main] org.apache.catalina.startup.HostConfig.deployDirectory Deploying web application directory [C:\tomcat9\webapps\five]
25-Mar-2022 22:41:48.782 INFO [main] org.apache.catalina.startup.HostConfig.deployDirectory Deployment of web application directory [C:\tomcat9\webapps\five] has finished in [278] ms
25-Mar-2022 22:41:48.788 INFO [main] org.apache.catalina.startup.HostConfig.deployDirectory Deploying web application directory [C:\tomcat9\webapps\four]
25-Mar-2022 22:41:48.969 INFO [main] org.apache.catalina.startup.HostConfig.deployDirectory Deployment of web application directory [C:\tomcat9\webapps\four] has finished in [181] ms
25-Mar-2022 22:41:48.973 INFO [main] org.apache.catalina.startup.HostConfig.deployDirectory Deploying web application directory [C:\tomcat9\webapps\host-manager]
25-Mar-2022 22:41:49.175 INFO [main] org.apache.catalina.startup.HostConfig.deployDirectory Deployment of web application directory [C:\tomcat9\webapps\host-manager] has finished in [201] ms
25-Mar-2022 22:41:49.182 INFO [main] org.apache.catalina.startup.HostConfig.deployDirectory Deploying web application directory [C:\tomcat9\webapps\manager]
25-Mar-2022 22:41:49.373 INFO [main] org.apache.catalina.startup.HostConfig.deployDirectory Deployment of web application directory [C:\tomcat9\webapps\manager] has finished in [192] ms
25-Mar-2022 22:41:49.374 INFO [main] org.apache.catalina.startup.HostConfig.deployDirectory Deploying web application directory [C:\tomcat9\webapps\one]
25-Mar-2022 22:41:49.609 INFO [main] org.apache.catalina.startup.HostConfig.deployDirectory Deployment of web application directory [C:\tomcat9\webapps\one] has finished in [235] ms
25-Mar-2022 22:41:49.615 INFO [main] org.apache.catalina.startup.HostConfig.deployDirectory Deploying web application directory [C:\tomcat9\webapps\ROOT]
25-Mar-2022 22:41:49.728 INFO [main] org.apache.catalina.startup.HostConfig.deployDirectory Deployment of web application directory [C:\tomcat9\webapps\ROOT] has finished in [113] ms
25-Mar-2022 22:41:49.729 INFO [main] org.apache.catalina.startup.HostConfig.deployDirectory Deploying web application directory [C:\tomcat9\webapps\styleone]
25-Mar-2022 22:41:51.175 INFO [main] org.apache.jasper.servlet.TldScanner.scanJars At least one JAR was scanned for TLDs yet contained no TLDs. Enable debug logging for this logger for a complete list of JARs that were scanned but no TLDs were found in them. Skipping unneeded JARs during scanning can improve startup time and JSP compilation time.
25-Mar-2022 22:41:51.181 INFO [main] org.apache.catalina.startup.HostConfig.deployDirectory Deployment of web application directory [C:\tomcat9\webapps\styleone] has finished in [1,451] ms
25-Mar-2022 22:41:51.182 INFO [main] org.apache.catalina.startup.HostConfig.deployDirectory Deploying web application directory [C:\tomcat9\webapps\three]
25-Mar-2022 22:41:51.246 INFO [main] org.apache.catalina.startup.HostConfig.deployDirectory Deployment of web application directory [C:\tomcat9\webapps\three] has finished in [65] ms
25-Mar-2022 22:41:51.247 INFO [main] org.apache.catalina.startup.HostConfig.deployDirectory Deploying web application directory [C:\tomcat9\webapps\two]
25-Mar-2022 22:41:51.316 INFO [main] org.apache.catalina.startup.HostConfig.deployDirectory Deployment of web application directory [C:\tomcat9\webapps\two] has finished in [69] ms
25-Mar-2022 22:41:51.336 INFO [main] org.apache.coyote.AbstractProtocol.start Starting ProtocolHandler ["http-nio-8080"]
25-Mar-2022 22:41:51.411 INFO [main] org.apache.catalina.startup.Catalina.start Server startup in [4970] milliseconds
