01-Apr-2022 08:44:00.689 INFO [main] org.apache.catalina.core.ApplicationContext.log ContextListener: contextInitialized()
01-Apr-2022 08:44:00.689 INFO [main] org.apache.catalina.core.ApplicationContext.log SessionListener: contextInitialized()
01-Apr-2022 08:44:00.700 INFO [main] org.apache.catalina.core.ApplicationContext.log ContextListener: attributeAdded('StockTicker', 'async.Stockticker@30f5a68a')
01-Apr-2022 08:49:56.332 INFO [Thread-2] org.apache.catalina.core.ApplicationContext.log SessionListener: contextDestroyed()
01-Apr-2022 08:49:56.332 INFO [Thread-2] org.apache.catalina.core.ApplicationContext.log ContextListener: contextDestroyed()
01-Apr-2022 08:50:01.830 INFO [main] org.apache.catalina.core.ApplicationContext.log ContextListener: contextInitialized()
01-Apr-2022 08:50:01.831 INFO [main] org.apache.catalina.core.ApplicationContext.log SessionListener: contextInitialized()
01-Apr-2022 08:50:01.834 INFO [main] org.apache.catalina.core.ApplicationContext.log ContextListener: attributeAdded('StockTicker', 'async.Stockticker@f79a760')
01-Apr-2022 08:51:49.569 INFO [Thread-2] org.apache.catalina.core.ApplicationContext.log SessionListener: contextDestroyed()
01-Apr-2022 08:51:49.569 INFO [Thread-2] org.apache.catalina.core.ApplicationContext.log ContextListener: contextDestroyed()
01-Apr-2022 08:51:54.793 INFO [main] org.apache.catalina.core.ApplicationContext.log ContextListener: contextInitialized()
01-Apr-2022 08:51:54.793 INFO [main] org.apache.catalina.core.ApplicationContext.log SessionListener: contextInitialized()
01-Apr-2022 08:51:54.796 INFO [main] org.apache.catalina.core.ApplicationContext.log ContextListener: attributeAdded('StockTicker', 'async.Stockticker@24d4d7c9')
01-Apr-2022 08:52:30.451 INFO [Thread-2] org.apache.catalina.core.ApplicationContext.log SessionListener: contextDestroyed()
01-Apr-2022 08:52:30.451 INFO [Thread-2] org.apache.catalina.core.ApplicationContext.log ContextListener: contextDestroyed()
01-Apr-2022 08:52:38.887 INFO [main] org.apache.catalina.core.ApplicationContext.log ContextListener: contextInitialized()
01-Apr-2022 08:52:38.887 INFO [main] org.apache.catalina.core.ApplicationContext.log SessionListener: contextInitialized()
01-Apr-2022 08:52:38.890 INFO [main] org.apache.catalina.core.ApplicationContext.log ContextListener: attributeAdded('StockTicker', 'async.Stockticker@53f48368')
01-Apr-2022 08:54:34.826 INFO [Thread-2] org.apache.catalina.core.ApplicationContext.log SessionListener: contextDestroyed()
01-Apr-2022 08:54:34.827 INFO [Thread-2] org.apache.catalina.core.ApplicationContext.log ContextListener: contextDestroyed()
01-Apr-2022 08:54:40.145 INFO [main] org.apache.catalina.core.ApplicationContext.log ContextListener: contextInitialized()
01-Apr-2022 08:54:40.145 INFO [main] org.apache.catalina.core.ApplicationContext.log SessionListener: contextInitialized()
01-Apr-2022 08:54:40.154 INFO [main] org.apache.catalina.core.ApplicationContext.log ContextListener: attributeAdded('StockTicker', 'async.Stockticker@4e28bdd1')
01-Apr-2022 08:55:32.335 INFO [Thread-2] org.apache.catalina.core.ApplicationContext.log SessionListener: contextDestroyed()
01-Apr-2022 08:55:32.335 INFO [Thread-2] org.apache.catalina.core.ApplicationContext.log ContextListener: contextDestroyed()
01-Apr-2022 08:55:41.947 INFO [main] org.apache.catalina.core.ApplicationContext.log ContextListener: contextInitialized()
01-Apr-2022 08:55:41.947 INFO [main] org.apache.catalina.core.ApplicationContext.log SessionListener: contextInitialized()
01-Apr-2022 08:55:41.952 INFO [main] org.apache.catalina.core.ApplicationContext.log ContextListener: attributeAdded('StockTicker', 'async.Stockticker@619bfe29')
01-Apr-2022 08:56:09.940 INFO [Thread-2] org.apache.catalina.core.ApplicationContext.log SessionListener: contextDestroyed()
01-Apr-2022 08:56:09.941 INFO [Thread-2] org.apache.catalina.core.ApplicationContext.log ContextListener: contextDestroyed()
01-Apr-2022 08:56:17.862 INFO [main] org.apache.catalina.core.ApplicationContext.log ContextListener: contextInitialized()
01-Apr-2022 08:56:17.862 INFO [main] org.apache.catalina.core.ApplicationContext.log SessionListener: contextInitialized()
01-Apr-2022 08:56:17.865 INFO [main] org.apache.catalina.core.ApplicationContext.log ContextListener: attributeAdded('StockTicker', 'async.Stockticker@1eb6749b')
01-Apr-2022 08:56:55.929 INFO [Thread-2] org.apache.catalina.core.ApplicationContext.log SessionListener: contextDestroyed()
01-Apr-2022 08:56:55.929 INFO [Thread-2] org.apache.catalina.core.ApplicationContext.log ContextListener: contextDestroyed()
01-Apr-2022 08:57:04.374 INFO [main] org.apache.catalina.core.ApplicationContext.log ContextListener: contextInitialized()
01-Apr-2022 08:57:04.380 INFO [main] org.apache.catalina.core.ApplicationContext.log SessionListener: contextInitialized()
01-Apr-2022 08:57:04.384 INFO [main] org.apache.catalina.core.ApplicationContext.log ContextListener: attributeAdded('StockTicker', 'async.Stockticker@30f5a68a')
01-Apr-2022 21:20:18.334 INFO [main] org.apache.catalina.core.ApplicationContext.log ContextListener: contextInitialized()
01-Apr-2022 21:20:18.334 INFO [main] org.apache.catalina.core.ApplicationContext.log SessionListener: contextInitialized()
01-Apr-2022 21:20:18.342 INFO [main] org.apache.catalina.core.ApplicationContext.log ContextListener: attributeAdded('StockTicker', 'async.Stockticker@650eab8')
01-Apr-2022 21:20:47.746 INFO [Thread-2] org.apache.catalina.core.ApplicationContext.log SessionListener: contextDestroyed()
01-Apr-2022 21:20:47.746 INFO [Thread-2] org.apache.catalina.core.ApplicationContext.log ContextListener: contextDestroyed()
01-Apr-2022 21:21:00.121 INFO [main] org.apache.catalina.core.ApplicationContext.log ContextListener: contextInitialized()
01-Apr-2022 21:21:00.121 INFO [main] org.apache.catalina.core.ApplicationContext.log SessionListener: contextInitialized()
01-Apr-2022 21:21:00.125 INFO [main] org.apache.catalina.core.ApplicationContext.log ContextListener: attributeAdded('StockTicker', 'async.Stockticker@5b7ea70d')
