20-Mar-2022 13:06:20.874 INFO [main] org.apache.catalina.core.ApplicationContext.log ContextListener: contextInitialized()
20-Mar-2022 13:06:20.874 INFO [main] org.apache.catalina.core.ApplicationContext.log SessionListener: contextInitialized()
20-Mar-2022 13:06:20.879 INFO [main] org.apache.catalina.core.ApplicationContext.log ContextListener: attributeAdded('StockTicker', 'async.Stockticker@1eb6749b')
20-Mar-2022 13:18:43.488 INFO [Thread-2] org.apache.catalina.core.ApplicationContext.log SessionListener: contextDestroyed()
20-Mar-2022 13:18:43.488 INFO [Thread-2] org.apache.catalina.core.ApplicationContext.log ContextListener: contextDestroyed()
20-Mar-2022 13:18:52.349 INFO [main] org.apache.catalina.core.ApplicationContext.log ContextListener: contextInitialized()
20-Mar-2022 13:18:52.349 INFO [main] org.apache.catalina.core.ApplicationContext.log SessionListener: contextInitialized()
20-Mar-2022 13:18:52.353 INFO [main] org.apache.catalina.core.ApplicationContext.log ContextListener: attributeAdded('StockTicker', 'async.Stockticker@1eb6749b')
20-Mar-2022 13:28:33.822 INFO [Thread-2] org.apache.catalina.core.ApplicationContext.log SessionListener: contextDestroyed()
20-Mar-2022 13:28:33.822 INFO [Thread-2] org.apache.catalina.core.ApplicationContext.log ContextListener: contextDestroyed()
20-Mar-2022 13:28:39.525 INFO [main] org.apache.catalina.core.ApplicationContext.log ContextListener: contextInitialized()
20-Mar-2022 13:28:39.525 INFO [main] org.apache.catalina.core.ApplicationContext.log SessionListener: contextInitialized()
20-Mar-2022 13:28:39.530 INFO [main] org.apache.catalina.core.ApplicationContext.log ContextListener: attributeAdded('StockTicker', 'async.Stockticker@5b04476e')
20-Mar-2022 13:29:38.230 INFO [Thread-2] org.apache.catalina.core.ApplicationContext.log SessionListener: contextDestroyed()
20-Mar-2022 13:29:38.231 INFO [Thread-2] org.apache.catalina.core.ApplicationContext.log ContextListener: contextDestroyed()
20-Mar-2022 13:29:43.917 INFO [main] org.apache.catalina.core.ApplicationContext.log ContextListener: contextInitialized()
20-Mar-2022 13:29:43.917 INFO [main] org.apache.catalina.core.ApplicationContext.log SessionListener: contextInitialized()
20-Mar-2022 13:29:43.922 INFO [main] org.apache.catalina.core.ApplicationContext.log ContextListener: attributeAdded('StockTicker', 'async.Stockticker@53f48368')
20-Mar-2022 13:35:50.459 INFO [main] org.apache.catalina.core.ApplicationContext.log ContextListener: contextInitialized()
20-Mar-2022 13:35:50.460 INFO [main] org.apache.catalina.core.ApplicationContext.log SessionListener: contextInitialized()
20-Mar-2022 13:35:50.475 INFO [main] org.apache.catalina.core.ApplicationContext.log ContextListener: attributeAdded('StockTicker', 'async.Stockticker@f79a760')
