05-Mar-2022 10:05:42.129 INFO [main] org.apache.catalina.core.ApplicationContext.log ContextListener: contextInitialized()
05-Mar-2022 10:05:42.129 INFO [main] org.apache.catalina.core.ApplicationContext.log SessionListener: contextInitialized()
05-Mar-2022 10:05:42.132 INFO [main] org.apache.catalina.core.ApplicationContext.log ContextListener: attributeAdded('StockTicker', 'async.Stockticker@53f48368')
05-Mar-2022 10:09:08.605 INFO [Thread-2] org.apache.catalina.core.ApplicationContext.log SessionListener: contextDestroyed()
05-Mar-2022 10:09:08.605 INFO [Thread-2] org.apache.catalina.core.ApplicationContext.log ContextListener: contextDestroyed()
05-Mar-2022 10:09:16.155 INFO [main] org.apache.catalina.core.ApplicationContext.log ContextListener: contextInitialized()
05-Mar-2022 10:09:16.157 INFO [main] org.apache.catalina.core.ApplicationContext.log SessionListener: contextInitialized()
05-Mar-2022 10:09:16.164 INFO [main] org.apache.catalina.core.ApplicationContext.log ContextListener: attributeAdded('StockTicker', 'async.Stockticker@30f5a68a')
05-Mar-2022 10:10:03.829 INFO [Thread-2] org.apache.catalina.core.ApplicationContext.log SessionListener: contextDestroyed()
05-Mar-2022 10:10:03.829 INFO [Thread-2] org.apache.catalina.core.ApplicationContext.log ContextListener: contextDestroyed()
05-Mar-2022 10:10:09.322 INFO [main] org.apache.catalina.core.ApplicationContext.log ContextListener: contextInitialized()
05-Mar-2022 10:10:09.323 INFO [main] org.apache.catalina.core.ApplicationContext.log SessionListener: contextInitialized()
05-Mar-2022 10:10:09.329 INFO [main] org.apache.catalina.core.ApplicationContext.log ContextListener: attributeAdded('StockTicker', 'async.Stockticker@5b7ea70d')
05-Mar-2022 10:12:41.430 INFO [Thread-2] org.apache.catalina.core.ApplicationContext.log SessionListener: contextDestroyed()
05-Mar-2022 10:12:41.430 INFO [Thread-2] org.apache.catalina.core.ApplicationContext.log ContextListener: contextDestroyed()
05-Mar-2022 10:14:25.767 INFO [main] org.apache.catalina.core.ApplicationContext.log ContextListener: contextInitialized()
05-Mar-2022 10:14:25.767 INFO [main] org.apache.catalina.core.ApplicationContext.log SessionListener: contextInitialized()
05-Mar-2022 10:14:25.772 INFO [main] org.apache.catalina.core.ApplicationContext.log ContextListener: attributeAdded('StockTicker', 'async.Stockticker@24d4d7c9')
05-Mar-2022 10:15:30.589 INFO [Thread-2] org.apache.catalina.core.ApplicationContext.log SessionListener: contextDestroyed()
05-Mar-2022 10:15:30.590 INFO [Thread-2] org.apache.catalina.core.ApplicationContext.log ContextListener: contextDestroyed()
05-Mar-2022 10:15:36.521 INFO [main] org.apache.catalina.core.ApplicationContext.log ContextListener: contextInitialized()
05-Mar-2022 10:15:36.521 INFO [main] org.apache.catalina.core.ApplicationContext.log SessionListener: contextInitialized()
05-Mar-2022 10:15:36.527 INFO [main] org.apache.catalina.core.ApplicationContext.log ContextListener: attributeAdded('StockTicker', 'async.Stockticker@652a7737')
05-Mar-2022 10:16:04.572 INFO [Thread-2] org.apache.catalina.core.ApplicationContext.log SessionListener: contextDestroyed()
05-Mar-2022 10:16:04.572 INFO [Thread-2] org.apache.catalina.core.ApplicationContext.log ContextListener: contextDestroyed()
05-Mar-2022 10:16:10.573 INFO [main] org.apache.catalina.core.ApplicationContext.log ContextListener: contextInitialized()
05-Mar-2022 10:16:10.573 INFO [main] org.apache.catalina.core.ApplicationContext.log SessionListener: contextInitialized()
05-Mar-2022 10:16:10.582 INFO [main] org.apache.catalina.core.ApplicationContext.log ContextListener: attributeAdded('StockTicker', 'async.Stockticker@650eab8')
05-Mar-2022 10:17:03.472 INFO [Thread-2] org.apache.catalina.core.ApplicationContext.log SessionListener: contextDestroyed()
05-Mar-2022 10:17:03.473 INFO [Thread-2] org.apache.catalina.core.ApplicationContext.log ContextListener: contextDestroyed()
05-Mar-2022 10:17:09.592 INFO [main] org.apache.catalina.core.ApplicationContext.log ContextListener: contextInitialized()
05-Mar-2022 10:17:09.593 INFO [main] org.apache.catalina.core.ApplicationContext.log SessionListener: contextInitialized()
05-Mar-2022 10:17:09.597 INFO [main] org.apache.catalina.core.ApplicationContext.log ContextListener: attributeAdded('StockTicker', 'async.Stockticker@650eab8')
05-Mar-2022 10:18:46.816 INFO [Thread-2] org.apache.catalina.core.ApplicationContext.log SessionListener: contextDestroyed()
05-Mar-2022 10:18:46.816 INFO [Thread-2] org.apache.catalina.core.ApplicationContext.log ContextListener: contextDestroyed()
05-Mar-2022 10:18:53.841 INFO [main] org.apache.catalina.core.ApplicationContext.log ContextListener: contextInitialized()
05-Mar-2022 10:18:53.844 INFO [main] org.apache.catalina.core.ApplicationContext.log SessionListener: contextInitialized()
05-Mar-2022 10:18:53.848 INFO [main] org.apache.catalina.core.ApplicationContext.log ContextListener: attributeAdded('StockTicker', 'async.Stockticker@5b057c8c')
05-Mar-2022 10:19:20.258 INFO [Thread-2] org.apache.catalina.core.ApplicationContext.log SessionListener: contextDestroyed()
05-Mar-2022 10:19:20.259 INFO [Thread-2] org.apache.catalina.core.ApplicationContext.log ContextListener: contextDestroyed()
05-Mar-2022 10:19:26.707 INFO [main] org.apache.catalina.core.ApplicationContext.log ContextListener: contextInitialized()
05-Mar-2022 10:19:26.707 INFO [main] org.apache.catalina.core.ApplicationContext.log SessionListener: contextInitialized()
05-Mar-2022 10:19:26.712 INFO [main] org.apache.catalina.core.ApplicationContext.log ContextListener: attributeAdded('StockTicker', 'async.Stockticker@4f2c9ba6')
05-Mar-2022 10:21:57.550 INFO [main] org.apache.catalina.core.ApplicationContext.log ContextListener: contextInitialized()
05-Mar-2022 10:21:57.553 INFO [main] org.apache.catalina.core.ApplicationContext.log SessionListener: contextInitialized()
05-Mar-2022 10:21:57.558 INFO [main] org.apache.catalina.core.ApplicationContext.log ContextListener: attributeAdded('StockTicker', 'async.Stockticker@5316e95f')
05-Mar-2022 10:22:16.510 INFO [Thread-2] org.apache.catalina.core.ApplicationContext.log SessionListener: contextDestroyed()
05-Mar-2022 10:22:16.510 INFO [Thread-2] org.apache.catalina.core.ApplicationContext.log ContextListener: contextDestroyed()
05-Mar-2022 10:22:23.809 INFO [main] org.apache.catalina.core.ApplicationContext.log ContextListener: contextInitialized()
05-Mar-2022 10:22:23.818 INFO [main] org.apache.catalina.core.ApplicationContext.log SessionListener: contextInitialized()
05-Mar-2022 10:22:23.821 INFO [main] org.apache.catalina.core.ApplicationContext.log ContextListener: attributeAdded('StockTicker', 'async.Stockticker@5b7ea70d')
05-Mar-2022 10:23:30.724 INFO [Thread-2] org.apache.catalina.core.ApplicationContext.log SessionListener: contextDestroyed()
05-Mar-2022 10:23:30.724 INFO [Thread-2] org.apache.catalina.core.ApplicationContext.log ContextListener: contextDestroyed()
05-Mar-2022 10:23:55.600 INFO [main] org.apache.catalina.core.ApplicationContext.log ContextListener: contextInitialized()
05-Mar-2022 10:23:55.600 INFO [main] org.apache.catalina.core.ApplicationContext.log SessionListener: contextInitialized()
05-Mar-2022 10:23:55.605 INFO [main] org.apache.catalina.core.ApplicationContext.log ContextListener: attributeAdded('StockTicker', 'async.Stockticker@650eab8')
05-Mar-2022 10:25:47.441 INFO [Thread-2] org.apache.catalina.core.ApplicationContext.log SessionListener: contextDestroyed()
05-Mar-2022 10:25:47.441 INFO [Thread-2] org.apache.catalina.core.ApplicationContext.log ContextListener: contextDestroyed()
05-Mar-2022 10:25:52.792 INFO [main] org.apache.catalina.core.ApplicationContext.log ContextListener: contextInitialized()
05-Mar-2022 10:25:52.807 INFO [main] org.apache.catalina.core.ApplicationContext.log SessionListener: contextInitialized()
05-Mar-2022 10:25:52.813 INFO [main] org.apache.catalina.core.ApplicationContext.log ContextListener: attributeAdded('StockTicker', 'async.Stockticker@53f48368')
05-Mar-2022 10:28:01.679 INFO [main] org.apache.catalina.core.ApplicationContext.log ContextListener: contextInitialized()
05-Mar-2022 10:28:01.679 INFO [main] org.apache.catalina.core.ApplicationContext.log SessionListener: contextInitialized()
05-Mar-2022 10:28:01.688 INFO [main] org.apache.catalina.core.ApplicationContext.log ContextListener: attributeAdded('StockTicker', 'async.Stockticker@3f053c80')
05-Mar-2022 10:28:09.015 INFO [main] org.apache.catalina.core.ApplicationContext.log ContextListener: contextInitialized()
05-Mar-2022 10:28:09.015 INFO [main] org.apache.catalina.core.ApplicationContext.log SessionListener: contextInitialized()
05-Mar-2022 10:28:09.019 INFO [main] org.apache.catalina.core.ApplicationContext.log ContextListener: attributeAdded('StockTicker', 'async.Stockticker@650eab8')
05-Mar-2022 10:33:21.693 INFO [Thread-2] org.apache.catalina.core.ApplicationContext.log SessionListener: contextDestroyed()
05-Mar-2022 10:33:21.694 INFO [Thread-2] org.apache.catalina.core.ApplicationContext.log ContextListener: contextDestroyed()
05-Mar-2022 10:33:27.642 INFO [main] org.apache.catalina.core.ApplicationContext.log ContextListener: contextInitialized()
05-Mar-2022 10:33:27.642 INFO [main] org.apache.catalina.core.ApplicationContext.log SessionListener: contextInitialized()
05-Mar-2022 10:33:27.645 INFO [main] org.apache.catalina.core.ApplicationContext.log ContextListener: attributeAdded('StockTicker', 'async.Stockticker@5b7ea70d')
05-Mar-2022 10:34:45.115 INFO [Thread-2] org.apache.catalina.core.ApplicationContext.log SessionListener: contextDestroyed()
05-Mar-2022 10:34:45.115 INFO [Thread-2] org.apache.catalina.core.ApplicationContext.log ContextListener: contextDestroyed()
05-Mar-2022 10:34:50.751 INFO [main] org.apache.catalina.core.ApplicationContext.log ContextListener: contextInitialized()
05-Mar-2022 10:34:50.751 INFO [main] org.apache.catalina.core.ApplicationContext.log SessionListener: contextInitialized()
05-Mar-2022 10:34:50.756 INFO [main] org.apache.catalina.core.ApplicationContext.log ContextListener: attributeAdded('StockTicker', 'async.Stockticker@53f48368')
05-Mar-2022 10:35:58.342 INFO [Thread-2] org.apache.catalina.core.ApplicationContext.log SessionListener: contextDestroyed()
05-Mar-2022 10:35:58.342 INFO [Thread-2] org.apache.catalina.core.ApplicationContext.log ContextListener: contextDestroyed()
05-Mar-2022 10:36:04.050 INFO [main] org.apache.catalina.core.ApplicationContext.log ContextListener: contextInitialized()
05-Mar-2022 10:36:04.050 INFO [main] org.apache.catalina.core.ApplicationContext.log SessionListener: contextInitialized()
05-Mar-2022 10:36:04.055 INFO [main] org.apache.catalina.core.ApplicationContext.log ContextListener: attributeAdded('StockTicker', 'async.Stockticker@4e28bdd1')
05-Mar-2022 10:36:46.747 INFO [Thread-2] org.apache.catalina.core.ApplicationContext.log SessionListener: contextDestroyed()
05-Mar-2022 10:36:46.747 INFO [Thread-2] org.apache.catalina.core.ApplicationContext.log ContextListener: contextDestroyed()
05-Mar-2022 10:36:53.641 INFO [main] org.apache.catalina.core.ApplicationContext.log ContextListener: contextInitialized()
05-Mar-2022 10:36:53.642 INFO [main] org.apache.catalina.core.ApplicationContext.log SessionListener: contextInitialized()
05-Mar-2022 10:36:53.645 INFO [main] org.apache.catalina.core.ApplicationContext.log ContextListener: attributeAdded('StockTicker', 'async.Stockticker@650eab8')
