26-Mar-2022 15:57:00.914 INFO [main] org.apache.catalina.core.ApplicationContext.log ContextListener: contextInitialized()
26-Mar-2022 15:57:00.920 INFO [main] org.apache.catalina.core.ApplicationContext.log SessionListener: contextInitialized()
26-Mar-2022 15:57:00.925 INFO [main] org.apache.catalina.core.ApplicationContext.log ContextListener: attributeAdded('StockTicker', 'async.Stockticker@24d4d7c9')
26-Mar-2022 17:55:07.092 INFO [Thread-2] org.apache.catalina.core.ApplicationContext.log SessionListener: contextDestroyed()
26-Mar-2022 17:55:07.093 INFO [Thread-2] org.apache.catalina.core.ApplicationContext.log ContextListener: contextDestroyed()
26-Mar-2022 17:55:14.185 INFO [main] org.apache.catalina.core.ApplicationContext.log ContextListener: contextInitialized()
26-Mar-2022 17:55:14.186 INFO [main] org.apache.catalina.core.ApplicationContext.log SessionListener: contextInitialized()
26-Mar-2022 17:55:14.190 INFO [main] org.apache.catalina.core.ApplicationContext.log ContextListener: attributeAdded('StockTicker', 'async.Stockticker@652a7737')
26-Mar-2022 17:57:31.277 INFO [Thread-2] org.apache.catalina.core.ApplicationContext.log SessionListener: contextDestroyed()
26-Mar-2022 17:57:31.277 INFO [Thread-2] org.apache.catalina.core.ApplicationContext.log ContextListener: contextDestroyed()
26-Mar-2022 17:57:39.218 INFO [main] org.apache.catalina.core.ApplicationContext.log ContextListener: contextInitialized()
26-Mar-2022 17:57:39.224 INFO [main] org.apache.catalina.core.ApplicationContext.log SessionListener: contextInitialized()
26-Mar-2022 17:57:39.227 INFO [main] org.apache.catalina.core.ApplicationContext.log ContextListener: attributeAdded('StockTicker', 'async.Stockticker@652a7737')
26-Mar-2022 17:59:27.580 INFO [Thread-2] org.apache.catalina.core.ApplicationContext.log SessionListener: contextDestroyed()
26-Mar-2022 17:59:27.580 INFO [Thread-2] org.apache.catalina.core.ApplicationContext.log ContextListener: contextDestroyed()
26-Mar-2022 17:59:33.030 INFO [main] org.apache.catalina.core.ApplicationContext.log ContextListener: contextInitialized()
26-Mar-2022 17:59:33.030 INFO [main] org.apache.catalina.core.ApplicationContext.log SessionListener: contextInitialized()
26-Mar-2022 17:59:33.035 INFO [main] org.apache.catalina.core.ApplicationContext.log ContextListener: attributeAdded('StockTicker', 'async.Stockticker@650eab8')
26-Mar-2022 18:00:13.112 INFO [Thread-2] org.apache.catalina.core.ApplicationContext.log SessionListener: contextDestroyed()
26-Mar-2022 18:00:13.112 INFO [Thread-2] org.apache.catalina.core.ApplicationContext.log ContextListener: contextDestroyed()
26-Mar-2022 18:00:19.421 INFO [main] org.apache.catalina.core.ApplicationContext.log ContextListener: contextInitialized()
26-Mar-2022 18:00:19.426 INFO [main] org.apache.catalina.core.ApplicationContext.log SessionListener: contextInitialized()
26-Mar-2022 18:00:19.429 INFO [main] org.apache.catalina.core.ApplicationContext.log ContextListener: attributeAdded('StockTicker', 'async.Stockticker@650eab8')
26-Mar-2022 18:00:58.254 INFO [Thread-2] org.apache.catalina.core.ApplicationContext.log SessionListener: contextDestroyed()
26-Mar-2022 18:00:58.254 INFO [Thread-2] org.apache.catalina.core.ApplicationContext.log ContextListener: contextDestroyed()
26-Mar-2022 18:01:05.232 INFO [main] org.apache.catalina.core.ApplicationContext.log ContextListener: contextInitialized()
26-Mar-2022 18:01:05.232 INFO [main] org.apache.catalina.core.ApplicationContext.log SessionListener: contextInitialized()
26-Mar-2022 18:01:05.237 INFO [main] org.apache.catalina.core.ApplicationContext.log ContextListener: attributeAdded('StockTicker', 'async.Stockticker@4e28bdd1')
26-Mar-2022 21:52:54.838 INFO [main] org.apache.catalina.core.ApplicationContext.log ContextListener: contextInitialized()
26-Mar-2022 21:52:54.838 INFO [main] org.apache.catalina.core.ApplicationContext.log SessionListener: contextInitialized()
26-Mar-2022 21:52:54.847 INFO [main] org.apache.catalina.core.ApplicationContext.log ContextListener: attributeAdded('StockTicker', 'async.Stockticker@4f2c9ba6')
26-Mar-2022 21:55:11.220 INFO [Thread-2] org.apache.catalina.core.ApplicationContext.log SessionListener: contextDestroyed()
26-Mar-2022 21:55:11.220 INFO [Thread-2] org.apache.catalina.core.ApplicationContext.log ContextListener: contextDestroyed()
26-Mar-2022 21:55:17.093 INFO [main] org.apache.catalina.core.ApplicationContext.log ContextListener: contextInitialized()
26-Mar-2022 21:55:17.093 INFO [main] org.apache.catalina.core.ApplicationContext.log SessionListener: contextInitialized()
26-Mar-2022 21:55:17.098 INFO [main] org.apache.catalina.core.ApplicationContext.log ContextListener: attributeAdded('StockTicker', 'async.Stockticker@1eb6749b')
26-Mar-2022 21:56:08.621 INFO [Thread-2] org.apache.catalina.core.ApplicationContext.log SessionListener: contextDestroyed()
26-Mar-2022 21:56:08.621 INFO [Thread-2] org.apache.catalina.core.ApplicationContext.log ContextListener: contextDestroyed()
26-Mar-2022 21:58:29.560 INFO [main] org.apache.catalina.core.ApplicationContext.log ContextListener: contextInitialized()
26-Mar-2022 21:58:29.565 INFO [main] org.apache.catalina.core.ApplicationContext.log SessionListener: contextInitialized()
26-Mar-2022 21:58:29.569 INFO [main] org.apache.catalina.core.ApplicationContext.log ContextListener: attributeAdded('StockTicker', 'async.Stockticker@5b7ea70d')
26-Mar-2022 22:00:32.176 INFO [Thread-2] org.apache.catalina.core.ApplicationContext.log SessionListener: contextDestroyed()
26-Mar-2022 22:00:32.176 INFO [Thread-2] org.apache.catalina.core.ApplicationContext.log ContextListener: contextDestroyed()
26-Mar-2022 22:00:37.853 INFO [main] org.apache.catalina.core.ApplicationContext.log ContextListener: contextInitialized()
26-Mar-2022 22:00:37.862 INFO [main] org.apache.catalina.core.ApplicationContext.log SessionListener: contextInitialized()
26-Mar-2022 22:00:37.866 INFO [main] org.apache.catalina.core.ApplicationContext.log ContextListener: attributeAdded('StockTicker', 'async.Stockticker@4f2c9ba6')
26-Mar-2022 22:04:58.942 INFO [Thread-2] org.apache.catalina.core.ApplicationContext.log SessionListener: contextDestroyed()
26-Mar-2022 22:04:58.943 INFO [Thread-2] org.apache.catalina.core.ApplicationContext.log ContextListener: contextDestroyed()
26-Mar-2022 22:05:06.806 INFO [main] org.apache.catalina.core.ApplicationContext.log ContextListener: contextInitialized()
26-Mar-2022 22:05:06.806 INFO [main] org.apache.catalina.core.ApplicationContext.log SessionListener: contextInitialized()
26-Mar-2022 22:05:06.813 INFO [main] org.apache.catalina.core.ApplicationContext.log ContextListener: attributeAdded('StockTicker', 'async.Stockticker@5b7ea70d')
26-Mar-2022 22:07:18.213 INFO [Thread-2] org.apache.catalina.core.ApplicationContext.log SessionListener: contextDestroyed()
26-Mar-2022 22:07:18.213 INFO [Thread-2] org.apache.catalina.core.ApplicationContext.log ContextListener: contextDestroyed()
26-Mar-2022 22:07:23.900 INFO [main] org.apache.catalina.core.ApplicationContext.log ContextListener: contextInitialized()
26-Mar-2022 22:07:23.901 INFO [main] org.apache.catalina.core.ApplicationContext.log SessionListener: contextInitialized()
26-Mar-2022 22:07:23.906 INFO [main] org.apache.catalina.core.ApplicationContext.log ContextListener: attributeAdded('StockTicker', 'async.Stockticker@53f48368')
