10-Mar-2022 10:22:15.796 INFO [main] org.apache.catalina.core.ApplicationContext.log ContextListener: contextInitialized()
10-Mar-2022 10:22:15.799 INFO [main] org.apache.catalina.core.ApplicationContext.log SessionListener: contextInitialized()
10-Mar-2022 10:22:15.817 INFO [main] org.apache.catalina.core.ApplicationContext.log ContextListener: attributeAdded('StockTicker', 'async.Stockticker@2bef51f2')
10-Mar-2022 10:23:25.808 INFO [Thread-2] org.apache.catalina.core.ApplicationContext.log SessionListener: contextDestroyed()
10-Mar-2022 10:23:25.809 INFO [Thread-2] org.apache.catalina.core.ApplicationContext.log ContextListener: contextDestroyed()
10-Mar-2022 10:23:40.136 INFO [main] org.apache.catalina.core.ApplicationContext.log ContextListener: contextInitialized()
10-Mar-2022 10:23:40.136 INFO [main] org.apache.catalina.core.ApplicationContext.log SessionListener: contextInitialized()
10-Mar-2022 10:23:40.142 INFO [main] org.apache.catalina.core.ApplicationContext.log ContextListener: attributeAdded('StockTicker', 'async.Stockticker@24d4d7c9')
10-Mar-2022 10:23:44.165 INFO [http-nio-8080-exec-2] org.apache.catalina.core.ApplicationContext.log Marking servlet [EmployeesView] as unavailable
10-Mar-2022 10:23:44.165 SEVERE [http-nio-8080-exec-2] org.apache.catalina.core.StandardWrapperValve.invoke Allocate exception for servlet [EmployeesView]
	java.lang.NoClassDefFoundError: com/thinking/machines/hr/servlet/EmployeesView (wrong name: com/thinking/machines/hr/servlets/EmployeesView)
		at java.base/java.lang.ClassLoader.defineClass1(Native Method)
		at java.base/java.lang.ClassLoader.defineClass(ClassLoader.java:1017)
		at java.base/java.security.SecureClassLoader.defineClass(SecureClassLoader.java:151)
		at org.apache.catalina.loader.WebappClassLoaderBase.findClassInternal(WebappClassLoaderBase.java:2478)
		at org.apache.catalina.loader.WebappClassLoaderBase.findClass(WebappClassLoaderBase.java:870)
		at org.apache.catalina.loader.WebappClassLoaderBase.loadClass(WebappClassLoaderBase.java:1371)
		at org.apache.catalina.loader.WebappClassLoaderBase.loadClass(WebappClassLoaderBase.java:1215)
		at org.apache.catalina.core.DefaultInstanceManager.loadClass(DefaultInstanceManager.java:534)
		at org.apache.catalina.core.DefaultInstanceManager.loadClassMaybePrivileged(DefaultInstanceManager.java:515)
		at org.apache.catalina.core.DefaultInstanceManager.newInstance(DefaultInstanceManager.java:149)
		at org.apache.catalina.core.StandardWrapper.loadServlet(StandardWrapper.java:1070)
		at org.apache.catalina.core.StandardWrapper.allocate(StandardWrapper.java:788)
		at org.apache.catalina.core.StandardWrapperValve.invoke(StandardWrapperValve.java:128)
		at org.apache.catalina.core.StandardContextValve.invoke(StandardContextValve.java:97)
		at org.apache.catalina.authenticator.AuthenticatorBase.invoke(AuthenticatorBase.java:540)
		at org.apache.catalina.core.StandardHostValve.invoke(StandardHostValve.java:135)
		at org.apache.catalina.valves.ErrorReportValve.invoke(ErrorReportValve.java:92)
		at org.apache.catalina.valves.AbstractAccessLogValve.invoke(AbstractAccessLogValve.java:687)
		at org.apache.catalina.core.StandardEngineValve.invoke(StandardEngineValve.java:78)
		at org.apache.catalina.connector.CoyoteAdapter.service(CoyoteAdapter.java:357)
		at org.apache.coyote.http11.Http11Processor.service(Http11Processor.java:382)
		at org.apache.coyote.AbstractProcessorLight.process(AbstractProcessorLight.java:65)
		at org.apache.coyote.AbstractProtocol$ConnectionHandler.process(AbstractProtocol.java:895)
		at org.apache.tomcat.util.net.NioEndpoint$SocketProcessor.doRun(NioEndpoint.java:1732)
		at org.apache.tomcat.util.net.SocketProcessorBase.run(SocketProcessorBase.java:49)
		at org.apache.tomcat.util.threads.ThreadPoolExecutor.runWorker(ThreadPoolExecutor.java:1191)
		at org.apache.tomcat.util.threads.ThreadPoolExecutor$Worker.run(ThreadPoolExecutor.java:659)
		at org.apache.tomcat.util.threads.TaskThread$WrappingRunnable.run(TaskThread.java:61)
		at java.base/java.lang.Thread.run(Thread.java:832)
10-Mar-2022 10:24:21.935 INFO [Thread-2] org.apache.catalina.core.ApplicationContext.log SessionListener: contextDestroyed()
10-Mar-2022 10:24:21.936 INFO [Thread-2] org.apache.catalina.core.ApplicationContext.log ContextListener: contextDestroyed()
10-Mar-2022 10:24:28.017 INFO [main] org.apache.catalina.core.ApplicationContext.log ContextListener: contextInitialized()
10-Mar-2022 10:24:28.017 INFO [main] org.apache.catalina.core.ApplicationContext.log SessionListener: contextInitialized()
10-Mar-2022 10:24:28.025 INFO [main] org.apache.catalina.core.ApplicationContext.log ContextListener: attributeAdded('StockTicker', 'async.Stockticker@f79a760')
10-Mar-2022 10:32:04.937 INFO [Thread-2] org.apache.catalina.core.ApplicationContext.log SessionListener: contextDestroyed()
10-Mar-2022 10:32:04.938 INFO [Thread-2] org.apache.catalina.core.ApplicationContext.log ContextListener: contextDestroyed()
10-Mar-2022 10:32:10.885 INFO [main] org.apache.catalina.core.ApplicationContext.log ContextListener: contextInitialized()
10-Mar-2022 10:32:10.889 INFO [main] org.apache.catalina.core.ApplicationContext.log SessionListener: contextInitialized()
10-Mar-2022 10:32:10.893 INFO [main] org.apache.catalina.core.ApplicationContext.log ContextListener: attributeAdded('StockTicker', 'async.Stockticker@53f48368')
10-Mar-2022 10:34:10.455 INFO [Thread-2] org.apache.catalina.core.ApplicationContext.log SessionListener: contextDestroyed()
10-Mar-2022 10:34:10.456 INFO [Thread-2] org.apache.catalina.core.ApplicationContext.log ContextListener: contextDestroyed()
10-Mar-2022 10:34:16.162 INFO [main] org.apache.catalina.core.ApplicationContext.log ContextListener: contextInitialized()
10-Mar-2022 10:34:16.163 INFO [main] org.apache.catalina.core.ApplicationContext.log SessionListener: contextInitialized()
10-Mar-2022 10:34:16.170 INFO [main] org.apache.catalina.core.ApplicationContext.log ContextListener: attributeAdded('StockTicker', 'async.Stockticker@53f48368')
10-Mar-2022 11:45:10.746 INFO [Thread-2] org.apache.catalina.core.ApplicationContext.log SessionListener: contextDestroyed()
10-Mar-2022 11:45:10.746 INFO [Thread-2] org.apache.catalina.core.ApplicationContext.log ContextListener: contextDestroyed()
10-Mar-2022 11:45:19.113 INFO [main] org.apache.catalina.core.ApplicationContext.log ContextListener: contextInitialized()
10-Mar-2022 11:45:19.113 INFO [main] org.apache.catalina.core.ApplicationContext.log SessionListener: contextInitialized()
10-Mar-2022 11:45:19.118 INFO [main] org.apache.catalina.core.ApplicationContext.log ContextListener: attributeAdded('StockTicker', 'async.Stockticker@53f48368')
10-Mar-2022 11:49:13.376 INFO [Thread-2] org.apache.catalina.core.ApplicationContext.log SessionListener: contextDestroyed()
10-Mar-2022 11:49:13.377 INFO [Thread-2] org.apache.catalina.core.ApplicationContext.log ContextListener: contextDestroyed()
10-Mar-2022 11:51:19.945 INFO [main] org.apache.catalina.core.ApplicationContext.log ContextListener: contextInitialized()
10-Mar-2022 11:51:19.946 INFO [main] org.apache.catalina.core.ApplicationContext.log SessionListener: contextInitialized()
10-Mar-2022 11:51:19.951 INFO [main] org.apache.catalina.core.ApplicationContext.log ContextListener: attributeAdded('StockTicker', 'async.Stockticker@619bfe29')
10-Mar-2022 11:52:18.184 INFO [Thread-2] org.apache.catalina.core.ApplicationContext.log SessionListener: contextDestroyed()
10-Mar-2022 11:52:18.185 INFO [Thread-2] org.apache.catalina.core.ApplicationContext.log ContextListener: contextDestroyed()
10-Mar-2022 11:52:34.950 INFO [main] org.apache.catalina.core.ApplicationContext.log ContextListener: contextInitialized()
10-Mar-2022 11:52:34.958 INFO [main] org.apache.catalina.core.ApplicationContext.log SessionListener: contextInitialized()
10-Mar-2022 11:52:34.964 INFO [main] org.apache.catalina.core.ApplicationContext.log ContextListener: attributeAdded('StockTicker', 'async.Stockticker@652a7737')
10-Mar-2022 11:52:46.241 INFO [main] org.apache.catalina.core.ApplicationContext.log ContextListener: contextInitialized()
10-Mar-2022 11:52:46.241 INFO [main] org.apache.catalina.core.ApplicationContext.log SessionListener: contextInitialized()
10-Mar-2022 11:52:46.246 INFO [main] org.apache.catalina.core.ApplicationContext.log ContextListener: attributeAdded('StockTicker', 'async.Stockticker@13e3c1c7')
10-Mar-2022 11:52:48.248 INFO [main] org.apache.catalina.core.ApplicationContext.log SessionListener: contextDestroyed()
10-Mar-2022 11:52:48.248 INFO [main] org.apache.catalina.core.ApplicationContext.log ContextListener: contextDestroyed()
10-Mar-2022 11:54:12.562 INFO [Thread-2] org.apache.catalina.core.ApplicationContext.log SessionListener: contextDestroyed()
10-Mar-2022 11:54:12.562 INFO [Thread-2] org.apache.catalina.core.ApplicationContext.log ContextListener: contextDestroyed()
10-Mar-2022 11:54:18.627 INFO [main] org.apache.catalina.core.ApplicationContext.log ContextListener: contextInitialized()
10-Mar-2022 11:54:18.640 INFO [main] org.apache.catalina.core.ApplicationContext.log SessionListener: contextInitialized()
10-Mar-2022 11:54:18.644 INFO [main] org.apache.catalina.core.ApplicationContext.log ContextListener: attributeAdded('StockTicker', 'async.Stockticker@1e1d3956')
10-Mar-2022 11:55:10.676 INFO [Thread-2] org.apache.catalina.core.ApplicationContext.log SessionListener: contextDestroyed()
10-Mar-2022 11:55:10.677 INFO [Thread-2] org.apache.catalina.core.ApplicationContext.log ContextListener: contextDestroyed()
10-Mar-2022 11:55:16.634 INFO [main] org.apache.catalina.core.ApplicationContext.log ContextListener: contextInitialized()
10-Mar-2022 11:55:16.638 INFO [main] org.apache.catalina.core.ApplicationContext.log SessionListener: contextInitialized()
10-Mar-2022 11:55:16.644 INFO [main] org.apache.catalina.core.ApplicationContext.log ContextListener: attributeAdded('StockTicker', 'async.Stockticker@2bef51f2')
10-Mar-2022 11:56:31.235 INFO [Thread-2] org.apache.catalina.core.ApplicationContext.log SessionListener: contextDestroyed()
10-Mar-2022 11:56:31.235 INFO [Thread-2] org.apache.catalina.core.ApplicationContext.log ContextListener: contextDestroyed()
10-Mar-2022 11:56:37.097 INFO [main] org.apache.catalina.core.ApplicationContext.log ContextListener: contextInitialized()
10-Mar-2022 11:56:37.098 INFO [main] org.apache.catalina.core.ApplicationContext.log SessionListener: contextInitialized()
10-Mar-2022 11:56:37.104 INFO [main] org.apache.catalina.core.ApplicationContext.log ContextListener: attributeAdded('StockTicker', 'async.Stockticker@4e28bdd1')
10-Mar-2022 11:57:20.163 INFO [Thread-2] org.apache.catalina.core.ApplicationContext.log SessionListener: contextDestroyed()
10-Mar-2022 11:57:20.163 INFO [Thread-2] org.apache.catalina.core.ApplicationContext.log ContextListener: contextDestroyed()
10-Mar-2022 11:57:28.098 INFO [main] org.apache.catalina.core.ApplicationContext.log ContextListener: contextInitialized()
10-Mar-2022 11:57:28.100 INFO [main] org.apache.catalina.core.ApplicationContext.log SessionListener: contextInitialized()
10-Mar-2022 11:57:28.104 INFO [main] org.apache.catalina.core.ApplicationContext.log ContextListener: attributeAdded('StockTicker', 'async.Stockticker@650eab8')
10-Mar-2022 12:59:36.407 INFO [Thread-2] org.apache.catalina.core.ApplicationContext.log SessionListener: contextDestroyed()
10-Mar-2022 12:59:36.407 INFO [Thread-2] org.apache.catalina.core.ApplicationContext.log ContextListener: contextDestroyed()
10-Mar-2022 12:59:46.219 INFO [main] org.apache.catalina.core.ApplicationContext.log ContextListener: contextInitialized()
10-Mar-2022 12:59:46.246 INFO [main] org.apache.catalina.core.ApplicationContext.log SessionListener: contextInitialized()
10-Mar-2022 12:59:46.253 INFO [main] org.apache.catalina.core.ApplicationContext.log ContextListener: attributeAdded('StockTicker', 'async.Stockticker@5b7ea70d')
10-Mar-2022 13:00:38.388 INFO [Thread-2] org.apache.catalina.core.ApplicationContext.log SessionListener: contextDestroyed()
10-Mar-2022 13:00:38.388 INFO [Thread-2] org.apache.catalina.core.ApplicationContext.log ContextListener: contextDestroyed()
10-Mar-2022 13:00:44.128 INFO [main] org.apache.catalina.core.ApplicationContext.log ContextListener: contextInitialized()
10-Mar-2022 13:00:44.128 INFO [main] org.apache.catalina.core.ApplicationContext.log SessionListener: contextInitialized()
10-Mar-2022 13:00:44.135 INFO [main] org.apache.catalina.core.ApplicationContext.log ContextListener: attributeAdded('StockTicker', 'async.Stockticker@2bef51f2')
10-Mar-2022 13:01:41.209 INFO [Thread-2] org.apache.catalina.core.ApplicationContext.log SessionListener: contextDestroyed()
10-Mar-2022 13:01:41.210 INFO [Thread-2] org.apache.catalina.core.ApplicationContext.log ContextListener: contextDestroyed()
10-Mar-2022 13:01:49.075 INFO [main] org.apache.catalina.core.ApplicationContext.log ContextListener: contextInitialized()
10-Mar-2022 13:01:49.075 INFO [main] org.apache.catalina.core.ApplicationContext.log SessionListener: contextInitialized()
10-Mar-2022 13:01:49.084 INFO [main] org.apache.catalina.core.ApplicationContext.log ContextListener: attributeAdded('StockTicker', 'async.Stockticker@239b0f9d')
10-Mar-2022 13:07:29.375 INFO [Thread-2] org.apache.catalina.core.ApplicationContext.log SessionListener: contextDestroyed()
10-Mar-2022 13:07:29.375 INFO [Thread-2] org.apache.catalina.core.ApplicationContext.log ContextListener: contextDestroyed()
10-Mar-2022 13:07:36.457 INFO [main] org.apache.catalina.core.ApplicationContext.log ContextListener: contextInitialized()
10-Mar-2022 13:07:36.457 INFO [main] org.apache.catalina.core.ApplicationContext.log SessionListener: contextInitialized()
10-Mar-2022 13:07:36.461 INFO [main] org.apache.catalina.core.ApplicationContext.log ContextListener: attributeAdded('StockTicker', 'async.Stockticker@1e1d3956')
10-Mar-2022 13:09:07.592 INFO [Thread-2] org.apache.catalina.core.ApplicationContext.log SessionListener: contextDestroyed()
10-Mar-2022 13:09:07.593 INFO [Thread-2] org.apache.catalina.core.ApplicationContext.log ContextListener: contextDestroyed()
10-Mar-2022 13:09:13.151 INFO [main] org.apache.catalina.core.ApplicationContext.log ContextListener: contextInitialized()
10-Mar-2022 13:09:13.156 INFO [main] org.apache.catalina.core.ApplicationContext.log SessionListener: contextInitialized()
10-Mar-2022 13:09:13.163 INFO [main] org.apache.catalina.core.ApplicationContext.log ContextListener: attributeAdded('StockTicker', 'async.Stockticker@4e28bdd1')
10-Mar-2022 13:10:25.567 INFO [Thread-2] org.apache.catalina.core.ApplicationContext.log SessionListener: contextDestroyed()
10-Mar-2022 13:10:25.567 INFO [Thread-2] org.apache.catalina.core.ApplicationContext.log ContextListener: contextDestroyed()
10-Mar-2022 13:11:41.827 INFO [main] org.apache.catalina.core.ApplicationContext.log ContextListener: contextInitialized()
10-Mar-2022 13:11:41.827 INFO [main] org.apache.catalina.core.ApplicationContext.log SessionListener: contextInitialized()
10-Mar-2022 13:11:41.832 INFO [main] org.apache.catalina.core.ApplicationContext.log ContextListener: attributeAdded('StockTicker', 'async.Stockticker@650eab8')
10-Mar-2022 13:23:42.209 INFO [Thread-2] org.apache.catalina.core.ApplicationContext.log SessionListener: contextDestroyed()
10-Mar-2022 13:23:42.209 INFO [Thread-2] org.apache.catalina.core.ApplicationContext.log ContextListener: contextDestroyed()
10-Mar-2022 13:23:49.318 INFO [main] org.apache.catalina.core.ApplicationContext.log ContextListener: contextInitialized()
10-Mar-2022 13:23:49.322 INFO [main] org.apache.catalina.core.ApplicationContext.log SessionListener: contextInitialized()
10-Mar-2022 13:23:49.326 INFO [main] org.apache.catalina.core.ApplicationContext.log ContextListener: attributeAdded('StockTicker', 'async.Stockticker@4e28bdd1')
10-Mar-2022 13:25:09.066 INFO [Thread-2] org.apache.catalina.core.ApplicationContext.log SessionListener: contextDestroyed()
10-Mar-2022 13:25:09.066 INFO [Thread-2] org.apache.catalina.core.ApplicationContext.log ContextListener: contextDestroyed()
10-Mar-2022 13:25:14.484 INFO [main] org.apache.catalina.core.ApplicationContext.log ContextListener: contextInitialized()
10-Mar-2022 13:25:14.484 INFO [main] org.apache.catalina.core.ApplicationContext.log SessionListener: contextInitialized()
10-Mar-2022 13:25:14.492 INFO [main] org.apache.catalina.core.ApplicationContext.log ContextListener: attributeAdded('StockTicker', 'async.Stockticker@5b7ea70d')
10-Mar-2022 13:26:02.555 INFO [Thread-2] org.apache.catalina.core.ApplicationContext.log SessionListener: contextDestroyed()
10-Mar-2022 13:26:02.555 INFO [Thread-2] org.apache.catalina.core.ApplicationContext.log ContextListener: contextDestroyed()
10-Mar-2022 13:26:07.899 INFO [main] org.apache.catalina.core.ApplicationContext.log ContextListener: contextInitialized()
10-Mar-2022 13:26:07.899 INFO [main] org.apache.catalina.core.ApplicationContext.log SessionListener: contextInitialized()
10-Mar-2022 13:26:07.903 INFO [main] org.apache.catalina.core.ApplicationContext.log ContextListener: attributeAdded('StockTicker', 'async.Stockticker@1eb6749b')
10-Mar-2022 13:37:42.775 INFO [main] org.apache.catalina.core.ApplicationContext.log ContextListener: contextInitialized()
10-Mar-2022 13:37:42.775 INFO [main] org.apache.catalina.core.ApplicationContext.log SessionListener: contextInitialized()
10-Mar-2022 13:37:42.789 INFO [main] org.apache.catalina.core.ApplicationContext.log ContextListener: attributeAdded('StockTicker', 'async.Stockticker@5b40ceb')
10-Mar-2022 13:37:45.754 INFO [main] org.apache.catalina.core.ApplicationContext.log SessionListener: contextDestroyed()
10-Mar-2022 13:37:45.755 INFO [main] org.apache.catalina.core.ApplicationContext.log ContextListener: contextDestroyed()
10-Mar-2022 13:37:52.226 INFO [main] org.apache.catalina.core.ApplicationContext.log ContextListener: contextInitialized()
10-Mar-2022 13:37:52.246 INFO [main] org.apache.catalina.core.ApplicationContext.log SessionListener: contextInitialized()
10-Mar-2022 13:37:52.251 INFO [main] org.apache.catalina.core.ApplicationContext.log ContextListener: attributeAdded('StockTicker', 'async.Stockticker@5316e95f')
10-Mar-2022 13:37:54.193 INFO [main] org.apache.catalina.core.ApplicationContext.log SessionListener: contextDestroyed()
10-Mar-2022 13:37:54.194 INFO [main] org.apache.catalina.core.ApplicationContext.log ContextListener: contextDestroyed()
10-Mar-2022 13:38:20.717 INFO [Thread-2] org.apache.catalina.core.ApplicationContext.log SessionListener: contextDestroyed()
10-Mar-2022 13:38:20.718 INFO [Thread-2] org.apache.catalina.core.ApplicationContext.log ContextListener: contextDestroyed()
10-Mar-2022 13:38:27.400 INFO [main] org.apache.catalina.core.ApplicationContext.log ContextListener: contextInitialized()
10-Mar-2022 13:38:27.405 INFO [main] org.apache.catalina.core.ApplicationContext.log SessionListener: contextInitialized()
10-Mar-2022 13:38:27.410 INFO [main] org.apache.catalina.core.ApplicationContext.log ContextListener: attributeAdded('StockTicker', 'async.Stockticker@5b7ea70d')
10-Mar-2022 13:49:08.646 INFO [Thread-2] org.apache.catalina.core.ApplicationContext.log SessionListener: contextDestroyed()
10-Mar-2022 13:49:08.646 INFO [Thread-2] org.apache.catalina.core.ApplicationContext.log ContextListener: contextDestroyed()
10-Mar-2022 13:49:22.054 INFO [main] org.apache.catalina.core.ApplicationContext.log ContextListener: contextInitialized()
10-Mar-2022 13:49:22.059 INFO [main] org.apache.catalina.core.ApplicationContext.log SessionListener: contextInitialized()
10-Mar-2022 13:49:22.062 INFO [main] org.apache.catalina.core.ApplicationContext.log ContextListener: attributeAdded('StockTicker', 'async.Stockticker@24d4d7c9')
10-Mar-2022 13:50:14.004 INFO [Thread-2] org.apache.catalina.core.ApplicationContext.log SessionListener: contextDestroyed()
10-Mar-2022 13:50:14.005 INFO [Thread-2] org.apache.catalina.core.ApplicationContext.log ContextListener: contextDestroyed()
10-Mar-2022 13:50:21.009 INFO [main] org.apache.catalina.core.ApplicationContext.log ContextListener: contextInitialized()
10-Mar-2022 13:50:21.011 INFO [main] org.apache.catalina.core.ApplicationContext.log SessionListener: contextInitialized()
10-Mar-2022 13:50:21.017 INFO [main] org.apache.catalina.core.ApplicationContext.log ContextListener: attributeAdded('StockTicker', 'async.Stockticker@24d4d7c9')
10-Mar-2022 13:52:26.792 INFO [Thread-2] org.apache.catalina.core.ApplicationContext.log SessionListener: contextDestroyed()
10-Mar-2022 13:52:26.793 INFO [Thread-2] org.apache.catalina.core.ApplicationContext.log ContextListener: contextDestroyed()
10-Mar-2022 13:52:55.340 INFO [main] org.apache.catalina.core.ApplicationContext.log ContextListener: contextInitialized()
10-Mar-2022 13:52:55.343 INFO [main] org.apache.catalina.core.ApplicationContext.log SessionListener: contextInitialized()
10-Mar-2022 13:52:55.348 INFO [main] org.apache.catalina.core.ApplicationContext.log ContextListener: attributeAdded('StockTicker', 'async.Stockticker@2bef51f2')
10-Mar-2022 13:54:44.232 INFO [Thread-2] org.apache.catalina.core.ApplicationContext.log SessionListener: contextDestroyed()
10-Mar-2022 13:54:44.232 INFO [Thread-2] org.apache.catalina.core.ApplicationContext.log ContextListener: contextDestroyed()
10-Mar-2022 13:54:49.570 INFO [main] org.apache.catalina.core.ApplicationContext.log ContextListener: contextInitialized()
10-Mar-2022 13:54:49.571 INFO [main] org.apache.catalina.core.ApplicationContext.log SessionListener: contextInitialized()
10-Mar-2022 13:54:49.575 INFO [main] org.apache.catalina.core.ApplicationContext.log ContextListener: attributeAdded('StockTicker', 'async.Stockticker@24d4d7c9')
10-Mar-2022 13:55:34.368 INFO [Thread-2] org.apache.catalina.core.ApplicationContext.log SessionListener: contextDestroyed()
10-Mar-2022 13:55:34.368 INFO [Thread-2] org.apache.catalina.core.ApplicationContext.log ContextListener: contextDestroyed()
10-Mar-2022 13:55:40.192 INFO [main] org.apache.catalina.core.ApplicationContext.log ContextListener: contextInitialized()
10-Mar-2022 13:55:40.196 INFO [main] org.apache.catalina.core.ApplicationContext.log SessionListener: contextInitialized()
10-Mar-2022 13:55:40.200 INFO [main] org.apache.catalina.core.ApplicationContext.log ContextListener: attributeAdded('StockTicker', 'async.Stockticker@650eab8')
10-Mar-2022 13:56:39.659 INFO [Thread-2] org.apache.catalina.core.ApplicationContext.log SessionListener: contextDestroyed()
10-Mar-2022 13:56:39.659 INFO [Thread-2] org.apache.catalina.core.ApplicationContext.log ContextListener: contextDestroyed()
10-Mar-2022 13:56:44.824 INFO [main] org.apache.catalina.core.ApplicationContext.log ContextListener: contextInitialized()
10-Mar-2022 13:56:44.834 INFO [main] org.apache.catalina.core.ApplicationContext.log SessionListener: contextInitialized()
10-Mar-2022 13:56:44.837 INFO [main] org.apache.catalina.core.ApplicationContext.log ContextListener: attributeAdded('StockTicker', 'async.Stockticker@5b7ea70d')
10-Mar-2022 13:58:35.712 INFO [Thread-2] org.apache.catalina.core.ApplicationContext.log SessionListener: contextDestroyed()
10-Mar-2022 13:58:35.713 INFO [Thread-2] org.apache.catalina.core.ApplicationContext.log ContextListener: contextDestroyed()
10-Mar-2022 13:58:42.210 INFO [main] org.apache.catalina.core.ApplicationContext.log ContextListener: contextInitialized()
10-Mar-2022 13:58:42.210 INFO [main] org.apache.catalina.core.ApplicationContext.log SessionListener: contextInitialized()
10-Mar-2022 13:58:42.215 INFO [main] org.apache.catalina.core.ApplicationContext.log ContextListener: attributeAdded('StockTicker', 'async.Stockticker@4e28bdd1')
10-Mar-2022 14:00:17.920 INFO [Thread-2] org.apache.catalina.core.ApplicationContext.log SessionListener: contextDestroyed()
10-Mar-2022 14:00:17.920 INFO [Thread-2] org.apache.catalina.core.ApplicationContext.log ContextListener: contextDestroyed()
10-Mar-2022 14:00:24.050 INFO [main] org.apache.catalina.core.ApplicationContext.log ContextListener: contextInitialized()
10-Mar-2022 14:00:24.051 INFO [main] org.apache.catalina.core.ApplicationContext.log SessionListener: contextInitialized()
10-Mar-2022 14:00:24.058 INFO [main] org.apache.catalina.core.ApplicationContext.log ContextListener: attributeAdded('StockTicker', 'async.Stockticker@53f48368')
10-Mar-2022 14:00:54.195 INFO [Thread-2] org.apache.catalina.core.ApplicationContext.log SessionListener: contextDestroyed()
10-Mar-2022 14:00:54.196 INFO [Thread-2] org.apache.catalina.core.ApplicationContext.log ContextListener: contextDestroyed()
10-Mar-2022 14:01:02.257 INFO [main] org.apache.catalina.core.ApplicationContext.log ContextListener: contextInitialized()
10-Mar-2022 14:01:02.257 INFO [main] org.apache.catalina.core.ApplicationContext.log SessionListener: contextInitialized()
10-Mar-2022 14:01:02.260 INFO [main] org.apache.catalina.core.ApplicationContext.log ContextListener: attributeAdded('StockTicker', 'async.Stockticker@5b7ea70d')
10-Mar-2022 14:01:40.860 INFO [Thread-2] org.apache.catalina.core.ApplicationContext.log SessionListener: contextDestroyed()
10-Mar-2022 14:01:40.860 INFO [Thread-2] org.apache.catalina.core.ApplicationContext.log ContextListener: contextDestroyed()
10-Mar-2022 14:01:46.592 INFO [main] org.apache.catalina.core.ApplicationContext.log ContextListener: contextInitialized()
10-Mar-2022 14:01:46.593 INFO [main] org.apache.catalina.core.ApplicationContext.log SessionListener: contextInitialized()
10-Mar-2022 14:01:46.597 INFO [main] org.apache.catalina.core.ApplicationContext.log ContextListener: attributeAdded('StockTicker', 'async.Stockticker@650eab8')
10-Mar-2022 14:02:45.610 INFO [Thread-2] org.apache.catalina.core.ApplicationContext.log SessionListener: contextDestroyed()
10-Mar-2022 14:02:45.610 INFO [Thread-2] org.apache.catalina.core.ApplicationContext.log ContextListener: contextDestroyed()
10-Mar-2022 14:02:50.712 INFO [main] org.apache.catalina.core.ApplicationContext.log ContextListener: contextInitialized()
10-Mar-2022 14:02:50.717 INFO [main] org.apache.catalina.core.ApplicationContext.log SessionListener: contextInitialized()
10-Mar-2022 14:02:50.720 INFO [main] org.apache.catalina.core.ApplicationContext.log ContextListener: attributeAdded('StockTicker', 'async.Stockticker@24d4d7c9')
10-Mar-2022 14:03:45.806 INFO [Thread-2] org.apache.catalina.core.ApplicationContext.log SessionListener: contextDestroyed()
10-Mar-2022 14:03:45.806 INFO [Thread-2] org.apache.catalina.core.ApplicationContext.log ContextListener: contextDestroyed()
10-Mar-2022 14:03:50.763 INFO [main] org.apache.catalina.core.ApplicationContext.log ContextListener: contextInitialized()
10-Mar-2022 14:03:50.764 INFO [main] org.apache.catalina.core.ApplicationContext.log SessionListener: contextInitialized()
10-Mar-2022 14:03:50.768 INFO [main] org.apache.catalina.core.ApplicationContext.log ContextListener: attributeAdded('StockTicker', 'async.Stockticker@24d4d7c9')
10-Mar-2022 14:04:54.937 INFO [Thread-2] org.apache.catalina.core.ApplicationContext.log SessionListener: contextDestroyed()
10-Mar-2022 14:04:54.940 INFO [Thread-2] org.apache.catalina.core.ApplicationContext.log ContextListener: contextDestroyed()
10-Mar-2022 14:05:00.113 INFO [main] org.apache.catalina.core.ApplicationContext.log ContextListener: contextInitialized()
10-Mar-2022 14:05:00.113 INFO [main] org.apache.catalina.core.ApplicationContext.log SessionListener: contextInitialized()
10-Mar-2022 14:05:00.117 INFO [main] org.apache.catalina.core.ApplicationContext.log ContextListener: attributeAdded('StockTicker', 'async.Stockticker@53f48368')
10-Mar-2022 14:05:20.315 INFO [Thread-2] org.apache.catalina.core.ApplicationContext.log SessionListener: contextDestroyed()
10-Mar-2022 14:05:20.315 INFO [Thread-2] org.apache.catalina.core.ApplicationContext.log ContextListener: contextDestroyed()
10-Mar-2022 14:05:26.080 INFO [main] org.apache.catalina.core.ApplicationContext.log ContextListener: contextInitialized()
10-Mar-2022 14:05:26.080 INFO [main] org.apache.catalina.core.ApplicationContext.log SessionListener: contextInitialized()
10-Mar-2022 14:05:26.085 INFO [main] org.apache.catalina.core.ApplicationContext.log ContextListener: attributeAdded('StockTicker', 'async.Stockticker@f79a760')
10-Mar-2022 14:07:57.042 INFO [Thread-2] org.apache.catalina.core.ApplicationContext.log SessionListener: contextDestroyed()
10-Mar-2022 14:07:57.043 INFO [Thread-2] org.apache.catalina.core.ApplicationContext.log ContextListener: contextDestroyed()
10-Mar-2022 14:08:03.683 INFO [main] org.apache.catalina.core.ApplicationContext.log ContextListener: contextInitialized()
10-Mar-2022 14:08:03.685 INFO [main] org.apache.catalina.core.ApplicationContext.log SessionListener: contextInitialized()
10-Mar-2022 14:08:03.697 INFO [main] org.apache.catalina.core.ApplicationContext.log ContextListener: attributeAdded('StockTicker', 'async.Stockticker@2bef51f2')
10-Mar-2022 14:08:12.862 INFO [main] org.apache.catalina.core.ApplicationContext.log ContextListener: contextInitialized()
10-Mar-2022 14:08:12.862 INFO [main] org.apache.catalina.core.ApplicationContext.log SessionListener: contextInitialized()
10-Mar-2022 14:08:12.869 INFO [main] org.apache.catalina.core.ApplicationContext.log ContextListener: attributeAdded('StockTicker', 'async.Stockticker@4e28bdd1')
10-Mar-2022 14:12:59.833 INFO [Thread-2] org.apache.catalina.core.ApplicationContext.log SessionListener: contextDestroyed()
10-Mar-2022 14:12:59.834 INFO [Thread-2] org.apache.catalina.core.ApplicationContext.log ContextListener: contextDestroyed()
10-Mar-2022 14:13:27.012 INFO [main] org.apache.catalina.core.ApplicationContext.log ContextListener: contextInitialized()
10-Mar-2022 14:13:27.016 INFO [main] org.apache.catalina.core.ApplicationContext.log SessionListener: contextInitialized()
10-Mar-2022 14:13:27.022 INFO [main] org.apache.catalina.core.ApplicationContext.log ContextListener: attributeAdded('StockTicker', 'async.Stockticker@53f48368')
10-Mar-2022 14:14:08.664 INFO [Thread-2] org.apache.catalina.core.ApplicationContext.log SessionListener: contextDestroyed()
10-Mar-2022 14:14:08.664 INFO [Thread-2] org.apache.catalina.core.ApplicationContext.log ContextListener: contextDestroyed()
10-Mar-2022 14:14:16.609 INFO [main] org.apache.catalina.core.ApplicationContext.log ContextListener: contextInitialized()
10-Mar-2022 14:14:16.609 INFO [main] org.apache.catalina.core.ApplicationContext.log SessionListener: contextInitialized()
10-Mar-2022 14:14:16.614 INFO [main] org.apache.catalina.core.ApplicationContext.log ContextListener: attributeAdded('StockTicker', 'async.Stockticker@30f5a68a')
10-Mar-2022 14:17:11.476 INFO [Thread-2] org.apache.catalina.core.ApplicationContext.log SessionListener: contextDestroyed()
10-Mar-2022 14:17:11.476 INFO [Thread-2] org.apache.catalina.core.ApplicationContext.log ContextListener: contextDestroyed()
10-Mar-2022 14:17:17.966 INFO [main] org.apache.catalina.core.ApplicationContext.log ContextListener: contextInitialized()
10-Mar-2022 14:17:17.966 INFO [main] org.apache.catalina.core.ApplicationContext.log SessionListener: contextInitialized()
10-Mar-2022 14:17:17.970 INFO [main] org.apache.catalina.core.ApplicationContext.log ContextListener: attributeAdded('StockTicker', 'async.Stockticker@30f5a68a')
10-Mar-2022 14:18:54.053 INFO [Thread-2] org.apache.catalina.core.ApplicationContext.log SessionListener: contextDestroyed()
10-Mar-2022 14:18:54.053 INFO [Thread-2] org.apache.catalina.core.ApplicationContext.log ContextListener: contextDestroyed()
10-Mar-2022 14:18:59.971 INFO [main] org.apache.catalina.core.ApplicationContext.log ContextListener: contextInitialized()
10-Mar-2022 14:18:59.973 INFO [main] org.apache.catalina.core.ApplicationContext.log SessionListener: contextInitialized()
10-Mar-2022 14:18:59.976 INFO [main] org.apache.catalina.core.ApplicationContext.log ContextListener: attributeAdded('StockTicker', 'async.Stockticker@1e1d3956')
10-Mar-2022 14:19:44.074 INFO [Thread-2] org.apache.catalina.core.ApplicationContext.log SessionListener: contextDestroyed()
10-Mar-2022 14:19:44.074 INFO [Thread-2] org.apache.catalina.core.ApplicationContext.log ContextListener: contextDestroyed()
10-Mar-2022 14:19:52.227 INFO [main] org.apache.catalina.core.ApplicationContext.log ContextListener: contextInitialized()
10-Mar-2022 14:19:52.228 INFO [main] org.apache.catalina.core.ApplicationContext.log SessionListener: contextInitialized()
10-Mar-2022 14:19:52.232 INFO [main] org.apache.catalina.core.ApplicationContext.log ContextListener: attributeAdded('StockTicker', 'async.Stockticker@239b0f9d')
10-Mar-2022 14:20:39.825 INFO [Thread-2] org.apache.catalina.core.ApplicationContext.log SessionListener: contextDestroyed()
10-Mar-2022 14:20:39.825 INFO [Thread-2] org.apache.catalina.core.ApplicationContext.log ContextListener: contextDestroyed()
10-Mar-2022 14:20:45.080 INFO [main] org.apache.catalina.core.ApplicationContext.log ContextListener: contextInitialized()
10-Mar-2022 14:20:45.081 INFO [main] org.apache.catalina.core.ApplicationContext.log SessionListener: contextInitialized()
10-Mar-2022 14:20:45.085 INFO [main] org.apache.catalina.core.ApplicationContext.log ContextListener: attributeAdded('StockTicker', 'async.Stockticker@53f48368')
