28-Mar-2022 07:38:47.490 INFO [main] org.apache.catalina.core.ApplicationContext.log ContextListener: contextInitialized()
28-Mar-2022 07:38:47.490 INFO [main] org.apache.catalina.core.ApplicationContext.log SessionListener: contextInitialized()
28-Mar-2022 07:38:47.501 INFO [main] org.apache.catalina.core.ApplicationContext.log ContextListener: attributeAdded('StockTicker', 'async.Stockticker@652a7737')
28-Mar-2022 17:44:33.135 INFO [main] org.apache.catalina.core.ApplicationContext.log ContextListener: contextInitialized()
28-Mar-2022 17:44:33.135 INFO [main] org.apache.catalina.core.ApplicationContext.log SessionListener: contextInitialized()
28-Mar-2022 17:44:33.140 INFO [main] org.apache.catalina.core.ApplicationContext.log ContextListener: attributeAdded('StockTicker', 'async.Stockticker@1e1d3956')
28-Mar-2022 17:45:54.703 INFO [Thread-2] org.apache.catalina.core.ApplicationContext.log SessionListener: contextDestroyed()
28-Mar-2022 17:45:54.705 INFO [Thread-2] org.apache.catalina.core.ApplicationContext.log ContextListener: contextDestroyed()
28-Mar-2022 17:46:08.379 INFO [main] org.apache.catalina.core.ApplicationContext.log ContextListener: contextInitialized()
28-Mar-2022 17:46:08.382 INFO [main] org.apache.catalina.core.ApplicationContext.log SessionListener: contextInitialized()
28-Mar-2022 17:46:08.386 INFO [main] org.apache.catalina.core.ApplicationContext.log ContextListener: attributeAdded('StockTicker', 'async.Stockticker@24d4d7c9')
28-Mar-2022 17:51:40.235 INFO [Thread-2] org.apache.catalina.core.ApplicationContext.log SessionListener: contextDestroyed()
28-Mar-2022 17:51:40.235 INFO [Thread-2] org.apache.catalina.core.ApplicationContext.log ContextListener: contextDestroyed()
28-Mar-2022 17:51:45.765 INFO [main] org.apache.catalina.core.ApplicationContext.log ContextListener: contextInitialized()
28-Mar-2022 17:51:45.765 INFO [main] org.apache.catalina.core.ApplicationContext.log SessionListener: contextInitialized()
28-Mar-2022 17:51:45.774 INFO [main] org.apache.catalina.core.ApplicationContext.log ContextListener: attributeAdded('StockTicker', 'async.Stockticker@1e1d3956')
28-Mar-2022 17:52:18.363 INFO [Thread-2] org.apache.catalina.core.ApplicationContext.log SessionListener: contextDestroyed()
28-Mar-2022 17:52:18.363 INFO [Thread-2] org.apache.catalina.core.ApplicationContext.log ContextListener: contextDestroyed()
28-Mar-2022 17:52:24.489 INFO [main] org.apache.catalina.core.ApplicationContext.log ContextListener: contextInitialized()
28-Mar-2022 17:52:24.489 INFO [main] org.apache.catalina.core.ApplicationContext.log SessionListener: contextInitialized()
28-Mar-2022 17:52:24.497 INFO [main] org.apache.catalina.core.ApplicationContext.log ContextListener: attributeAdded('StockTicker', 'async.Stockticker@24d4d7c9')
28-Mar-2022 17:54:02.342 INFO [Thread-2] org.apache.catalina.core.ApplicationContext.log SessionListener: contextDestroyed()
28-Mar-2022 17:54:02.342 INFO [Thread-2] org.apache.catalina.core.ApplicationContext.log ContextListener: contextDestroyed()
28-Mar-2022 17:54:08.586 INFO [main] org.apache.catalina.core.ApplicationContext.log ContextListener: contextInitialized()
28-Mar-2022 17:54:08.590 INFO [main] org.apache.catalina.core.ApplicationContext.log SessionListener: contextInitialized()
28-Mar-2022 17:54:08.594 INFO [main] org.apache.catalina.core.ApplicationContext.log ContextListener: attributeAdded('StockTicker', 'async.Stockticker@4f2c9ba6')
28-Mar-2022 17:55:05.482 INFO [Thread-2] org.apache.catalina.core.ApplicationContext.log SessionListener: contextDestroyed()
28-Mar-2022 17:55:05.482 INFO [Thread-2] org.apache.catalina.core.ApplicationContext.log ContextListener: contextDestroyed()
28-Mar-2022 17:55:10.702 INFO [main] org.apache.catalina.core.ApplicationContext.log ContextListener: contextInitialized()
28-Mar-2022 17:55:10.702 INFO [main] org.apache.catalina.core.ApplicationContext.log SessionListener: contextInitialized()
28-Mar-2022 17:55:10.706 INFO [main] org.apache.catalina.core.ApplicationContext.log ContextListener: attributeAdded('StockTicker', 'async.Stockticker@652a7737')
28-Mar-2022 17:56:22.910 INFO [Thread-2] org.apache.catalina.core.ApplicationContext.log SessionListener: contextDestroyed()
28-Mar-2022 17:56:22.910 INFO [Thread-2] org.apache.catalina.core.ApplicationContext.log ContextListener: contextDestroyed()
28-Mar-2022 17:56:28.468 INFO [main] org.apache.catalina.core.ApplicationContext.log ContextListener: contextInitialized()
28-Mar-2022 17:56:28.468 INFO [main] org.apache.catalina.core.ApplicationContext.log SessionListener: contextInitialized()
28-Mar-2022 17:56:28.473 INFO [main] org.apache.catalina.core.ApplicationContext.log ContextListener: attributeAdded('StockTicker', 'async.Stockticker@53f48368')
28-Mar-2022 17:57:25.149 INFO [Thread-2] org.apache.catalina.core.ApplicationContext.log SessionListener: contextDestroyed()
28-Mar-2022 17:57:25.149 INFO [Thread-2] org.apache.catalina.core.ApplicationContext.log ContextListener: contextDestroyed()
28-Mar-2022 17:57:30.713 INFO [main] org.apache.catalina.core.ApplicationContext.log ContextListener: contextInitialized()
28-Mar-2022 17:57:30.713 INFO [main] org.apache.catalina.core.ApplicationContext.log SessionListener: contextInitialized()
28-Mar-2022 17:57:30.719 INFO [main] org.apache.catalina.core.ApplicationContext.log ContextListener: attributeAdded('StockTicker', 'async.Stockticker@24d4d7c9')
28-Mar-2022 17:57:58.527 INFO [Thread-2] org.apache.catalina.core.ApplicationContext.log SessionListener: contextDestroyed()
28-Mar-2022 17:57:58.527 INFO [Thread-2] org.apache.catalina.core.ApplicationContext.log ContextListener: contextDestroyed()
28-Mar-2022 17:58:04.903 INFO [main] org.apache.catalina.core.ApplicationContext.log ContextListener: contextInitialized()
28-Mar-2022 17:58:04.904 INFO [main] org.apache.catalina.core.ApplicationContext.log SessionListener: contextInitialized()
28-Mar-2022 17:58:04.906 INFO [main] org.apache.catalina.core.ApplicationContext.log ContextListener: attributeAdded('StockTicker', 'async.Stockticker@2bef51f2')
28-Mar-2022 17:58:46.758 INFO [Thread-2] org.apache.catalina.core.ApplicationContext.log SessionListener: contextDestroyed()
28-Mar-2022 17:58:46.758 INFO [Thread-2] org.apache.catalina.core.ApplicationContext.log ContextListener: contextDestroyed()
28-Mar-2022 17:58:53.615 INFO [main] org.apache.catalina.core.ApplicationContext.log ContextListener: contextInitialized()
28-Mar-2022 17:58:53.615 INFO [main] org.apache.catalina.core.ApplicationContext.log SessionListener: contextInitialized()
28-Mar-2022 17:58:53.622 INFO [main] org.apache.catalina.core.ApplicationContext.log ContextListener: attributeAdded('StockTicker', 'async.Stockticker@650eab8')
28-Mar-2022 17:59:52.112 INFO [Thread-2] org.apache.catalina.core.ApplicationContext.log SessionListener: contextDestroyed()
28-Mar-2022 17:59:52.112 INFO [Thread-2] org.apache.catalina.core.ApplicationContext.log ContextListener: contextDestroyed()
28-Mar-2022 17:59:57.290 INFO [main] org.apache.catalina.core.ApplicationContext.log ContextListener: contextInitialized()
28-Mar-2022 17:59:57.290 INFO [main] org.apache.catalina.core.ApplicationContext.log SessionListener: contextInitialized()
28-Mar-2022 17:59:57.306 INFO [main] org.apache.catalina.core.ApplicationContext.log ContextListener: attributeAdded('StockTicker', 'async.Stockticker@2bef51f2')
28-Mar-2022 18:04:56.338 INFO [Thread-2] org.apache.catalina.core.ApplicationContext.log SessionListener: contextDestroyed()
28-Mar-2022 18:04:56.338 INFO [Thread-2] org.apache.catalina.core.ApplicationContext.log ContextListener: contextDestroyed()
28-Mar-2022 18:05:01.404 INFO [main] org.apache.catalina.core.ApplicationContext.log ContextListener: contextInitialized()
28-Mar-2022 18:05:01.405 INFO [main] org.apache.catalina.core.ApplicationContext.log SessionListener: contextInitialized()
28-Mar-2022 18:05:01.411 INFO [main] org.apache.catalina.core.ApplicationContext.log ContextListener: attributeAdded('StockTicker', 'async.Stockticker@4e28bdd1')
28-Mar-2022 18:05:52.103 INFO [Thread-2] org.apache.catalina.core.ApplicationContext.log SessionListener: contextDestroyed()
28-Mar-2022 18:05:52.103 INFO [Thread-2] org.apache.catalina.core.ApplicationContext.log ContextListener: contextDestroyed()
28-Mar-2022 18:06:01.804 INFO [main] org.apache.catalina.core.ApplicationContext.log ContextListener: contextInitialized()
28-Mar-2022 18:06:01.804 INFO [main] org.apache.catalina.core.ApplicationContext.log SessionListener: contextInitialized()
28-Mar-2022 18:06:01.809 INFO [main] org.apache.catalina.core.ApplicationContext.log ContextListener: attributeAdded('StockTicker', 'async.Stockticker@f79a760')
28-Mar-2022 18:09:05.775 INFO [Thread-2] org.apache.catalina.core.ApplicationContext.log SessionListener: contextDestroyed()
28-Mar-2022 18:09:05.775 INFO [Thread-2] org.apache.catalina.core.ApplicationContext.log ContextListener: contextDestroyed()
28-Mar-2022 18:09:11.467 INFO [main] org.apache.catalina.core.ApplicationContext.log ContextListener: contextInitialized()
28-Mar-2022 18:09:11.474 INFO [main] org.apache.catalina.core.ApplicationContext.log SessionListener: contextInitialized()
28-Mar-2022 18:09:11.479 INFO [main] org.apache.catalina.core.ApplicationContext.log ContextListener: attributeAdded('StockTicker', 'async.Stockticker@5b057c8c')
28-Mar-2022 18:09:59.641 INFO [Thread-2] org.apache.catalina.core.ApplicationContext.log SessionListener: contextDestroyed()
28-Mar-2022 18:09:59.641 INFO [Thread-2] org.apache.catalina.core.ApplicationContext.log ContextListener: contextDestroyed()
28-Mar-2022 18:10:05.653 INFO [main] org.apache.catalina.core.ApplicationContext.log ContextListener: contextInitialized()
28-Mar-2022 18:10:05.653 INFO [main] org.apache.catalina.core.ApplicationContext.log SessionListener: contextInitialized()
28-Mar-2022 18:10:05.659 INFO [main] org.apache.catalina.core.ApplicationContext.log ContextListener: attributeAdded('StockTicker', 'async.Stockticker@4f2c9ba6')
28-Mar-2022 18:11:13.238 INFO [Thread-2] org.apache.catalina.core.ApplicationContext.log SessionListener: contextDestroyed()
28-Mar-2022 18:11:13.238 INFO [Thread-2] org.apache.catalina.core.ApplicationContext.log ContextListener: contextDestroyed()
28-Mar-2022 18:11:29.622 INFO [main] org.apache.catalina.core.ApplicationContext.log ContextListener: contextInitialized()
28-Mar-2022 18:11:29.622 INFO [main] org.apache.catalina.core.ApplicationContext.log SessionListener: contextInitialized()
28-Mar-2022 18:11:29.626 INFO [main] org.apache.catalina.core.ApplicationContext.log ContextListener: attributeAdded('StockTicker', 'async.Stockticker@53f48368')
28-Mar-2022 18:12:16.227 INFO [Thread-2] org.apache.catalina.core.ApplicationContext.log SessionListener: contextDestroyed()
28-Mar-2022 18:12:16.227 INFO [Thread-2] org.apache.catalina.core.ApplicationContext.log ContextListener: contextDestroyed()
28-Mar-2022 18:12:21.860 INFO [main] org.apache.catalina.core.ApplicationContext.log ContextListener: contextInitialized()
28-Mar-2022 18:12:21.865 INFO [main] org.apache.catalina.core.ApplicationContext.log SessionListener: contextInitialized()
28-Mar-2022 18:12:21.868 INFO [main] org.apache.catalina.core.ApplicationContext.log ContextListener: attributeAdded('StockTicker', 'async.Stockticker@652a7737')
28-Mar-2022 18:13:12.701 INFO [Thread-2] org.apache.catalina.core.ApplicationContext.log SessionListener: contextDestroyed()
28-Mar-2022 18:13:12.701 INFO [Thread-2] org.apache.catalina.core.ApplicationContext.log ContextListener: contextDestroyed()
28-Mar-2022 18:13:17.814 INFO [main] org.apache.catalina.core.ApplicationContext.log ContextListener: contextInitialized()
28-Mar-2022 18:13:17.814 INFO [main] org.apache.catalina.core.ApplicationContext.log SessionListener: contextInitialized()
28-Mar-2022 18:13:17.817 INFO [main] org.apache.catalina.core.ApplicationContext.log ContextListener: attributeAdded('StockTicker', 'async.Stockticker@239b0f9d')
28-Mar-2022 20:50:12.869 INFO [Thread-2] org.apache.catalina.core.ApplicationContext.log SessionListener: contextDestroyed()
28-Mar-2022 20:50:12.869 INFO [Thread-2] org.apache.catalina.core.ApplicationContext.log ContextListener: contextDestroyed()
28-Mar-2022 20:50:20.628 INFO [main] org.apache.catalina.core.ApplicationContext.log ContextListener: contextInitialized()
28-Mar-2022 20:50:20.628 INFO [main] org.apache.catalina.core.ApplicationContext.log SessionListener: contextInitialized()
28-Mar-2022 20:50:20.636 INFO [main] org.apache.catalina.core.ApplicationContext.log ContextListener: attributeAdded('StockTicker', 'async.Stockticker@53f48368')
28-Mar-2022 20:50:42.013 INFO [Thread-2] org.apache.catalina.core.ApplicationContext.log SessionListener: contextDestroyed()
28-Mar-2022 20:50:42.014 INFO [Thread-2] org.apache.catalina.core.ApplicationContext.log ContextListener: contextDestroyed()
28-Mar-2022 20:50:49.205 INFO [main] org.apache.catalina.core.ApplicationContext.log ContextListener: contextInitialized()
28-Mar-2022 20:50:49.210 INFO [main] org.apache.catalina.core.ApplicationContext.log SessionListener: contextInitialized()
28-Mar-2022 20:50:49.214 INFO [main] org.apache.catalina.core.ApplicationContext.log ContextListener: attributeAdded('StockTicker', 'async.Stockticker@5b057c8c')
28-Mar-2022 20:56:40.050 INFO [Thread-2] org.apache.catalina.core.ApplicationContext.log SessionListener: contextDestroyed()
28-Mar-2022 20:56:40.050 INFO [Thread-2] org.apache.catalina.core.ApplicationContext.log ContextListener: contextDestroyed()
28-Mar-2022 20:56:45.189 INFO [main] org.apache.catalina.core.ApplicationContext.log ContextListener: contextInitialized()
28-Mar-2022 20:56:45.191 INFO [main] org.apache.catalina.core.ApplicationContext.log SessionListener: contextInitialized()
28-Mar-2022 20:56:45.197 INFO [main] org.apache.catalina.core.ApplicationContext.log ContextListener: attributeAdded('StockTicker', 'async.Stockticker@4f2c9ba6')
28-Mar-2022 21:01:41.088 INFO [Thread-2] org.apache.catalina.core.ApplicationContext.log SessionListener: contextDestroyed()
28-Mar-2022 21:01:41.088 INFO [Thread-2] org.apache.catalina.core.ApplicationContext.log ContextListener: contextDestroyed()
28-Mar-2022 21:01:48.420 INFO [main] org.apache.catalina.core.ApplicationContext.log ContextListener: contextInitialized()
28-Mar-2022 21:01:48.422 INFO [main] org.apache.catalina.core.ApplicationContext.log SessionListener: contextInitialized()
28-Mar-2022 21:01:48.426 INFO [main] org.apache.catalina.core.ApplicationContext.log ContextListener: attributeAdded('StockTicker', 'async.Stockticker@30f5a68a')
28-Mar-2022 21:04:10.945 INFO [Thread-2] org.apache.catalina.core.ApplicationContext.log SessionListener: contextDestroyed()
28-Mar-2022 21:04:10.946 INFO [Thread-2] org.apache.catalina.core.ApplicationContext.log ContextListener: contextDestroyed()
28-Mar-2022 21:04:16.986 INFO [main] org.apache.catalina.core.ApplicationContext.log ContextListener: contextInitialized()
28-Mar-2022 21:04:16.987 INFO [main] org.apache.catalina.core.ApplicationContext.log SessionListener: contextInitialized()
28-Mar-2022 21:04:16.990 INFO [main] org.apache.catalina.core.ApplicationContext.log ContextListener: attributeAdded('StockTicker', 'async.Stockticker@4e28bdd1')
28-Mar-2022 21:06:45.992 INFO [Thread-2] org.apache.catalina.core.ApplicationContext.log SessionListener: contextDestroyed()
28-Mar-2022 21:06:45.993 INFO [Thread-2] org.apache.catalina.core.ApplicationContext.log ContextListener: contextDestroyed()
28-Mar-2022 21:06:51.464 INFO [main] org.apache.catalina.core.ApplicationContext.log ContextListener: contextInitialized()
28-Mar-2022 21:06:51.470 INFO [main] org.apache.catalina.core.ApplicationContext.log SessionListener: contextInitialized()
28-Mar-2022 21:06:51.473 INFO [main] org.apache.catalina.core.ApplicationContext.log ContextListener: attributeAdded('StockTicker', 'async.Stockticker@4e28bdd1')
28-Mar-2022 21:07:20.036 INFO [Thread-2] org.apache.catalina.core.ApplicationContext.log SessionListener: contextDestroyed()
28-Mar-2022 21:07:20.036 INFO [Thread-2] org.apache.catalina.core.ApplicationContext.log ContextListener: contextDestroyed()
28-Mar-2022 21:07:25.267 INFO [main] org.apache.catalina.core.ApplicationContext.log ContextListener: contextInitialized()
28-Mar-2022 21:07:25.267 INFO [main] org.apache.catalina.core.ApplicationContext.log SessionListener: contextInitialized()
28-Mar-2022 21:07:25.271 INFO [main] org.apache.catalina.core.ApplicationContext.log ContextListener: attributeAdded('StockTicker', 'async.Stockticker@5b7ea70d')
